[23-Feb-2021 18:33:09 America/New_York] PHP Fatal error:  Uncaught Google\Cloud\Core\Exception\ServiceException: {
  "error": {
    "code": 403,
    "message": "This API method requires billing to be enabled. Please enable billing on project #389454686402 by visiting https://console.developers.google.com/billing/enable?project=389454686402 then retry. If you enabled billing for this project recently, wait a few minutes for the action to propagate to our systems and retry.",
    "status": "PERMISSION_DENIED",
    "details": [
      {
        "@type": "type.googleapis.com/google.rpc.Help",
        "links": [
          {
            "description": "Google developers console billing",
            "url": "https://console.developers.google.com/billing/enable?project=389454686402"
          }
        ]
      },
      {
        "@type": "type.googleapis.com/google.rpc.ErrorInfo",
        "reason": "BILLING_DISABLED",
        "domain": "googleapis.com",
        "metadata": {
          "consumer": "projects/389454686402",
          "service": "vision.googleapis.com"
        } in /home/whenqklv/coupondis.se/assig2/vendor/google/cloud-core/src/RequestWrapper.php on line 368
[23-Feb-2021 18:38:27 America/New_York] PHP Fatal error:  Uncaught Google\Cloud\Core\Exception\ServiceException: {
  "error": {
    "code": 403,
    "message": "This API method requires billing to be enabled. Please enable billing on project #389454686402 by visiting https://console.developers.google.com/billing/enable?project=389454686402 then retry. If you enabled billing for this project recently, wait a few minutes for the action to propagate to our systems and retry.",
    "status": "PERMISSION_DENIED",
    "details": [
      {
        "@type": "type.googleapis.com/google.rpc.Help",
        "links": [
          {
            "description": "Google developers console billing",
            "url": "https://console.developers.google.com/billing/enable?project=389454686402"
          }
        ]
      },
      {
        "@type": "type.googleapis.com/google.rpc.ErrorInfo",
        "reason": "BILLING_DISABLED",
        "domain": "googleapis.com",
        "metadata": {
          "service": "vision.googleapis.com",
          "consumer": "projects/389454686402"
        } in /home/whenqklv/coupondis.se/assig2/vendor/google/cloud-core/src/RequestWrapper.php on line 368
[23-Feb-2021 19:24:59 America/New_York] PHP Fatal error:  Uncaught Google\Cloud\Core\Exception\ServiceException: {
  "error": {
    "code": 403,
    "message": "This API method requires billing to be enabled. Please enable billing on project #389454686402 by visiting https://console.developers.google.com/billing/enable?project=389454686402 then retry. If you enabled billing for this project recently, wait a few minutes for the action to propagate to our systems and retry.",
    "status": "PERMISSION_DENIED",
    "details": [
      {
        "@type": "type.googleapis.com/google.rpc.Help",
        "links": [
          {
            "description": "Google developers console billing",
            "url": "https://console.developers.google.com/billing/enable?project=389454686402"
          }
        ]
      },
      {
        "@type": "type.googleapis.com/google.rpc.ErrorInfo",
        "reason": "BILLING_DISABLED",
        "domain": "googleapis.com",
        "metadata": {
          "service": "vision.googleapis.com",
          "consumer": "projects/389454686402"
        } in /home/whenqklv/coupondis.se/assig2/vendor/google/cloud-core/src/RequestWrapper.php on line 368
[24-Feb-2021 08:27:30 America/New_York] PHP Fatal error:  Uncaught Google\Cloud\Core\Exception\ServiceException: {
  "error": {
    "code": 403,
    "message": "This API method requires billing to be enabled. Please enable billing on project #389454686402 by visiting https://console.developers.google.com/billing/enable?project=389454686402 then retry. If you enabled billing for this project recently, wait a few minutes for the action to propagate to our systems and retry.",
    "status": "PERMISSION_DENIED",
    "details": [
      {
        "@type": "type.googleapis.com/google.rpc.Help",
        "links": [
          {
            "description": "Google developers console billing",
            "url": "https://console.developers.google.com/billing/enable?project=389454686402"
          }
        ]
      },
      {
        "@type": "type.googleapis.com/google.rpc.ErrorInfo",
        "reason": "BILLING_DISABLED",
        "domain": "googleapis.com",
        "metadata": {
          "service": "vision.googleapis.com",
          "consumer": "projects/389454686402"
        } in /home/whenqklv/coupondis.se/assig2/vendor/google/cloud-core/src/RequestWrapper.php on line 368
[24-Feb-2021 08:47:54 America/New_York] PHP Fatal error:  Uncaught Google\Cloud\Core\Exception\ServiceException: {
  "error": {
    "code": 403,
    "message": "This API method requires billing to be enabled. Please enable billing on project #389454686402 by visiting https://console.developers.google.com/billing/enable?project=389454686402 then retry. If you enabled billing for this project recently, wait a few minutes for the action to propagate to our systems and retry.",
    "status": "PERMISSION_DENIED",
    "details": [
      {
        "@type": "type.googleapis.com/google.rpc.Help",
        "links": [
          {
            "description": "Google developers console billing",
            "url": "https://console.developers.google.com/billing/enable?project=389454686402"
          }
        ]
      },
      {
        "@type": "type.googleapis.com/google.rpc.ErrorInfo",
        "reason": "BILLING_DISABLED",
        "domain": "googleapis.com",
        "metadata": {
          "consumer": "projects/389454686402",
          "service": "vision.googleapis.com"
        } in /home/whenqklv/coupondis.se/assig2/vendor/google/cloud-core/src/RequestWrapper.php on line 368
[24-Feb-2021 09:16:02 America/New_York] PHP Fatal error:  Uncaught Google\Cloud\Core\Exception\ServiceException: {
  "error": {
    "code": 403,
    "message": "This API method requires billing to be enabled. Please enable billing on project #389454686402 by visiting https://console.developers.google.com/billing/enable?project=389454686402 then retry. If you enabled billing for this project recently, wait a few minutes for the action to propagate to our systems and retry.",
    "status": "PERMISSION_DENIED",
    "details": [
      {
        "@type": "type.googleapis.com/google.rpc.Help",
        "links": [
          {
            "description": "Google developers console billing",
            "url": "https://console.developers.google.com/billing/enable?project=389454686402"
          }
        ]
      },
      {
        "@type": "type.googleapis.com/google.rpc.ErrorInfo",
        "reason": "BILLING_DISABLED",
        "domain": "googleapis.com",
        "metadata": {
          "service": "vision.googleapis.com",
          "consumer": "projects/389454686402"
        } in /home/whenqklv/coupondis.se/assig2/vendor/google/cloud-core/src/RequestWrapper.php on line 368
[24-Feb-2021 09:16:28 America/New_York] PHP Fatal error:  Uncaught Google\Cloud\Core\Exception\ServiceException: {
  "error": {
    "code": 403,
    "message": "This API method requires billing to be enabled. Please enable billing on project #389454686402 by visiting https://console.developers.google.com/billing/enable?project=389454686402 then retry. If you enabled billing for this project recently, wait a few minutes for the action to propagate to our systems and retry.",
    "status": "PERMISSION_DENIED",
    "details": [
      {
        "@type": "type.googleapis.com/google.rpc.Help",
        "links": [
          {
            "description": "Google developers console billing",
            "url": "https://console.developers.google.com/billing/enable?project=389454686402"
          }
        ]
      },
      {
        "@type": "type.googleapis.com/google.rpc.ErrorInfo",
        "reason": "BILLING_DISABLED",
        "domain": "googleapis.com",
        "metadata": {
          "service": "vision.googleapis.com",
          "consumer": "projects/389454686402"
        } in /home/whenqklv/coupondis.se/assig2/vendor/google/cloud-core/src/RequestWrapper.php on line 368
[24-Feb-2021 09:16:34 America/New_York] PHP Fatal error:  Uncaught Google\Cloud\Core\Exception\ServiceException: {
  "error": {
    "code": 403,
    "message": "This API method requires billing to be enabled. Please enable billing on project #389454686402 by visiting https://console.developers.google.com/billing/enable?project=389454686402 then retry. If you enabled billing for this project recently, wait a few minutes for the action to propagate to our systems and retry.",
    "status": "PERMISSION_DENIED",
    "details": [
      {
        "@type": "type.googleapis.com/google.rpc.Help",
        "links": [
          {
            "description": "Google developers console billing",
            "url": "https://console.developers.google.com/billing/enable?project=389454686402"
          }
        ]
      },
      {
        "@type": "type.googleapis.com/google.rpc.ErrorInfo",
        "reason": "BILLING_DISABLED",
        "domain": "googleapis.com",
        "metadata": {
          "consumer": "projects/389454686402",
          "service": "vision.googleapis.com"
        } in /home/whenqklv/coupondis.se/assig2/vendor/google/cloud-core/src/RequestWrapper.php on line 368
[25-Feb-2021 10:52:34 America/New_York] PHP Fatal error:  Uncaught Google\Cloud\Core\Exception\ServiceException: {
  "error": {
    "code": 403,
    "message": "This API method requires billing to be enabled. Please enable billing on project #389454686402 by visiting https://console.developers.google.com/billing/enable?project=389454686402 then retry. If you enabled billing for this project recently, wait a few minutes for the action to propagate to our systems and retry.",
    "status": "PERMISSION_DENIED",
    "details": [
      {
        "@type": "type.googleapis.com/google.rpc.Help",
        "links": [
          {
            "description": "Google developers console billing",
            "url": "https://console.developers.google.com/billing/enable?project=389454686402"
          }
        ]
      },
      {
        "@type": "type.googleapis.com/google.rpc.ErrorInfo",
        "reason": "BILLING_DISABLED",
        "domain": "googleapis.com",
        "metadata": {
          "consumer": "projects/389454686402",
          "service": "vision.googleapis.com"
        } in /home/whenqklv/coupondis.se/assig2/vendor/google/cloud-core/src/RequestWrapper.php on line 368
[27-Feb-2021 18:03:47 America/New_York] PHP Notice:  Undefined index: image in /home/whenqklv/coupondis.se/assig2/check.php on line 7
[27-Feb-2021 18:03:47 America/New_York] PHP Warning:  fopen(): Filename cannot be empty in /home/whenqklv/coupondis.se/assig2/check.php on line 7
[27-Feb-2021 18:03:47 America/New_York] PHP Fatal error:  Uncaught InvalidArgumentException: Given image is not valid. Image must be a string of bytes, a google storage object, a valid image URI, or a resource. in /home/whenqklv/coupondis.se/assig2/vendor/google/cloud-vision/src/Image.php:254
Stack trace:
#0 /home/whenqklv/coupondis.se/assig2/vendor/google/cloud-vision/src/VisionClient.php(165): Google\Cloud\Vision\Image->__construct(false, Array, Array)
#1 /home/whenqklv/coupondis.se/assig2/check.php(9): Google\Cloud\Vision\VisionClient->image(false, Array)
#2 {main}
  thrown in /home/whenqklv/coupondis.se/assig2/vendor/google/cloud-vision/src/Image.php on line 254
[27-Feb-2021 18:16:41 America/New_York] PHP Notice:  Undefined index: image in /home/whenqklv/coupondis.se/assig2/check.php on line 7
[27-Feb-2021 18:16:41 America/New_York] PHP Warning:  fopen(): Filename cannot be empty in /home/whenqklv/coupondis.se/assig2/check.php on line 7
[27-Feb-2021 18:16:41 America/New_York] PHP Fatal error:  Uncaught InvalidArgumentException: Given image is not valid. Image must be a string of bytes, a google storage object, a valid image URI, or a resource. in /home/whenqklv/coupondis.se/assig2/vendor/google/cloud-vision/src/Image.php:254
Stack trace:
#0 /home/whenqklv/coupondis.se/assig2/vendor/google/cloud-vision/src/VisionClient.php(165): Google\Cloud\Vision\Image->__construct(false, Array, Array)
#1 /home/whenqklv/coupondis.se/assig2/check.php(11): Google\Cloud\Vision\VisionClient->image(false, Array)
#2 {main}
  thrown in /home/whenqklv/coupondis.se/assig2/vendor/google/cloud-vision/src/Image.php on line 254
[27-Feb-2021 18:49:17 America/New_York] PHP Notice:  Undefined index: image in /home/whenqklv/coupondis.se/assig2/check.php on line 7
[27-Feb-2021 18:49:17 America/New_York] PHP Warning:  fopen(): Filename cannot be empty in /home/whenqklv/coupondis.se/assig2/check.php on line 7
[27-Feb-2021 18:49:17 America/New_York] PHP Fatal error:  Uncaught InvalidArgumentException: Given image is not valid. Image must be a string of bytes, a google storage object, a valid image URI, or a resource. in /home/whenqklv/coupondis.se/assig2/vendor/google/cloud-vision/src/Image.php:254
Stack trace:
#0 /home/whenqklv/coupondis.se/assig2/vendor/google/cloud-vision/src/VisionClient.php(165): Google\Cloud\Vision\Image->__construct(false, Array, Array)
#1 /home/whenqklv/coupondis.se/assig2/check.php(11): Google\Cloud\Vision\VisionClient->image(false, Array)
#2 {main}
  thrown in /home/whenqklv/coupondis.se/assig2/vendor/google/cloud-vision/src/Image.php on line 254
[27-Feb-2021 18:49:26 America/New_York] PHP Notice:  Undefined index: image in /home/whenqklv/coupondis.se/assig2/check.php on line 7
[27-Feb-2021 18:49:26 America/New_York] PHP Warning:  fopen(): Filename cannot be empty in /home/whenqklv/coupondis.se/assig2/check.php on line 7
[27-Feb-2021 18:49:26 America/New_York] PHP Fatal error:  Uncaught InvalidArgumentException: Given image is not valid. Image must be a string of bytes, a google storage object, a valid image URI, or a resource. in /home/whenqklv/coupondis.se/assig2/vendor/google/cloud-vision/src/Image.php:254
Stack trace:
#0 /home/whenqklv/coupondis.se/assig2/vendor/google/cloud-vision/src/VisionClient.php(165): Google\Cloud\Vision\Image->__construct(false, Array, Array)
#1 /home/whenqklv/coupondis.se/assig2/check.php(11): Google\Cloud\Vision\VisionClient->image(false, Array)
#2 {main}
  thrown in /home/whenqklv/coupondis.se/assig2/vendor/google/cloud-vision/src/Image.php on line 254
[27-Feb-2021 18:50:22 America/New_York] PHP Warning:  fopen(): Filename cannot be empty in /home/whenqklv/coupondis.se/assig2/check.php on line 7
[27-Feb-2021 18:50:22 America/New_York] PHP Fatal error:  Uncaught InvalidArgumentException: Given image is not valid. Image must be a string of bytes, a google storage object, a valid image URI, or a resource. in /home/whenqklv/coupondis.se/assig2/vendor/google/cloud-vision/src/Image.php:254
Stack trace:
#0 /home/whenqklv/coupondis.se/assig2/vendor/google/cloud-vision/src/VisionClient.php(165): Google\Cloud\Vision\Image->__construct(false, Array, Array)
#1 /home/whenqklv/coupondis.se/assig2/check.php(11): Google\Cloud\Vision\VisionClient->image(false, Array)
#2 {main}
  thrown in /home/whenqklv/coupondis.se/assig2/vendor/google/cloud-vision/src/Image.php on line 254
[27-Feb-2021 19:46:11 America/New_York] PHP Warning:  move_uploaded_file(https://coupondis.se/assig2/feed/123.jpg): failed to open stream: HTTP wrapper does not support writeable connections in /home/whenqklv/coupondis.se/assig2/check.php on line 24
[27-Feb-2021 19:46:11 America/New_York] PHP Warning:  move_uploaded_file(): Unable to move '/tmp/phpi5mZft' to 'https://coupondis.se/assig2/feed/123.jpg' in /home/whenqklv/coupondis.se/assig2/check.php on line 24
[27-Feb-2021 20:09:53 America/New_York] PHP Notice:  Undefined variable: imagetoken in /home/whenqklv/coupondis.se/assig2/check.php on line 23
[27-Feb-2021 20:54:20 America/New_York] PHP Notice:  Undefined index: image in /home/whenqklv/coupondis.se/assig2/check.php on line 11
[27-Feb-2021 20:54:20 America/New_York] PHP Warning:  fopen(): Filename cannot be empty in /home/whenqklv/coupondis.se/assig2/check.php on line 11
[27-Feb-2021 20:54:20 America/New_York] PHP Fatal error:  Uncaught InvalidArgumentException: Given image is not valid. Image must be a string of bytes, a google storage object, a valid image URI, or a resource. in /home/whenqklv/coupondis.se/assig2/vendor/google/cloud-vision/src/Image.php:254
Stack trace:
#0 /home/whenqklv/coupondis.se/assig2/vendor/google/cloud-vision/src/VisionClient.php(165): Google\Cloud\Vision\Image->__construct(false, Array, Array)
#1 /home/whenqklv/coupondis.se/assig2/check.php(14): Google\Cloud\Vision\VisionClient->image(false, Array)
#2 {main}
  thrown in /home/whenqklv/coupondis.se/assig2/vendor/google/cloud-vision/src/Image.php on line 254
[28-Feb-2021 01:27:32 America/New_York] PHP Notice:  Undefined index: image in /home/whenqklv/coupondis.se/assig2/check.php on line 7
[28-Feb-2021 01:27:32 America/New_York] PHP Warning:  fopen(): Filename cannot be empty in /home/whenqklv/coupondis.se/assig2/check.php on line 7
[28-Feb-2021 01:27:32 America/New_York] PHP Fatal error:  Uncaught InvalidArgumentException: Given image is not valid. Image must be a string of bytes, a google storage object, a valid image URI, or a resource. in /home/whenqklv/coupondis.se/assig2/vendor/google/cloud-vision/src/Image.php:254
Stack trace:
#0 /home/whenqklv/coupondis.se/assig2/vendor/google/cloud-vision/src/VisionClient.php(165): Google\Cloud\Vision\Image->__construct(false, Array, Array)
#1 /home/whenqklv/coupondis.se/assig2/check.php(9): Google\Cloud\Vision\VisionClient->image(false, Array)
#2 {main}
  thrown in /home/whenqklv/coupondis.se/assig2/vendor/google/cloud-vision/src/Image.php on line 254
[28-Feb-2021 01:28:07 America/New_York] PHP Notice:  Undefined index: image in /home/whenqklv/coupondis.se/assig2/check.php on line 7
[28-Feb-2021 01:28:07 America/New_York] PHP Warning:  fopen(): Filename cannot be empty in /home/whenqklv/coupondis.se/assig2/check.php on line 7
[28-Feb-2021 01:28:07 America/New_York] PHP Fatal error:  Uncaught InvalidArgumentException: Given image is not valid. Image must be a string of bytes, a google storage object, a valid image URI, or a resource. in /home/whenqklv/coupondis.se/assig2/vendor/google/cloud-vision/src/Image.php:254
Stack trace:
#0 /home/whenqklv/coupondis.se/assig2/vendor/google/cloud-vision/src/VisionClient.php(165): Google\Cloud\Vision\Image->__construct(false, Array, Array)
#1 /home/whenqklv/coupondis.se/assig2/check.php(9): Google\Cloud\Vision\VisionClient->image(false, Array)
#2 {main}
  thrown in /home/whenqklv/coupondis.se/assig2/vendor/google/cloud-vision/src/Image.php on line 254
[28-Feb-2021 01:28:09 America/New_York] PHP Notice:  Undefined index: image in /home/whenqklv/coupondis.se/assig2/check.php on line 7
[28-Feb-2021 01:28:09 America/New_York] PHP Warning:  fopen(): Filename cannot be empty in /home/whenqklv/coupondis.se/assig2/check.php on line 7
[28-Feb-2021 01:28:09 America/New_York] PHP Fatal error:  Uncaught InvalidArgumentException: Given image is not valid. Image must be a string of bytes, a google storage object, a valid image URI, or a resource. in /home/whenqklv/coupondis.se/assig2/vendor/google/cloud-vision/src/Image.php:254
Stack trace:
#0 /home/whenqklv/coupondis.se/assig2/vendor/google/cloud-vision/src/VisionClient.php(165): Google\Cloud\Vision\Image->__construct(false, Array, Array)
#1 /home/whenqklv/coupondis.se/assig2/check.php(9): Google\Cloud\Vision\VisionClient->image(false, Array)
#2 {main}
  thrown in /home/whenqklv/coupondis.se/assig2/vendor/google/cloud-vision/src/Image.php on line 254
[28-Feb-2021 01:49:32 America/New_York] PHP Notice:  Undefined index: image in /home/whenqklv/coupondis.se/assig2/check.php on line 7
[28-Feb-2021 01:49:32 America/New_York] PHP Warning:  fopen(): Filename cannot be empty in /home/whenqklv/coupondis.se/assig2/check.php on line 7
[28-Feb-2021 01:49:32 America/New_York] PHP Fatal error:  Uncaught InvalidArgumentException: Given image is not valid. Image must be a string of bytes, a google storage object, a valid image URI, or a resource. in /home/whenqklv/coupondis.se/assig2/vendor/google/cloud-vision/src/Image.php:254
Stack trace:
#0 /home/whenqklv/coupondis.se/assig2/vendor/google/cloud-vision/src/VisionClient.php(165): Google\Cloud\Vision\Image->__construct(false, Array, Array)
#1 /home/whenqklv/coupondis.se/assig2/check.php(9): Google\Cloud\Vision\VisionClient->image(false, Array)
#2 {main}
  thrown in /home/whenqklv/coupondis.se/assig2/vendor/google/cloud-vision/src/Image.php on line 254
[28-Feb-2021 02:21:17 America/New_York] PHP Notice:  Undefined index: image in /home/whenqklv/coupondis.se/assig2/check.php on line 7
[28-Feb-2021 02:21:17 America/New_York] PHP Warning:  fopen(): Filename cannot be empty in /home/whenqklv/coupondis.se/assig2/check.php on line 7
[28-Feb-2021 02:21:17 America/New_York] PHP Fatal error:  Uncaught InvalidArgumentException: Given image is not valid. Image must be a string of bytes, a google storage object, a valid image URI, or a resource. in /home/whenqklv/coupondis.se/assig2/vendor/google/cloud-vision/src/Image.php:254
Stack trace:
#0 /home/whenqklv/coupondis.se/assig2/vendor/google/cloud-vision/src/VisionClient.php(165): Google\Cloud\Vision\Image->__construct(false, Array, Array)
#1 /home/whenqklv/coupondis.se/assig2/check.php(9): Google\Cloud\Vision\VisionClient->image(false, Array)
#2 {main}
  thrown in /home/whenqklv/coupondis.se/assig2/vendor/google/cloud-vision/src/Image.php on line 254
[28-Feb-2021 02:21:31 America/New_York] PHP Warning:  include(faces.php): failed to open stream: No such file or directory in /home/whenqklv/coupondis.se/assig2/check.php on line 112
[28-Feb-2021 02:21:31 America/New_York] PHP Warning:  include(faces.php): failed to open stream: No such file or directory in /home/whenqklv/coupondis.se/assig2/check.php on line 112
[28-Feb-2021 02:21:31 America/New_York] PHP Warning:  include(): Failed opening 'faces.php' for inclusion (include_path='.:/opt/alt/php72/usr/share/pear') in /home/whenqklv/coupondis.se/assig2/check.php on line 112
[28-Feb-2021 02:21:31 America/New_York] PHP Warning:  include(labels.php): failed to open stream: No such file or directory in /home/whenqklv/coupondis.se/assig2/check.php on line 120
[28-Feb-2021 02:21:31 America/New_York] PHP Warning:  include(labels.php): failed to open stream: No such file or directory in /home/whenqklv/coupondis.se/assig2/check.php on line 120
[28-Feb-2021 02:21:31 America/New_York] PHP Warning:  include(): Failed opening 'labels.php' for inclusion (include_path='.:/opt/alt/php72/usr/share/pear') in /home/whenqklv/coupondis.se/assig2/check.php on line 120
[28-Feb-2021 02:21:31 America/New_York] PHP Warning:  include(web.php): failed to open stream: No such file or directory in /home/whenqklv/coupondis.se/assig2/check.php on line 128
[28-Feb-2021 02:21:31 America/New_York] PHP Warning:  include(web.php): failed to open stream: No such file or directory in /home/whenqklv/coupondis.se/assig2/check.php on line 128
[28-Feb-2021 02:21:31 America/New_York] PHP Warning:  include(): Failed opening 'web.php' for inclusion (include_path='.:/opt/alt/php72/usr/share/pear') in /home/whenqklv/coupondis.se/assig2/check.php on line 128
[28-Feb-2021 02:21:31 America/New_York] PHP Warning:  include(properties.php): failed to open stream: No such file or directory in /home/whenqklv/coupondis.se/assig2/check.php on line 136
[28-Feb-2021 02:21:31 America/New_York] PHP Warning:  include(properties.php): failed to open stream: No such file or directory in /home/whenqklv/coupondis.se/assig2/check.php on line 136
[28-Feb-2021 02:21:31 America/New_York] PHP Warning:  include(): Failed opening 'properties.php' for inclusion (include_path='.:/opt/alt/php72/usr/share/pear') in /home/whenqklv/coupondis.se/assig2/check.php on line 136
[28-Feb-2021 02:21:31 America/New_York] PHP Warning:  include(safesearch.php): failed to open stream: No such file or directory in /home/whenqklv/coupondis.se/assig2/check.php on line 144
[28-Feb-2021 02:21:31 America/New_York] PHP Warning:  include(safesearch.php): failed to open stream: No such file or directory in /home/whenqklv/coupondis.se/assig2/check.php on line 144
[28-Feb-2021 02:21:31 America/New_York] PHP Warning:  include(): Failed opening 'safesearch.php' for inclusion (include_path='.:/opt/alt/php72/usr/share/pear') in /home/whenqklv/coupondis.se/assig2/check.php on line 144
[28-Feb-2021 02:21:31 America/New_York] PHP Warning:  include(landmarks.php): failed to open stream: No such file or directory in /home/whenqklv/coupondis.se/assig2/check.php on line 152
[28-Feb-2021 02:21:31 America/New_York] PHP Warning:  include(landmarks.php): failed to open stream: No such file or directory in /home/whenqklv/coupondis.se/assig2/check.php on line 152
[28-Feb-2021 02:21:31 America/New_York] PHP Warning:  include(): Failed opening 'landmarks.php' for inclusion (include_path='.:/opt/alt/php72/usr/share/pear') in /home/whenqklv/coupondis.se/assig2/check.php on line 152
[28-Feb-2021 02:21:31 America/New_York] PHP Warning:  include(logos.php): failed to open stream: No such file or directory in /home/whenqklv/coupondis.se/assig2/check.php on line 160
[28-Feb-2021 02:21:31 America/New_York] PHP Warning:  include(logos.php): failed to open stream: No such file or directory in /home/whenqklv/coupondis.se/assig2/check.php on line 160
[28-Feb-2021 02:21:31 America/New_York] PHP Warning:  include(): Failed opening 'logos.php' for inclusion (include_path='.:/opt/alt/php72/usr/share/pear') in /home/whenqklv/coupondis.se/assig2/check.php on line 160
[28-Feb-2021 02:23:31 America/New_York] PHP Notice:  Undefined index: image in /home/whenqklv/coupondis.se/assig2/check.php on line 7
[28-Feb-2021 02:23:31 America/New_York] PHP Warning:  fopen(): Filename cannot be empty in /home/whenqklv/coupondis.se/assig2/check.php on line 7
[28-Feb-2021 02:23:31 America/New_York] PHP Fatal error:  Uncaught InvalidArgumentException: Given image is not valid. Image must be a string of bytes, a google storage object, a valid image URI, or a resource. in /home/whenqklv/coupondis.se/assig2/vendor/google/cloud-vision/src/Image.php:254
Stack trace:
#0 /home/whenqklv/coupondis.se/assig2/vendor/google/cloud-vision/src/VisionClient.php(165): Google\Cloud\Vision\Image->__construct(false, Array, Array)
#1 /home/whenqklv/coupondis.se/assig2/check.php(9): Google\Cloud\Vision\VisionClient->image(false, Array)
#2 {main}
  thrown in /home/whenqklv/coupondis.se/assig2/vendor/google/cloud-vision/src/Image.php on line 254
[28-Feb-2021 02:24:02 America/New_York] PHP Warning:  include(faces.php): failed to open stream: No such file or directory in /home/whenqklv/coupondis.se/assig2/check.php on line 112
[28-Feb-2021 02:24:02 America/New_York] PHP Warning:  include(faces.php): failed to open stream: No such file or directory in /home/whenqklv/coupondis.se/assig2/check.php on line 112
[28-Feb-2021 02:24:02 America/New_York] PHP Warning:  include(): Failed opening 'faces.php' for inclusion (include_path='.:/opt/alt/php72/usr/share/pear') in /home/whenqklv/coupondis.se/assig2/check.php on line 112
[28-Feb-2021 02:24:02 America/New_York] PHP Warning:  include(labels.php): failed to open stream: No such file or directory in /home/whenqklv/coupondis.se/assig2/check.php on line 120
[28-Feb-2021 02:24:02 America/New_York] PHP Warning:  include(labels.php): failed to open stream: No such file or directory in /home/whenqklv/coupondis.se/assig2/check.php on line 120
[28-Feb-2021 02:24:02 America/New_York] PHP Warning:  include(): Failed opening 'labels.php' for inclusion (include_path='.:/opt/alt/php72/usr/share/pear') in /home/whenqklv/coupondis.se/assig2/check.php on line 120
[28-Feb-2021 02:24:02 America/New_York] PHP Warning:  include(web.php): failed to open stream: No such file or directory in /home/whenqklv/coupondis.se/assig2/check.php on line 128
[28-Feb-2021 02:24:02 America/New_York] PHP Warning:  include(web.php): failed to open stream: No such file or directory in /home/whenqklv/coupondis.se/assig2/check.php on line 128
[28-Feb-2021 02:24:02 America/New_York] PHP Warning:  include(): Failed opening 'web.php' for inclusion (include_path='.:/opt/alt/php72/usr/share/pear') in /home/whenqklv/coupondis.se/assig2/check.php on line 128
[28-Feb-2021 02:24:02 America/New_York] PHP Warning:  include(properties.php): failed to open stream: No such file or directory in /home/whenqklv/coupondis.se/assig2/check.php on line 136
[28-Feb-2021 02:24:02 America/New_York] PHP Warning:  include(properties.php): failed to open stream: No such file or directory in /home/whenqklv/coupondis.se/assig2/check.php on line 136
[28-Feb-2021 02:24:02 America/New_York] PHP Warning:  include(): Failed opening 'properties.php' for inclusion (include_path='.:/opt/alt/php72/usr/share/pear') in /home/whenqklv/coupondis.se/assig2/check.php on line 136
[28-Feb-2021 02:24:02 America/New_York] PHP Warning:  include(safesearch.php): failed to open stream: No such file or directory in /home/whenqklv/coupondis.se/assig2/check.php on line 144
[28-Feb-2021 02:24:02 America/New_York] PHP Warning:  include(safesearch.php): failed to open stream: No such file or directory in /home/whenqklv/coupondis.se/assig2/check.php on line 144
[28-Feb-2021 02:24:02 America/New_York] PHP Warning:  include(): Failed opening 'safesearch.php' for inclusion (include_path='.:/opt/alt/php72/usr/share/pear') in /home/whenqklv/coupondis.se/assig2/check.php on line 144
[28-Feb-2021 02:24:02 America/New_York] PHP Warning:  include(landmarks.php): failed to open stream: No such file or directory in /home/whenqklv/coupondis.se/assig2/check.php on line 152
[28-Feb-2021 02:24:02 America/New_York] PHP Warning:  include(landmarks.php): failed to open stream: No such file or directory in /home/whenqklv/coupondis.se/assig2/check.php on line 152
[28-Feb-2021 02:24:02 America/New_York] PHP Warning:  include(): Failed opening 'landmarks.php' for inclusion (include_path='.:/opt/alt/php72/usr/share/pear') in /home/whenqklv/coupondis.se/assig2/check.php on line 152
[28-Feb-2021 02:24:02 America/New_York] PHP Warning:  include(logos.php): failed to open stream: No such file or directory in /home/whenqklv/coupondis.se/assig2/check.php on line 160
[28-Feb-2021 02:24:02 America/New_York] PHP Warning:  include(logos.php): failed to open stream: No such file or directory in /home/whenqklv/coupondis.se/assig2/check.php on line 160
[28-Feb-2021 02:24:02 America/New_York] PHP Warning:  include(): Failed opening 'logos.php' for inclusion (include_path='.:/opt/alt/php72/usr/share/pear') in /home/whenqklv/coupondis.se/assig2/check.php on line 160
[28-Feb-2021 02:25:37 America/New_York] PHP Warning:  include(faces.php): failed to open stream: No such file or directory in /home/whenqklv/coupondis.se/assig2/check.php on line 112
[28-Feb-2021 02:25:37 America/New_York] PHP Warning:  include(faces.php): failed to open stream: No such file or directory in /home/whenqklv/coupondis.se/assig2/check.php on line 112
[28-Feb-2021 02:25:37 America/New_York] PHP Warning:  include(): Failed opening 'faces.php' for inclusion (include_path='.:/opt/alt/php72/usr/share/pear') in /home/whenqklv/coupondis.se/assig2/check.php on line 112
[28-Feb-2021 02:25:37 America/New_York] PHP Warning:  include(labels.php): failed to open stream: No such file or directory in /home/whenqklv/coupondis.se/assig2/check.php on line 120
[28-Feb-2021 02:25:37 America/New_York] PHP Warning:  include(labels.php): failed to open stream: No such file or directory in /home/whenqklv/coupondis.se/assig2/check.php on line 120
[28-Feb-2021 02:25:37 America/New_York] PHP Warning:  include(): Failed opening 'labels.php' for inclusion (include_path='.:/opt/alt/php72/usr/share/pear') in /home/whenqklv/coupondis.se/assig2/check.php on line 120
[28-Feb-2021 02:25:37 America/New_York] PHP Warning:  include(web.php): failed to open stream: No such file or directory in /home/whenqklv/coupondis.se/assig2/check.php on line 128
[28-Feb-2021 02:25:37 America/New_York] PHP Warning:  include(web.php): failed to open stream: No such file or directory in /home/whenqklv/coupondis.se/assig2/check.php on line 128
[28-Feb-2021 02:25:37 America/New_York] PHP Warning:  include(): Failed opening 'web.php' for inclusion (include_path='.:/opt/alt/php72/usr/share/pear') in /home/whenqklv/coupondis.se/assig2/check.php on line 128
[28-Feb-2021 02:25:37 America/New_York] PHP Warning:  include(properties.php): failed to open stream: No such file or directory in /home/whenqklv/coupondis.se/assig2/check.php on line 136
[28-Feb-2021 02:25:37 America/New_York] PHP Warning:  include(properties.php): failed to open stream: No such file or directory in /home/whenqklv/coupondis.se/assig2/check.php on line 136
[28-Feb-2021 02:25:37 America/New_York] PHP Warning:  include(): Failed opening 'properties.php' for inclusion (include_path='.:/opt/alt/php72/usr/share/pear') in /home/whenqklv/coupondis.se/assig2/check.php on line 136
[28-Feb-2021 02:25:37 America/New_York] PHP Warning:  include(safesearch.php): failed to open stream: No such file or directory in /home/whenqklv/coupondis.se/assig2/check.php on line 144
[28-Feb-2021 02:25:37 America/New_York] PHP Warning:  include(safesearch.php): failed to open stream: No such file or directory in /home/whenqklv/coupondis.se/assig2/check.php on line 144
[28-Feb-2021 02:25:37 America/New_York] PHP Warning:  include(): Failed opening 'safesearch.php' for inclusion (include_path='.:/opt/alt/php72/usr/share/pear') in /home/whenqklv/coupondis.se/assig2/check.php on line 144
[28-Feb-2021 02:25:37 America/New_York] PHP Warning:  include(landmarks.php): failed to open stream: No such file or directory in /home/whenqklv/coupondis.se/assig2/check.php on line 152
[28-Feb-2021 02:25:37 America/New_York] PHP Warning:  include(landmarks.php): failed to open stream: No such file or directory in /home/whenqklv/coupondis.se/assig2/check.php on line 152
[28-Feb-2021 02:25:37 America/New_York] PHP Warning:  include(): Failed opening 'landmarks.php' for inclusion (include_path='.:/opt/alt/php72/usr/share/pear') in /home/whenqklv/coupondis.se/assig2/check.php on line 152
[28-Feb-2021 02:25:37 America/New_York] PHP Warning:  include(logos.php): failed to open stream: No such file or directory in /home/whenqklv/coupondis.se/assig2/check.php on line 160
[28-Feb-2021 02:25:37 America/New_York] PHP Warning:  include(logos.php): failed to open stream: No such file or directory in /home/whenqklv/coupondis.se/assig2/check.php on line 160
[28-Feb-2021 02:25:37 America/New_York] PHP Warning:  include(): Failed opening 'logos.php' for inclusion (include_path='.:/opt/alt/php72/usr/share/pear') in /home/whenqklv/coupondis.se/assig2/check.php on line 160
[28-Feb-2021 02:26:39 America/New_York] PHP Warning:  include(faces.php): failed to open stream: No such file or directory in /home/whenqklv/coupondis.se/assig2/check.php on line 112
[28-Feb-2021 02:26:39 America/New_York] PHP Warning:  include(faces.php): failed to open stream: No such file or directory in /home/whenqklv/coupondis.se/assig2/check.php on line 112
[28-Feb-2021 02:26:39 America/New_York] PHP Warning:  include(): Failed opening 'faces.php' for inclusion (include_path='.:/opt/alt/php72/usr/share/pear') in /home/whenqklv/coupondis.se/assig2/check.php on line 112
[28-Feb-2021 02:26:39 America/New_York] PHP Warning:  include(labels.php): failed to open stream: No such file or directory in /home/whenqklv/coupondis.se/assig2/check.php on line 120
[28-Feb-2021 02:26:39 America/New_York] PHP Warning:  include(labels.php): failed to open stream: No such file or directory in /home/whenqklv/coupondis.se/assig2/check.php on line 120
[28-Feb-2021 02:26:39 America/New_York] PHP Warning:  include(): Failed opening 'labels.php' for inclusion (include_path='.:/opt/alt/php72/usr/share/pear') in /home/whenqklv/coupondis.se/assig2/check.php on line 120
[28-Feb-2021 02:26:39 America/New_York] PHP Warning:  include(web.php): failed to open stream: No such file or directory in /home/whenqklv/coupondis.se/assig2/check.php on line 128
[28-Feb-2021 02:26:39 America/New_York] PHP Warning:  include(web.php): failed to open stream: No such file or directory in /home/whenqklv/coupondis.se/assig2/check.php on line 128
[28-Feb-2021 02:26:39 America/New_York] PHP Warning:  include(): Failed opening 'web.php' for inclusion (include_path='.:/opt/alt/php72/usr/share/pear') in /home/whenqklv/coupondis.se/assig2/check.php on line 128
[28-Feb-2021 02:26:39 America/New_York] PHP Warning:  include(properties.php): failed to open stream: No such file or directory in /home/whenqklv/coupondis.se/assig2/check.php on line 136
[28-Feb-2021 02:26:39 America/New_York] PHP Warning:  include(properties.php): failed to open stream: No such file or directory in /home/whenqklv/coupondis.se/assig2/check.php on line 136
[28-Feb-2021 02:26:39 America/New_York] PHP Warning:  include(): Failed opening 'properties.php' for inclusion (include_path='.:/opt/alt/php72/usr/share/pear') in /home/whenqklv/coupondis.se/assig2/check.php on line 136
[28-Feb-2021 02:26:39 America/New_York] PHP Warning:  include(safesearch.php): failed to open stream: No such file or directory in /home/whenqklv/coupondis.se/assig2/check.php on line 144
[28-Feb-2021 02:26:39 America/New_York] PHP Warning:  include(safesearch.php): failed to open stream: No such file or directory in /home/whenqklv/coupondis.se/assig2/check.php on line 144
[28-Feb-2021 02:26:39 America/New_York] PHP Warning:  include(): Failed opening 'safesearch.php' for inclusion (include_path='.:/opt/alt/php72/usr/share/pear') in /home/whenqklv/coupondis.se/assig2/check.php on line 144
[28-Feb-2021 02:26:39 America/New_York] PHP Warning:  include(landmarks.php): failed to open stream: No such file or directory in /home/whenqklv/coupondis.se/assig2/check.php on line 152
[28-Feb-2021 02:26:39 America/New_York] PHP Warning:  include(landmarks.php): failed to open stream: No such file or directory in /home/whenqklv/coupondis.se/assig2/check.php on line 152
[28-Feb-2021 02:26:39 America/New_York] PHP Warning:  include(): Failed opening 'landmarks.php' for inclusion (include_path='.:/opt/alt/php72/usr/share/pear') in /home/whenqklv/coupondis.se/assig2/check.php on line 152
[28-Feb-2021 02:26:39 America/New_York] PHP Warning:  include(logos.php): failed to open stream: No such file or directory in /home/whenqklv/coupondis.se/assig2/check.php on line 160
[28-Feb-2021 02:26:39 America/New_York] PHP Warning:  include(logos.php): failed to open stream: No such file or directory in /home/whenqklv/coupondis.se/assig2/check.php on line 160
[28-Feb-2021 02:26:39 America/New_York] PHP Warning:  include(): Failed opening 'logos.php' for inclusion (include_path='.:/opt/alt/php72/usr/share/pear') in /home/whenqklv/coupondis.se/assig2/check.php on line 160
[28-Feb-2021 02:29:11 America/New_York] PHP Warning:  include(faces.php): failed to open stream: No such file or directory in /home/whenqklv/coupondis.se/assig2/check.php on line 112
[28-Feb-2021 02:29:11 America/New_York] PHP Warning:  include(faces.php): failed to open stream: No such file or directory in /home/whenqklv/coupondis.se/assig2/check.php on line 112
[28-Feb-2021 02:29:11 America/New_York] PHP Warning:  include(): Failed opening 'faces.php' for inclusion (include_path='.:/opt/alt/php72/usr/share/pear') in /home/whenqklv/coupondis.se/assig2/check.php on line 112
[28-Feb-2021 02:29:11 America/New_York] PHP Warning:  include(labels.php): failed to open stream: No such file or directory in /home/whenqklv/coupondis.se/assig2/check.php on line 120
[28-Feb-2021 02:29:11 America/New_York] PHP Warning:  include(labels.php): failed to open stream: No such file or directory in /home/whenqklv/coupondis.se/assig2/check.php on line 120
[28-Feb-2021 02:29:11 America/New_York] PHP Warning:  include(): Failed opening 'labels.php' for inclusion (include_path='.:/opt/alt/php72/usr/share/pear') in /home/whenqklv/coupondis.se/assig2/check.php on line 120
[28-Feb-2021 02:29:11 America/New_York] PHP Notice:  Undefined index: score in /home/whenqklv/coupondis.se/assig2/web.php on line 7
[28-Feb-2021 02:29:11 America/New_York] PHP Notice:  Undefined index: score in /home/whenqklv/coupondis.se/assig2/web.php on line 7
[28-Feb-2021 02:29:11 America/New_York] PHP Warning:  Invalid argument supplied for foreach() in /home/whenqklv/coupondis.se/assig2/web.php on line 15
[28-Feb-2021 02:29:11 America/New_York] PHP Warning:  Invalid argument supplied for foreach() in /home/whenqklv/coupondis.se/assig2/web.php on line 23
[28-Feb-2021 02:29:11 America/New_York] PHP Warning:  Invalid argument supplied for foreach() in /home/whenqklv/coupondis.se/assig2/web.php on line 31
[28-Feb-2021 02:29:11 America/New_York] PHP Warning:  include(properties.php): failed to open stream: No such file or directory in /home/whenqklv/coupondis.se/assig2/check.php on line 136
[28-Feb-2021 02:29:11 America/New_York] PHP Warning:  include(properties.php): failed to open stream: No such file or directory in /home/whenqklv/coupondis.se/assig2/check.php on line 136
[28-Feb-2021 02:29:11 America/New_York] PHP Warning:  include(): Failed opening 'properties.php' for inclusion (include_path='.:/opt/alt/php72/usr/share/pear') in /home/whenqklv/coupondis.se/assig2/check.php on line 136
[28-Feb-2021 02:29:11 America/New_York] PHP Warning:  include(safesearch.php): failed to open stream: No such file or directory in /home/whenqklv/coupondis.se/assig2/check.php on line 144
[28-Feb-2021 02:29:11 America/New_York] PHP Warning:  include(safesearch.php): failed to open stream: No such file or directory in /home/whenqklv/coupondis.se/assig2/check.php on line 144
[28-Feb-2021 02:29:11 America/New_York] PHP Warning:  include(): Failed opening 'safesearch.php' for inclusion (include_path='.:/opt/alt/php72/usr/share/pear') in /home/whenqklv/coupondis.se/assig2/check.php on line 144
[28-Feb-2021 02:29:11 America/New_York] PHP Warning:  include(landmarks.php): failed to open stream: No such file or directory in /home/whenqklv/coupondis.se/assig2/check.php on line 152
[28-Feb-2021 02:29:11 America/New_York] PHP Warning:  include(landmarks.php): failed to open stream: No such file or directory in /home/whenqklv/coupondis.se/assig2/check.php on line 152
[28-Feb-2021 02:29:11 America/New_York] PHP Warning:  include(): Failed opening 'landmarks.php' for inclusion (include_path='.:/opt/alt/php72/usr/share/pear') in /home/whenqklv/coupondis.se/assig2/check.php on line 152
[28-Feb-2021 02:29:11 America/New_York] PHP Warning:  include(logos.php): failed to open stream: No such file or directory in /home/whenqklv/coupondis.se/assig2/check.php on line 160
[28-Feb-2021 02:29:11 America/New_York] PHP Warning:  include(logos.php): failed to open stream: No such file or directory in /home/whenqklv/coupondis.se/assig2/check.php on line 160
[28-Feb-2021 02:29:11 America/New_York] PHP Warning:  include(): Failed opening 'logos.php' for inclusion (include_path='.:/opt/alt/php72/usr/share/pear') in /home/whenqklv/coupondis.se/assig2/check.php on line 160
[28-Feb-2021 02:48:35 America/New_York] PHP Warning:  include(faces.php): failed to open stream: No such file or directory in /home/whenqklv/coupondis.se/assig2/check.php on line 112
[28-Feb-2021 02:48:35 America/New_York] PHP Warning:  include(faces.php): failed to open stream: No such file or directory in /home/whenqklv/coupondis.se/assig2/check.php on line 112
[28-Feb-2021 02:48:35 America/New_York] PHP Warning:  include(): Failed opening 'faces.php' for inclusion (include_path='.:/opt/alt/php72/usr/share/pear') in /home/whenqklv/coupondis.se/assig2/check.php on line 112
[28-Feb-2021 02:48:35 America/New_York] PHP Warning:  include(labels.php): failed to open stream: No such file or directory in /home/whenqklv/coupondis.se/assig2/check.php on line 120
[28-Feb-2021 02:48:35 America/New_York] PHP Warning:  include(labels.php): failed to open stream: No such file or directory in /home/whenqklv/coupondis.se/assig2/check.php on line 120
[28-Feb-2021 02:48:35 America/New_York] PHP Warning:  include(): Failed opening 'labels.php' for inclusion (include_path='.:/opt/alt/php72/usr/share/pear') in /home/whenqklv/coupondis.se/assig2/check.php on line 120
[28-Feb-2021 02:48:35 America/New_York] PHP Notice:  Undefined index: score in /home/whenqklv/coupondis.se/assig2/web.php on line 7
[28-Feb-2021 02:48:35 America/New_York] PHP Notice:  Undefined index: score in /home/whenqklv/coupondis.se/assig2/web.php on line 7
[28-Feb-2021 02:48:35 America/New_York] PHP Warning:  Invalid argument supplied for foreach() in /home/whenqklv/coupondis.se/assig2/web.php on line 15
[28-Feb-2021 02:48:35 America/New_York] PHP Warning:  Invalid argument supplied for foreach() in /home/whenqklv/coupondis.se/assig2/web.php on line 23
[28-Feb-2021 02:48:35 America/New_York] PHP Warning:  Invalid argument supplied for foreach() in /home/whenqklv/coupondis.se/assig2/web.php on line 31
[28-Feb-2021 02:48:35 America/New_York] PHP Warning:  include(properties.php): failed to open stream: No such file or directory in /home/whenqklv/coupondis.se/assig2/check.php on line 136
[28-Feb-2021 02:48:35 America/New_York] PHP Warning:  include(properties.php): failed to open stream: No such file or directory in /home/whenqklv/coupondis.se/assig2/check.php on line 136
[28-Feb-2021 02:48:35 America/New_York] PHP Warning:  include(): Failed opening 'properties.php' for inclusion (include_path='.:/opt/alt/php72/usr/share/pear') in /home/whenqklv/coupondis.se/assig2/check.php on line 136
[28-Feb-2021 02:48:35 America/New_York] PHP Warning:  include(safesearch.php): failed to open stream: No such file or directory in /home/whenqklv/coupondis.se/assig2/check.php on line 144
[28-Feb-2021 02:48:35 America/New_York] PHP Warning:  include(safesearch.php): failed to open stream: No such file or directory in /home/whenqklv/coupondis.se/assig2/check.php on line 144
[28-Feb-2021 02:48:35 America/New_York] PHP Warning:  include(): Failed opening 'safesearch.php' for inclusion (include_path='.:/opt/alt/php72/usr/share/pear') in /home/whenqklv/coupondis.se/assig2/check.php on line 144
[28-Feb-2021 02:48:35 America/New_York] PHP Warning:  include(landmarks.php): failed to open stream: No such file or directory in /home/whenqklv/coupondis.se/assig2/check.php on line 152
[28-Feb-2021 02:48:35 America/New_York] PHP Warning:  include(landmarks.php): failed to open stream: No such file or directory in /home/whenqklv/coupondis.se/assig2/check.php on line 152
[28-Feb-2021 02:48:35 America/New_York] PHP Warning:  include(): Failed opening 'landmarks.php' for inclusion (include_path='.:/opt/alt/php72/usr/share/pear') in /home/whenqklv/coupondis.se/assig2/check.php on line 152
[28-Feb-2021 02:48:35 America/New_York] PHP Warning:  include(logos.php): failed to open stream: No such file or directory in /home/whenqklv/coupondis.se/assig2/check.php on line 160
[28-Feb-2021 02:48:35 America/New_York] PHP Warning:  include(logos.php): failed to open stream: No such file or directory in /home/whenqklv/coupondis.se/assig2/check.php on line 160
[28-Feb-2021 02:48:35 America/New_York] PHP Warning:  include(): Failed opening 'logos.php' for inclusion (include_path='.:/opt/alt/php72/usr/share/pear') in /home/whenqklv/coupondis.se/assig2/check.php on line 160
[28-Feb-2021 02:49:24 America/New_York] PHP Warning:  include(faces.php): failed to open stream: No such file or directory in /home/whenqklv/coupondis.se/assig2/check.php on line 112
[28-Feb-2021 02:49:24 America/New_York] PHP Warning:  include(faces.php): failed to open stream: No such file or directory in /home/whenqklv/coupondis.se/assig2/check.php on line 112
[28-Feb-2021 02:49:24 America/New_York] PHP Warning:  include(): Failed opening 'faces.php' for inclusion (include_path='.:/opt/alt/php72/usr/share/pear') in /home/whenqklv/coupondis.se/assig2/check.php on line 112
[28-Feb-2021 02:49:24 America/New_York] PHP Warning:  include(labels.php): failed to open stream: No such file or directory in /home/whenqklv/coupondis.se/assig2/check.php on line 120
[28-Feb-2021 02:49:24 America/New_York] PHP Warning:  include(labels.php): failed to open stream: No such file or directory in /home/whenqklv/coupondis.se/assig2/check.php on line 120
[28-Feb-2021 02:49:24 America/New_York] PHP Warning:  include(): Failed opening 'labels.php' for inclusion (include_path='.:/opt/alt/php72/usr/share/pear') in /home/whenqklv/coupondis.se/assig2/check.php on line 120
[28-Feb-2021 02:49:24 America/New_York] PHP Notice:  Undefined index: description in /home/whenqklv/coupondis.se/assig2/web.php on line 7
[28-Feb-2021 02:49:24 America/New_York] PHP Warning:  include(properties.php): failed to open stream: No such file or directory in /home/whenqklv/coupondis.se/assig2/check.php on line 136
[28-Feb-2021 02:49:24 America/New_York] PHP Warning:  include(properties.php): failed to open stream: No such file or directory in /home/whenqklv/coupondis.se/assig2/check.php on line 136
[28-Feb-2021 02:49:24 America/New_York] PHP Warning:  include(): Failed opening 'properties.php' for inclusion (include_path='.:/opt/alt/php72/usr/share/pear') in /home/whenqklv/coupondis.se/assig2/check.php on line 136
[28-Feb-2021 02:49:24 America/New_York] PHP Warning:  include(safesearch.php): failed to open stream: No such file or directory in /home/whenqklv/coupondis.se/assig2/check.php on line 144
[28-Feb-2021 02:49:24 America/New_York] PHP Warning:  include(safesearch.php): failed to open stream: No such file or directory in /home/whenqklv/coupondis.se/assig2/check.php on line 144
[28-Feb-2021 02:49:24 America/New_York] PHP Warning:  include(): Failed opening 'safesearch.php' for inclusion (include_path='.:/opt/alt/php72/usr/share/pear') in /home/whenqklv/coupondis.se/assig2/check.php on line 144
[28-Feb-2021 02:49:24 America/New_York] PHP Warning:  include(landmarks.php): failed to open stream: No such file or directory in /home/whenqklv/coupondis.se/assig2/check.php on line 152
[28-Feb-2021 02:49:24 America/New_York] PHP Warning:  include(landmarks.php): failed to open stream: No such file or directory in /home/whenqklv/coupondis.se/assig2/check.php on line 152
[28-Feb-2021 02:49:24 America/New_York] PHP Warning:  include(): Failed opening 'landmarks.php' for inclusion (include_path='.:/opt/alt/php72/usr/share/pear') in /home/whenqklv/coupondis.se/assig2/check.php on line 152
[28-Feb-2021 02:49:24 America/New_York] PHP Warning:  include(logos.php): failed to open stream: No such file or directory in /home/whenqklv/coupondis.se/assig2/check.php on line 160
[28-Feb-2021 02:49:24 America/New_York] PHP Warning:  include(logos.php): failed to open stream: No such file or directory in /home/whenqklv/coupondis.se/assig2/check.php on line 160
[28-Feb-2021 02:49:24 America/New_York] PHP Warning:  include(): Failed opening 'logos.php' for inclusion (include_path='.:/opt/alt/php72/usr/share/pear') in /home/whenqklv/coupondis.se/assig2/check.php on line 160
[28-Feb-2021 02:52:01 America/New_York] PHP Warning:  include(faces.php): failed to open stream: No such file or directory in /home/whenqklv/coupondis.se/assig2/check.php on line 112
[28-Feb-2021 02:52:01 America/New_York] PHP Warning:  include(faces.php): failed to open stream: No such file or directory in /home/whenqklv/coupondis.se/assig2/check.php on line 112
[28-Feb-2021 02:52:01 America/New_York] PHP Warning:  include(): Failed opening 'faces.php' for inclusion (include_path='.:/opt/alt/php72/usr/share/pear') in /home/whenqklv/coupondis.se/assig2/check.php on line 112
[28-Feb-2021 02:52:01 America/New_York] PHP Warning:  include(labels.php): failed to open stream: No such file or directory in /home/whenqklv/coupondis.se/assig2/check.php on line 120
[28-Feb-2021 02:52:01 America/New_York] PHP Warning:  include(labels.php): failed to open stream: No such file or directory in /home/whenqklv/coupondis.se/assig2/check.php on line 120
[28-Feb-2021 02:52:01 America/New_York] PHP Warning:  include(): Failed opening 'labels.php' for inclusion (include_path='.:/opt/alt/php72/usr/share/pear') in /home/whenqklv/coupondis.se/assig2/check.php on line 120
[28-Feb-2021 02:52:01 America/New_York] PHP Notice:  Undefined index: description in /home/whenqklv/coupondis.se/assig2/web.php on line 7
[28-Feb-2021 02:52:01 America/New_York] PHP Warning:  include(properties.php): failed to open stream: No such file or directory in /home/whenqklv/coupondis.se/assig2/check.php on line 136
[28-Feb-2021 02:52:01 America/New_York] PHP Warning:  include(properties.php): failed to open stream: No such file or directory in /home/whenqklv/coupondis.se/assig2/check.php on line 136
[28-Feb-2021 02:52:01 America/New_York] PHP Warning:  include(): Failed opening 'properties.php' for inclusion (include_path='.:/opt/alt/php72/usr/share/pear') in /home/whenqklv/coupondis.se/assig2/check.php on line 136
[28-Feb-2021 02:52:01 America/New_York] PHP Warning:  include(safesearch.php): failed to open stream: No such file or directory in /home/whenqklv/coupondis.se/assig2/check.php on line 144
[28-Feb-2021 02:52:01 America/New_York] PHP Warning:  include(safesearch.php): failed to open stream: No such file or directory in /home/whenqklv/coupondis.se/assig2/check.php on line 144
[28-Feb-2021 02:52:01 America/New_York] PHP Warning:  include(): Failed opening 'safesearch.php' for inclusion (include_path='.:/opt/alt/php72/usr/share/pear') in /home/whenqklv/coupondis.se/assig2/check.php on line 144
[28-Feb-2021 02:52:01 America/New_York] PHP Warning:  include(landmarks.php): failed to open stream: No such file or directory in /home/whenqklv/coupondis.se/assig2/check.php on line 152
[28-Feb-2021 02:52:01 America/New_York] PHP Warning:  include(landmarks.php): failed to open stream: No such file or directory in /home/whenqklv/coupondis.se/assig2/check.php on line 152
[28-Feb-2021 02:52:01 America/New_York] PHP Warning:  include(): Failed opening 'landmarks.php' for inclusion (include_path='.:/opt/alt/php72/usr/share/pear') in /home/whenqklv/coupondis.se/assig2/check.php on line 152
[28-Feb-2021 02:52:01 America/New_York] PHP Warning:  include(logos.php): failed to open stream: No such file or directory in /home/whenqklv/coupondis.se/assig2/check.php on line 160
[28-Feb-2021 02:52:01 America/New_York] PHP Warning:  include(logos.php): failed to open stream: No such file or directory in /home/whenqklv/coupondis.se/assig2/check.php on line 160
[28-Feb-2021 02:52:01 America/New_York] PHP Warning:  include(): Failed opening 'logos.php' for inclusion (include_path='.:/opt/alt/php72/usr/share/pear') in /home/whenqklv/coupondis.se/assig2/check.php on line 160
[28-Feb-2021 02:53:44 America/New_York] PHP Warning:  include(faces.php): failed to open stream: No such file or directory in /home/whenqklv/coupondis.se/assig2/check.php on line 112
[28-Feb-2021 02:53:44 America/New_York] PHP Warning:  include(faces.php): failed to open stream: No such file or directory in /home/whenqklv/coupondis.se/assig2/check.php on line 112
[28-Feb-2021 02:53:44 America/New_York] PHP Warning:  include(): Failed opening 'faces.php' for inclusion (include_path='.:/opt/alt/php72/usr/share/pear') in /home/whenqklv/coupondis.se/assig2/check.php on line 112
[28-Feb-2021 02:53:44 America/New_York] PHP Warning:  Invalid argument supplied for foreach() in /home/whenqklv/coupondis.se/assig2/labels.php on line 4
[28-Feb-2021 02:53:44 America/New_York] PHP Notice:  Undefined index: description in /home/whenqklv/coupondis.se/assig2/web.php on line 7
[28-Feb-2021 02:53:44 America/New_York] PHP Warning:  include(properties.php): failed to open stream: No such file or directory in /home/whenqklv/coupondis.se/assig2/check.php on line 136
[28-Feb-2021 02:53:44 America/New_York] PHP Warning:  include(properties.php): failed to open stream: No such file or directory in /home/whenqklv/coupondis.se/assig2/check.php on line 136
[28-Feb-2021 02:53:44 America/New_York] PHP Warning:  include(): Failed opening 'properties.php' for inclusion (include_path='.:/opt/alt/php72/usr/share/pear') in /home/whenqklv/coupondis.se/assig2/check.php on line 136
[28-Feb-2021 02:53:44 America/New_York] PHP Warning:  include(safesearch.php): failed to open stream: No such file or directory in /home/whenqklv/coupondis.se/assig2/check.php on line 144
[28-Feb-2021 02:53:44 America/New_York] PHP Warning:  include(safesearch.php): failed to open stream: No such file or directory in /home/whenqklv/coupondis.se/assig2/check.php on line 144
[28-Feb-2021 02:53:44 America/New_York] PHP Warning:  include(): Failed opening 'safesearch.php' for inclusion (include_path='.:/opt/alt/php72/usr/share/pear') in /home/whenqklv/coupondis.se/assig2/check.php on line 144
[28-Feb-2021 02:53:44 America/New_York] PHP Warning:  include(landmarks.php): failed to open stream: No such file or directory in /home/whenqklv/coupondis.se/assig2/check.php on line 152
[28-Feb-2021 02:53:44 America/New_York] PHP Warning:  include(landmarks.php): failed to open stream: No such file or directory in /home/whenqklv/coupondis.se/assig2/check.php on line 152
[28-Feb-2021 02:53:44 America/New_York] PHP Warning:  include(): Failed opening 'landmarks.php' for inclusion (include_path='.:/opt/alt/php72/usr/share/pear') in /home/whenqklv/coupondis.se/assig2/check.php on line 152
[28-Feb-2021 02:53:44 America/New_York] PHP Warning:  include(logos.php): failed to open stream: No such file or directory in /home/whenqklv/coupondis.se/assig2/check.php on line 160
[28-Feb-2021 02:53:44 America/New_York] PHP Warning:  include(logos.php): failed to open stream: No such file or directory in /home/whenqklv/coupondis.se/assig2/check.php on line 160
[28-Feb-2021 02:53:44 America/New_York] PHP Warning:  include(): Failed opening 'logos.php' for inclusion (include_path='.:/opt/alt/php72/usr/share/pear') in /home/whenqklv/coupondis.se/assig2/check.php on line 160
[28-Feb-2021 02:54:59 America/New_York] PHP Warning:  include(faces.php): failed to open stream: No such file or directory in /home/whenqklv/coupondis.se/assig2/check.php on line 112
[28-Feb-2021 02:54:59 America/New_York] PHP Warning:  include(faces.php): failed to open stream: No such file or directory in /home/whenqklv/coupondis.se/assig2/check.php on line 112
[28-Feb-2021 02:54:59 America/New_York] PHP Warning:  include(): Failed opening 'faces.php' for inclusion (include_path='.:/opt/alt/php72/usr/share/pear') in /home/whenqklv/coupondis.se/assig2/check.php on line 112
[28-Feb-2021 02:54:59 America/New_York] PHP Warning:  Invalid argument supplied for foreach() in /home/whenqklv/coupondis.se/assig2/labels.php on line 4
[28-Feb-2021 02:54:59 America/New_York] PHP Warning:  Invalid argument supplied for foreach() in /home/whenqklv/coupondis.se/assig2/web.php on line 23
[28-Feb-2021 02:54:59 America/New_York] PHP Warning:  Invalid argument supplied for foreach() in /home/whenqklv/coupondis.se/assig2/web.php on line 31
[28-Feb-2021 02:54:59 America/New_York] PHP Warning:  include(properties.php): failed to open stream: No such file or directory in /home/whenqklv/coupondis.se/assig2/check.php on line 136
[28-Feb-2021 02:54:59 America/New_York] PHP Warning:  include(properties.php): failed to open stream: No such file or directory in /home/whenqklv/coupondis.se/assig2/check.php on line 136
[28-Feb-2021 02:54:59 America/New_York] PHP Warning:  include(): Failed opening 'properties.php' for inclusion (include_path='.:/opt/alt/php72/usr/share/pear') in /home/whenqklv/coupondis.se/assig2/check.php on line 136
[28-Feb-2021 02:54:59 America/New_York] PHP Warning:  include(safesearch.php): failed to open stream: No such file or directory in /home/whenqklv/coupondis.se/assig2/check.php on line 144
[28-Feb-2021 02:54:59 America/New_York] PHP Warning:  include(safesearch.php): failed to open stream: No such file or directory in /home/whenqklv/coupondis.se/assig2/check.php on line 144
[28-Feb-2021 02:54:59 America/New_York] PHP Warning:  include(): Failed opening 'safesearch.php' for inclusion (include_path='.:/opt/alt/php72/usr/share/pear') in /home/whenqklv/coupondis.se/assig2/check.php on line 144
[28-Feb-2021 02:54:59 America/New_York] PHP Warning:  include(landmarks.php): failed to open stream: No such file or directory in /home/whenqklv/coupondis.se/assig2/check.php on line 152
[28-Feb-2021 02:54:59 America/New_York] PHP Warning:  include(landmarks.php): failed to open stream: No such file or directory in /home/whenqklv/coupondis.se/assig2/check.php on line 152
[28-Feb-2021 02:54:59 America/New_York] PHP Warning:  include(): Failed opening 'landmarks.php' for inclusion (include_path='.:/opt/alt/php72/usr/share/pear') in /home/whenqklv/coupondis.se/assig2/check.php on line 152
[28-Feb-2021 02:54:59 America/New_York] PHP Warning:  include(logos.php): failed to open stream: No such file or directory in /home/whenqklv/coupondis.se/assig2/check.php on line 160
[28-Feb-2021 02:54:59 America/New_York] PHP Warning:  include(logos.php): failed to open stream: No such file or directory in /home/whenqklv/coupondis.se/assig2/check.php on line 160
[28-Feb-2021 02:54:59 America/New_York] PHP Warning:  include(): Failed opening 'logos.php' for inclusion (include_path='.:/opt/alt/php72/usr/share/pear') in /home/whenqklv/coupondis.se/assig2/check.php on line 160
[28-Feb-2021 03:22:17 America/New_York] PHP Warning:  include(faces.php): failed to open stream: No such file or directory in /home/whenqklv/coupondis.se/assig2/check.php on line 112
[28-Feb-2021 03:22:17 America/New_York] PHP Warning:  include(faces.php): failed to open stream: No such file or directory in /home/whenqklv/coupondis.se/assig2/check.php on line 112
[28-Feb-2021 03:22:17 America/New_York] PHP Warning:  include(): Failed opening 'faces.php' for inclusion (include_path='.:/opt/alt/php72/usr/share/pear') in /home/whenqklv/coupondis.se/assig2/check.php on line 112
[28-Feb-2021 03:22:17 America/New_York] PHP Warning:  Invalid argument supplied for foreach() in /home/whenqklv/coupondis.se/assig2/labels.php on line 4
[28-Feb-2021 03:22:17 America/New_York] PHP Notice:  Undefined index: description in /home/whenqklv/coupondis.se/assig2/web.php on line 7
[28-Feb-2021 03:22:17 America/New_York] PHP Warning:  include(properties.php): failed to open stream: No such file or directory in /home/whenqklv/coupondis.se/assig2/check.php on line 136
[28-Feb-2021 03:22:17 America/New_York] PHP Warning:  include(properties.php): failed to open stream: No such file or directory in /home/whenqklv/coupondis.se/assig2/check.php on line 136
[28-Feb-2021 03:22:17 America/New_York] PHP Warning:  include(): Failed opening 'properties.php' for inclusion (include_path='.:/opt/alt/php72/usr/share/pear') in /home/whenqklv/coupondis.se/assig2/check.php on line 136
[28-Feb-2021 03:22:17 America/New_York] PHP Warning:  include(safesearch.php): failed to open stream: No such file or directory in /home/whenqklv/coupondis.se/assig2/check.php on line 144
[28-Feb-2021 03:22:17 America/New_York] PHP Warning:  include(safesearch.php): failed to open stream: No such file or directory in /home/whenqklv/coupondis.se/assig2/check.php on line 144
[28-Feb-2021 03:22:17 America/New_York] PHP Warning:  include(): Failed opening 'safesearch.php' for inclusion (include_path='.:/opt/alt/php72/usr/share/pear') in /home/whenqklv/coupondis.se/assig2/check.php on line 144
[28-Feb-2021 03:22:17 America/New_York] PHP Warning:  include(landmarks.php): failed to open stream: No such file or directory in /home/whenqklv/coupondis.se/assig2/check.php on line 152
[28-Feb-2021 03:22:17 America/New_York] PHP Warning:  include(landmarks.php): failed to open stream: No such file or directory in /home/whenqklv/coupondis.se/assig2/check.php on line 152
[28-Feb-2021 03:22:17 America/New_York] PHP Warning:  include(): Failed opening 'landmarks.php' for inclusion (include_path='.:/opt/alt/php72/usr/share/pear') in /home/whenqklv/coupondis.se/assig2/check.php on line 152
[28-Feb-2021 03:22:17 America/New_York] PHP Warning:  include(logos.php): failed to open stream: No such file or directory in /home/whenqklv/coupondis.se/assig2/check.php on line 160
[28-Feb-2021 03:22:17 America/New_York] PHP Warning:  include(logos.php): failed to open stream: No such file or directory in /home/whenqklv/coupondis.se/assig2/check.php on line 160
[28-Feb-2021 03:22:17 America/New_York] PHP Warning:  include(): Failed opening 'logos.php' for inclusion (include_path='.:/opt/alt/php72/usr/share/pear') in /home/whenqklv/coupondis.se/assig2/check.php on line 160
[28-Feb-2021 03:27:07 America/New_York] PHP Warning:  include(faces.php): failed to open stream: No such file or directory in /home/whenqklv/coupondis.se/assig2/check.php on line 112
[28-Feb-2021 03:27:07 America/New_York] PHP Warning:  include(faces.php): failed to open stream: No such file or directory in /home/whenqklv/coupondis.se/assig2/check.php on line 112
[28-Feb-2021 03:27:07 America/New_York] PHP Warning:  include(): Failed opening 'faces.php' for inclusion (include_path='.:/opt/alt/php72/usr/share/pear') in /home/whenqklv/coupondis.se/assig2/check.php on line 112
[28-Feb-2021 03:27:07 America/New_York] PHP Warning:  Invalid argument supplied for foreach() in /home/whenqklv/coupondis.se/assig2/labels.php on line 4
[28-Feb-2021 03:27:07 America/New_York] PHP Notice:  Undefined index: description in /home/whenqklv/coupondis.se/assig2/web.php on line 7
[28-Feb-2021 03:27:07 America/New_York] PHP Warning:  include(properties.php): failed to open stream: No such file or directory in /home/whenqklv/coupondis.se/assig2/check.php on line 136
[28-Feb-2021 03:27:07 America/New_York] PHP Warning:  include(properties.php): failed to open stream: No such file or directory in /home/whenqklv/coupondis.se/assig2/check.php on line 136
[28-Feb-2021 03:27:07 America/New_York] PHP Warning:  include(): Failed opening 'properties.php' for inclusion (include_path='.:/opt/alt/php72/usr/share/pear') in /home/whenqklv/coupondis.se/assig2/check.php on line 136
[28-Feb-2021 03:27:07 America/New_York] PHP Warning:  include(safesearch.php): failed to open stream: No such file or directory in /home/whenqklv/coupondis.se/assig2/check.php on line 144
[28-Feb-2021 03:27:07 America/New_York] PHP Warning:  include(safesearch.php): failed to open stream: No such file or directory in /home/whenqklv/coupondis.se/assig2/check.php on line 144
[28-Feb-2021 03:27:07 America/New_York] PHP Warning:  include(): Failed opening 'safesearch.php' for inclusion (include_path='.:/opt/alt/php72/usr/share/pear') in /home/whenqklv/coupondis.se/assig2/check.php on line 144
[28-Feb-2021 03:27:07 America/New_York] PHP Warning:  include(landmarks.php): failed to open stream: No such file or directory in /home/whenqklv/coupondis.se/assig2/check.php on line 152
[28-Feb-2021 03:27:07 America/New_York] PHP Warning:  include(landmarks.php): failed to open stream: No such file or directory in /home/whenqklv/coupondis.se/assig2/check.php on line 152
[28-Feb-2021 03:27:07 America/New_York] PHP Warning:  include(): Failed opening 'landmarks.php' for inclusion (include_path='.:/opt/alt/php72/usr/share/pear') in /home/whenqklv/coupondis.se/assig2/check.php on line 152
[28-Feb-2021 03:27:07 America/New_York] PHP Warning:  include(logos.php): failed to open stream: No such file or directory in /home/whenqklv/coupondis.se/assig2/check.php on line 160
[28-Feb-2021 03:27:07 America/New_York] PHP Warning:  include(logos.php): failed to open stream: No such file or directory in /home/whenqklv/coupondis.se/assig2/check.php on line 160
[28-Feb-2021 03:27:07 America/New_York] PHP Warning:  include(): Failed opening 'logos.php' for inclusion (include_path='.:/opt/alt/php72/usr/share/pear') in /home/whenqklv/coupondis.se/assig2/check.php on line 160
[28-Feb-2021 03:27:59 America/New_York] PHP Warning:  include(faces.php): failed to open stream: No such file or directory in /home/whenqklv/coupondis.se/assig2/check.php on line 126
[28-Feb-2021 03:27:59 America/New_York] PHP Warning:  include(faces.php): failed to open stream: No such file or directory in /home/whenqklv/coupondis.se/assig2/check.php on line 126
[28-Feb-2021 03:27:59 America/New_York] PHP Warning:  include(): Failed opening 'faces.php' for inclusion (include_path='.:/opt/alt/php72/usr/share/pear') in /home/whenqklv/coupondis.se/assig2/check.php on line 126
[28-Feb-2021 03:27:59 America/New_York] PHP Warning:  include(properties.php): failed to open stream: No such file or directory in /home/whenqklv/coupondis.se/assig2/check.php on line 150
[28-Feb-2021 03:27:59 America/New_York] PHP Warning:  include(properties.php): failed to open stream: No such file or directory in /home/whenqklv/coupondis.se/assig2/check.php on line 150
[28-Feb-2021 03:27:59 America/New_York] PHP Warning:  include(): Failed opening 'properties.php' for inclusion (include_path='.:/opt/alt/php72/usr/share/pear') in /home/whenqklv/coupondis.se/assig2/check.php on line 150
[28-Feb-2021 03:27:59 America/New_York] PHP Warning:  include(safesearch.php): failed to open stream: No such file or directory in /home/whenqklv/coupondis.se/assig2/check.php on line 158
[28-Feb-2021 03:27:59 America/New_York] PHP Warning:  include(safesearch.php): failed to open stream: No such file or directory in /home/whenqklv/coupondis.se/assig2/check.php on line 158
[28-Feb-2021 03:27:59 America/New_York] PHP Warning:  include(): Failed opening 'safesearch.php' for inclusion (include_path='.:/opt/alt/php72/usr/share/pear') in /home/whenqklv/coupondis.se/assig2/check.php on line 158
[28-Feb-2021 03:27:59 America/New_York] PHP Warning:  include(landmarks.php): failed to open stream: No such file or directory in /home/whenqklv/coupondis.se/assig2/check.php on line 166
[28-Feb-2021 03:27:59 America/New_York] PHP Warning:  include(landmarks.php): failed to open stream: No such file or directory in /home/whenqklv/coupondis.se/assig2/check.php on line 166
[28-Feb-2021 03:27:59 America/New_York] PHP Warning:  include(): Failed opening 'landmarks.php' for inclusion (include_path='.:/opt/alt/php72/usr/share/pear') in /home/whenqklv/coupondis.se/assig2/check.php on line 166
[28-Feb-2021 03:27:59 America/New_York] PHP Warning:  include(logos.php): failed to open stream: No such file or directory in /home/whenqklv/coupondis.se/assig2/check.php on line 174
[28-Feb-2021 03:27:59 America/New_York] PHP Warning:  include(logos.php): failed to open stream: No such file or directory in /home/whenqklv/coupondis.se/assig2/check.php on line 174
[28-Feb-2021 03:27:59 America/New_York] PHP Warning:  include(): Failed opening 'logos.php' for inclusion (include_path='.:/opt/alt/php72/usr/share/pear') in /home/whenqklv/coupondis.se/assig2/check.php on line 174
[28-Feb-2021 03:32:03 America/New_York] PHP Notice:  Undefined index: image in /home/whenqklv/coupondis.se/assig2/check.php on line 11
[28-Feb-2021 03:32:03 America/New_York] PHP Warning:  fopen(): Filename cannot be empty in /home/whenqklv/coupondis.se/assig2/check.php on line 11
[28-Feb-2021 03:32:03 America/New_York] PHP Fatal error:  Uncaught InvalidArgumentException: Given image is not valid. Image must be a string of bytes, a google storage object, a valid image URI, or a resource. in /home/whenqklv/coupondis.se/assig2/vendor/google/cloud-vision/src/Image.php:254
Stack trace:
#0 /home/whenqklv/coupondis.se/assig2/vendor/google/cloud-vision/src/VisionClient.php(165): Google\Cloud\Vision\Image->__construct(false, Array, Array)
#1 /home/whenqklv/coupondis.se/assig2/check.php(14): Google\Cloud\Vision\VisionClient->image(false, Array)
#2 {main}
  thrown in /home/whenqklv/coupondis.se/assig2/vendor/google/cloud-vision/src/Image.php on line 254
[28-Feb-2021 08:57:08 America/New_York] PHP Notice:  Undefined index: description in /home/whenqklv/coupondis.se/assig2/web.php on line 7
[28-Feb-2021 08:57:08 America/New_York] PHP Notice:  Undefined index: description in /home/whenqklv/coupondis.se/assig2/web.php on line 7
[28-Feb-2021 08:57:08 America/New_York] PHP Warning:  Invalid argument supplied for foreach() in /home/whenqklv/coupondis.se/assig2/web.php on line 23
[28-Feb-2021 08:57:46 America/New_York] PHP Notice:  Undefined index: description in /home/whenqklv/coupondis.se/assig2/web.php on line 7
[28-Feb-2021 08:57:46 America/New_York] PHP Notice:  Undefined index: description in /home/whenqklv/coupondis.se/assig2/web.php on line 7
[28-Feb-2021 08:57:46 America/New_York] PHP Warning:  Invalid argument supplied for foreach() in /home/whenqklv/coupondis.se/assig2/web.php on line 23
[28-Feb-2021 08:59:37 America/New_York] PHP Warning:  Invalid argument supplied for foreach() in /home/whenqklv/coupondis.se/assig2/web.php on line 23
[28-Feb-2021 08:59:37 America/New_York] PHP Warning:  Invalid argument supplied for foreach() in /home/whenqklv/coupondis.se/assig2/web.php on line 31
[28-Feb-2021 09:00:29 America/New_York] PHP Warning:  Invalid argument supplied for foreach() in /home/whenqklv/coupondis.se/assig2/web.php on line 23
[28-Feb-2021 09:00:29 America/New_York] PHP Warning:  Invalid argument supplied for foreach() in /home/whenqklv/coupondis.se/assig2/web.php on line 31
[28-Feb-2021 11:23:46 America/New_York] PHP Warning:  Invalid argument supplied for foreach() in /home/whenqklv/coupondis.se/assig2/web.php on line 23
[28-Feb-2021 11:23:46 America/New_York] PHP Warning:  Invalid argument supplied for foreach() in /home/whenqklv/coupondis.se/assig2/web.php on line 31
[28-Feb-2021 16:29:33 America/New_York] PHP Warning:  Invalid argument supplied for foreach() in /home/whenqklv/coupondis.se/assig2/web.php on line 23
[28-Feb-2021 16:29:33 America/New_York] PHP Warning:  Invalid argument supplied for foreach() in /home/whenqklv/coupondis.se/assig2/web.php on line 31
[03-Mar-2021 14:37:43 America/New_York] PHP Warning:  Invalid argument supplied for foreach() in /home/whenqklv/coupondis.se/assig2/web.php on line 23
[03-Mar-2021 14:37:43 America/New_York] PHP Warning:  Invalid argument supplied for foreach() in /home/whenqklv/coupondis.se/assig2/web.php on line 31
[03-Mar-2021 14:44:47 America/New_York] PHP Warning:  file_put_contents() expects parameter 3 to be integer, string given in /home/whenqklv/coupondis.se/assig2/camerachecker.php on line 8
[03-Mar-2021 14:46:39 America/New_York] PHP Warning:  file_put_contents() expects parameter 3 to be integer, string given in /home/whenqklv/coupondis.se/assig2/camerachecker.php on line 8
[03-Mar-2021 14:48:44 America/New_York] PHP Warning:  file_put_contents() expects parameter 3 to be integer, string given in /home/whenqklv/coupondis.se/assig2/camerachecker.php on line 8
[03-Mar-2021 14:51:27 America/New_York] PHP Warning:  file_put_contents(https://coupondis.se/assig2/images/IMG-1614801087.png): failed to open stream: HTTP wrapper does not support writeable connections in /home/whenqklv/coupondis.se/assig2/camerachecker.php on line 8
[04-Mar-2021 08:29:03 America/New_York] PHP Warning:  file_get_contents(): Filename cannot be empty in /home/whenqklv/coupondis.se/assig2/check.php on line 9
[04-Mar-2021 08:29:07 America/New_York] PHP Fatal error:  Uncaught Google\Cloud\Core\Exception\ServiceException: {
  "error": {
    "code": 403,
    "message": "The request is missing a valid API key.",
    "status": "PERMISSION_DENIED"
  }
}
 in /home/whenqklv/coupondis.se/assig2/vendor/google/cloud-core/src/RequestWrapper.php:368
Stack trace:
#0 /home/whenqklv/coupondis.se/assig2/vendor/google/cloud-core/src/RequestWrapper.php(207): Google\Cloud\Core\RequestWrapper->convertToGoogleException(Object(GuzzleHttp\Exception\ClientException))
#1 /home/whenqklv/coupondis.se/assig2/vendor/google/cloud-core/src/RestTrait.php(98): Google\Cloud\Core\RequestWrapper->send(Object(GuzzleHttp\Psr7\Request), Array)
#2 /home/whenqklv/coupondis.se/assig2/vendor/google/cloud-vision/src/Connection/Rest.php(66): Google\Cloud\Vision\Connection\Rest->send('images', 'annotate', Array)
#3 /home/whenqklv/coupondis.se/assig2/vendor/google/cloud-vision/src/VisionClient.php(287): Google\Cloud\Vision\Connection\Rest->annotate(Array)
#4 /home/whenqklv/coupondis.se/assig2/vendor/google/cloud-visio in /home/whenqklv/coupondis.se/assig2/vendor/google/cloud-core/src/RequestWrapper.php on line 368
[04-Mar-2021 08:45:07 America/New_York] PHP Notice:  Undefined variable: imagetoken in /home/whenqklv/coupondis.se/assig2/check.php on line 99
[04-Mar-2021 08:45:07 America/New_York] PHP Warning:  Invalid argument supplied for foreach() in /home/whenqklv/coupondis.se/assig2/web.php on line 23
[04-Mar-2021 08:45:07 America/New_York] PHP Warning:  Invalid argument supplied for foreach() in /home/whenqklv/coupondis.se/assig2/web.php on line 31
[04-Mar-2021 08:45:55 America/New_York] PHP Notice:  Undefined variable: imagetoken in /home/whenqklv/coupondis.se/assig2/check.php on line 99
[04-Mar-2021 08:50:22 America/New_York] PHP Warning:  Invalid argument supplied for foreach() in /home/whenqklv/coupondis.se/assig2/web.php on line 15
[04-Mar-2021 08:50:22 America/New_York] PHP Warning:  Invalid argument supplied for foreach() in /home/whenqklv/coupondis.se/assig2/web.php on line 23
[04-Mar-2021 08:50:22 America/New_York] PHP Warning:  Invalid argument supplied for foreach() in /home/whenqklv/coupondis.se/assig2/web.php on line 31
[04-Mar-2021 08:59:57 America/New_York] PHP Notice:  Undefined variable: familyPhotoResource in /home/whenqklv/coupondis.se/assig2/check.php on line 27
[04-Mar-2021 08:59:57 America/New_York] PHP Fatal error:  Uncaught InvalidArgumentException: Given image is not valid. Image must be a string of bytes, a google storage object, a valid image URI, or a resource. in /home/whenqklv/coupondis.se/assig2/vendor/google/cloud-vision/src/Image.php:254
Stack trace:
#0 /home/whenqklv/coupondis.se/assig2/vendor/google/cloud-vision/src/VisionClient.php(165): Google\Cloud\Vision\Image->__construct(NULL, Array, Array)
#1 /home/whenqklv/coupondis.se/assig2/check.php(28): Google\Cloud\Vision\VisionClient->image(NULL, Array)
#2 {main}
  thrown in /home/whenqklv/coupondis.se/assig2/vendor/google/cloud-vision/src/Image.php on line 254
[04-Mar-2021 09:00:36 America/New_York] PHP Warning:  Invalid argument supplied for foreach() in /home/whenqklv/coupondis.se/assig2/web.php on line 15
[04-Mar-2021 09:00:36 America/New_York] PHP Warning:  Invalid argument supplied for foreach() in /home/whenqklv/coupondis.se/assig2/web.php on line 23
[04-Mar-2021 09:00:36 America/New_York] PHP Warning:  Invalid argument supplied for foreach() in /home/whenqklv/coupondis.se/assig2/web.php on line 31
[04-Mar-2021 10:09:10 America/New_York] PHP Notice:  Undefined index: score in /home/whenqklv/coupondis.se/assig2/web.php on line 7
[04-Mar-2021 10:09:10 America/New_York] PHP Notice:  Undefined index: score in /home/whenqklv/coupondis.se/assig2/web.php on line 7
[04-Mar-2021 10:09:10 America/New_York] PHP Notice:  Undefined index: score in /home/whenqklv/coupondis.se/assig2/web.php on line 7
[04-Mar-2021 10:09:10 America/New_York] PHP Warning:  Invalid argument supplied for foreach() in /home/whenqklv/coupondis.se/assig2/web.php on line 15
[04-Mar-2021 10:09:10 America/New_York] PHP Warning:  Invalid argument supplied for foreach() in /home/whenqklv/coupondis.se/assig2/web.php on line 23
[04-Mar-2021 10:09:10 America/New_York] PHP Warning:  Invalid argument supplied for foreach() in /home/whenqklv/coupondis.se/assig2/web.php on line 31
[04-Mar-2021 10:10:52 America/New_York] PHP Warning:  Invalid argument supplied for foreach() in /home/whenqklv/coupondis.se/assig2/web.php on line 15
[04-Mar-2021 10:10:52 America/New_York] PHP Warning:  Invalid argument supplied for foreach() in /home/whenqklv/coupondis.se/assig2/web.php on line 23
[04-Mar-2021 10:10:52 America/New_York] PHP Warning:  Invalid argument supplied for foreach() in /home/whenqklv/coupondis.se/assig2/web.php on line 31
[04-Mar-2021 10:10:55 America/New_York] PHP Warning:  Invalid argument supplied for foreach() in /home/whenqklv/coupondis.se/assig2/web.php on line 15
[04-Mar-2021 10:10:55 America/New_York] PHP Warning:  Invalid argument supplied for foreach() in /home/whenqklv/coupondis.se/assig2/web.php on line 23
[04-Mar-2021 10:10:55 America/New_York] PHP Warning:  Invalid argument supplied for foreach() in /home/whenqklv/coupondis.se/assig2/web.php on line 31
[04-Mar-2021 10:19:00 America/New_York] PHP Warning:  Invalid argument supplied for foreach() in /home/whenqklv/coupondis.se/assig2/web.php on line 23
[04-Mar-2021 10:28:52 America/New_York] PHP Notice:  Undefined index: score in /home/whenqklv/coupondis.se/assig2/web.php on line 7
[04-Mar-2021 10:28:52 America/New_York] PHP Notice:  Undefined index: score in /home/whenqklv/coupondis.se/assig2/web.php on line 7
[04-Mar-2021 10:28:52 America/New_York] PHP Warning:  Invalid argument supplied for foreach() in /home/whenqklv/coupondis.se/assig2/web.php on line 15
[04-Mar-2021 10:28:52 America/New_York] PHP Warning:  Invalid argument supplied for foreach() in /home/whenqklv/coupondis.se/assig2/web.php on line 23
[04-Mar-2021 10:28:52 America/New_York] PHP Warning:  Invalid argument supplied for foreach() in /home/whenqklv/coupondis.se/assig2/web.php on line 31
[04-Mar-2021 10:30:14 America/New_York] PHP Notice:  Undefined index: score in /home/whenqklv/coupondis.se/assig2/web.php on line 7
[04-Mar-2021 10:30:14 America/New_York] PHP Notice:  Undefined index: score in /home/whenqklv/coupondis.se/assig2/web.php on line 7
[04-Mar-2021 10:30:14 America/New_York] PHP Warning:  Invalid argument supplied for foreach() in /home/whenqklv/coupondis.se/assig2/web.php on line 15
[04-Mar-2021 10:30:14 America/New_York] PHP Warning:  Invalid argument supplied for foreach() in /home/whenqklv/coupondis.se/assig2/web.php on line 23
[04-Mar-2021 10:30:14 America/New_York] PHP Warning:  Invalid argument supplied for foreach() in /home/whenqklv/coupondis.se/assig2/web.php on line 31
[04-Mar-2021 10:31:05 America/New_York] PHP Warning:  Invalid argument supplied for foreach() in /home/whenqklv/coupondis.se/assig2/web.php on line 15
[04-Mar-2021 10:31:05 America/New_York] PHP Warning:  Invalid argument supplied for foreach() in /home/whenqklv/coupondis.se/assig2/web.php on line 23
[04-Mar-2021 10:31:05 America/New_York] PHP Warning:  Invalid argument supplied for foreach() in /home/whenqklv/coupondis.se/assig2/web.php on line 31
[04-Mar-2021 10:31:45 America/New_York] PHP Notice:  Undefined index: score in /home/whenqklv/coupondis.se/assig2/web.php on line 7
[04-Mar-2021 10:31:45 America/New_York] PHP Notice:  Undefined index: score in /home/whenqklv/coupondis.se/assig2/web.php on line 7
[04-Mar-2021 10:31:45 America/New_York] PHP Notice:  Undefined index: score in /home/whenqklv/coupondis.se/assig2/web.php on line 7
[04-Mar-2021 10:31:45 America/New_York] PHP Warning:  Invalid argument supplied for foreach() in /home/whenqklv/coupondis.se/assig2/web.php on line 15
[04-Mar-2021 10:31:45 America/New_York] PHP Warning:  Invalid argument supplied for foreach() in /home/whenqklv/coupondis.se/assig2/web.php on line 23
[04-Mar-2021 10:31:45 America/New_York] PHP Warning:  Invalid argument supplied for foreach() in /home/whenqklv/coupondis.se/assig2/web.php on line 31
[04-Mar-2021 10:34:56 America/New_York] PHP Notice:  Undefined variable: familyPhotoResource in /home/whenqklv/coupondis.se/assig2/check.php on line 27
[04-Mar-2021 10:34:56 America/New_York] PHP Fatal error:  Uncaught InvalidArgumentException: Given image is not valid. Image must be a string of bytes, a google storage object, a valid image URI, or a resource. in /home/whenqklv/coupondis.se/assig2/vendor/google/cloud-vision/src/Image.php:254
Stack trace:
#0 /home/whenqklv/coupondis.se/assig2/vendor/google/cloud-vision/src/VisionClient.php(165): Google\Cloud\Vision\Image->__construct(NULL, Array, Array)
#1 /home/whenqklv/coupondis.se/assig2/check.php(28): Google\Cloud\Vision\VisionClient->image(NULL, Array)
#2 {main}
  thrown in /home/whenqklv/coupondis.se/assig2/vendor/google/cloud-vision/src/Image.php on line 254
[04-Mar-2021 10:35:07 America/New_York] PHP Notice:  Undefined index: score in /home/whenqklv/coupondis.se/assig2/web.php on line 7
[04-Mar-2021 10:35:07 America/New_York] PHP Notice:  Undefined index: score in /home/whenqklv/coupondis.se/assig2/web.php on line 7
[04-Mar-2021 10:35:07 America/New_York] PHP Warning:  Invalid argument supplied for foreach() in /home/whenqklv/coupondis.se/assig2/web.php on line 15
[04-Mar-2021 10:35:07 America/New_York] PHP Warning:  Invalid argument supplied for foreach() in /home/whenqklv/coupondis.se/assig2/web.php on line 23
[04-Mar-2021 10:35:07 America/New_York] PHP Warning:  Invalid argument supplied for foreach() in /home/whenqklv/coupondis.se/assig2/web.php on line 31
[04-Mar-2021 10:36:33 America/New_York] PHP Warning:  Invalid argument supplied for foreach() in /home/whenqklv/coupondis.se/assig2/web.php on line 15
[04-Mar-2021 10:36:33 America/New_York] PHP Warning:  Invalid argument supplied for foreach() in /home/whenqklv/coupondis.se/assig2/web.php on line 23
[04-Mar-2021 10:36:33 America/New_York] PHP Warning:  Invalid argument supplied for foreach() in /home/whenqklv/coupondis.se/assig2/web.php on line 31
[04-Mar-2021 10:36:51 America/New_York] PHP Warning:  Invalid argument supplied for foreach() in /home/whenqklv/coupondis.se/assig2/web.php on line 23
[04-Mar-2021 10:36:54 America/New_York] PHP Notice:  Undefined index: description in /home/whenqklv/coupondis.se/assig2/web.php on line 7
[04-Mar-2021 10:36:54 America/New_York] PHP Warning:  Invalid argument supplied for foreach() in /home/whenqklv/coupondis.se/assig2/web.php on line 15
[04-Mar-2021 10:42:25 America/New_York] PHP Warning:  Invalid argument supplied for foreach() in /home/whenqklv/coupondis.se/assig2/web.php on line 23
[04-Mar-2021 10:42:39 America/New_York] PHP Notice:  Undefined index: description in /home/whenqklv/coupondis.se/assig2/web.php on line 7
[04-Mar-2021 10:43:38 America/New_York] PHP Warning:  Invalid argument supplied for foreach() in /home/whenqklv/coupondis.se/assig2/web.php on line 15
[04-Mar-2021 10:43:38 America/New_York] PHP Warning:  Invalid argument supplied for foreach() in /home/whenqklv/coupondis.se/assig2/web.php on line 23
[04-Mar-2021 10:43:38 America/New_York] PHP Warning:  Invalid argument supplied for foreach() in /home/whenqklv/coupondis.se/assig2/web.php on line 31
[04-Mar-2021 10:47:07 America/New_York] PHP Notice:  Undefined index: description in /home/whenqklv/coupondis.se/assig2/web.php on line 7
[04-Mar-2021 10:47:07 America/New_York] PHP Warning:  Invalid argument supplied for foreach() in /home/whenqklv/coupondis.se/assig2/web.php on line 15
[04-Mar-2021 10:51:09 America/New_York] PHP Notice:  Undefined index: description in /home/whenqklv/coupondis.se/assig2/web.php on line 7
[04-Mar-2021 10:56:55 America/New_York] PHP Notice:  Undefined index: score in /home/whenqklv/coupondis.se/assig2/web.php on line 7
[04-Mar-2021 10:56:55 America/New_York] PHP Notice:  Undefined index: score in /home/whenqklv/coupondis.se/assig2/web.php on line 7
[04-Mar-2021 10:56:55 America/New_York] PHP Warning:  Invalid argument supplied for foreach() in /home/whenqklv/coupondis.se/assig2/web.php on line 15
[04-Mar-2021 10:56:55 America/New_York] PHP Warning:  Invalid argument supplied for foreach() in /home/whenqklv/coupondis.se/assig2/web.php on line 23
[04-Mar-2021 10:56:55 America/New_York] PHP Warning:  Invalid argument supplied for foreach() in /home/whenqklv/coupondis.se/assig2/web.php on line 31
[04-Mar-2021 11:04:19 America/New_York] PHP Notice:  Undefined index: description in /home/whenqklv/coupondis.se/assig2/web.php on line 7
[04-Mar-2021 11:04:19 America/New_York] PHP Warning:  Invalid argument supplied for foreach() in /home/whenqklv/coupondis.se/assig2/web.php on line 15
[04-Mar-2021 11:12:21 America/New_York] PHP Notice:  Undefined index: description in /home/whenqklv/coupondis.se/assig2/web.php on line 7
[04-Mar-2021 11:12:21 America/New_York] PHP Warning:  Invalid argument supplied for foreach() in /home/whenqklv/coupondis.se/assig2/web.php on line 15
[04-Mar-2021 11:15:03 America/New_York] PHP Notice:  Undefined index: description in /home/whenqklv/coupondis.se/assig2/web.php on line 7
[04-Mar-2021 11:15:03 America/New_York] PHP Warning:  Invalid argument supplied for foreach() in /home/whenqklv/coupondis.se/assig2/web.php on line 15
[04-Mar-2021 11:19:59 America/New_York] PHP Notice:  Undefined index: description in /home/whenqklv/coupondis.se/assig2/web.php on line 7
[04-Mar-2021 11:26:28 America/New_York] PHP Warning:  fopen(): Filename cannot be empty in /home/whenqklv/coupondis.se/assig2/check.php on line 13
[04-Mar-2021 11:26:28 America/New_York] PHP Fatal error:  Uncaught InvalidArgumentException: Given image is not valid. Image must be a string of bytes, a google storage object, a valid image URI, or a resource. in /home/whenqklv/coupondis.se/assig2/vendor/google/cloud-vision/src/Image.php:254
Stack trace:
#0 /home/whenqklv/coupondis.se/assig2/vendor/google/cloud-vision/src/VisionClient.php(165): Google\Cloud\Vision\Image->__construct(false, Array, Array)
#1 /home/whenqklv/coupondis.se/assig2/check.php(28): Google\Cloud\Vision\VisionClient->image(false, Array)
#2 {main}
  thrown in /home/whenqklv/coupondis.se/assig2/vendor/google/cloud-vision/src/Image.php on line 254
[04-Mar-2021 11:26:55 America/New_York] PHP Warning:  fopen(): Filename cannot be empty in /home/whenqklv/coupondis.se/assig2/check.php on line 13
[04-Mar-2021 11:26:55 America/New_York] PHP Fatal error:  Uncaught InvalidArgumentException: Given image is not valid. Image must be a string of bytes, a google storage object, a valid image URI, or a resource. in /home/whenqklv/coupondis.se/assig2/vendor/google/cloud-vision/src/Image.php:254
Stack trace:
#0 /home/whenqklv/coupondis.se/assig2/vendor/google/cloud-vision/src/VisionClient.php(165): Google\Cloud\Vision\Image->__construct(false, Array, Array)
#1 /home/whenqklv/coupondis.se/assig2/check.php(28): Google\Cloud\Vision\VisionClient->image(false, Array)
#2 {main}
  thrown in /home/whenqklv/coupondis.se/assig2/vendor/google/cloud-vision/src/Image.php on line 254
[04-Mar-2021 11:27:18 America/New_York] PHP Warning:  Invalid argument supplied for foreach() in /home/whenqklv/coupondis.se/assig2/web.php on line 23
[04-Mar-2021 11:27:18 America/New_York] PHP Warning:  Invalid argument supplied for foreach() in /home/whenqklv/coupondis.se/assig2/web.php on line 31
[04-Mar-2021 11:43:24 America/New_York] PHP Warning:  Invalid argument supplied for foreach() in /home/whenqklv/coupondis.se/assig2/web.php on line 31
[04-Mar-2021 11:43:24 America/New_York] PHP Warning:  Invalid argument supplied for foreach() in /home/whenqklv/coupondis.se/assig2/web.php on line 39
[04-Mar-2021 11:45:03 America/New_York] PHP Warning:  Invalid argument supplied for foreach() in /home/whenqklv/coupondis.se/assig2/web.php on line 31
[04-Mar-2021 11:45:03 America/New_York] PHP Warning:  Invalid argument supplied for foreach() in /home/whenqklv/coupondis.se/assig2/web.php on line 39
[04-Mar-2021 11:46:23 America/New_York] PHP Warning:  Invalid argument supplied for foreach() in /home/whenqklv/coupondis.se/assig2/web.php on line 24
[04-Mar-2021 11:47:28 America/New_York] PHP Warning:  Invalid argument supplied for foreach() in /home/whenqklv/coupondis.se/assig2/web.php on line 24
[04-Mar-2021 11:48:36 America/New_York] PHP Notice:  Undefined index: description in /home/whenqklv/coupondis.se/assig2/web.php on line 14
[04-Mar-2021 11:50:19 America/New_York] PHP Notice:  Undefined index: description in /home/whenqklv/coupondis.se/assig2/web.php on line 15
[04-Mar-2021 11:51:01 America/New_York] PHP Notice:  Undefined index: description in /home/whenqklv/coupondis.se/assig2/web.php on line 14
[04-Mar-2021 11:53:13 America/New_York] PHP Notice:  Undefined index: description in /home/whenqklv/coupondis.se/assig2/web.php on line 13
[04-Mar-2021 11:54:29 America/New_York] PHP Notice:  Undefined index: description in /home/whenqklv/coupondis.se/assig2/web.php on line 14
[04-Mar-2021 11:56:50 America/New_York] PHP Notice:  Undefined index: description in /home/whenqklv/coupondis.se/assig2/web.php on line 14
[04-Mar-2021 11:57:44 America/New_York] PHP Notice:  Undefined index: description in /home/whenqklv/coupondis.se/assig2/web.php on line 14
[04-Mar-2021 12:22:34 America/New_York] PHP Fatal error:  Uncaught Error: Call to undefined function asset() in /home/whenqklv/coupondis.se/assig2/check.php:86
Stack trace:
#0 {main}
  thrown in /home/whenqklv/coupondis.se/assig2/check.php on line 86
[04-Mar-2021 12:23:51 America/New_York] PHP Fatal error:  Uncaught Error: Call to undefined function asset() in /home/whenqklv/coupondis.se/assig2/check.php:86
Stack trace:
#0 {main}
  thrown in /home/whenqklv/coupondis.se/assig2/check.php on line 86
[04-Mar-2021 12:24:06 America/New_York] PHP Fatal error:  Uncaught Error: Call to undefined function asset() in /home/whenqklv/coupondis.se/assig2/check.php:86
Stack trace:
#0 {main}
  thrown in /home/whenqklv/coupondis.se/assig2/check.php on line 86
[04-Mar-2021 12:26:06 America/New_York] PHP Fatal error:  Uncaught Error: Call to undefined function asset() in /home/whenqklv/coupondis.se/assig2/check.php:86
Stack trace:
#0 {main}
  thrown in /home/whenqklv/coupondis.se/assig2/check.php on line 86
[05-Mar-2021 15:23:34 America/New_York] PHP Warning:  include(assig4/index.php): failed to open stream: No such file or directory in /home/whenqklv/coupondis.se/smartshop/check.php on line 579
[05-Mar-2021 15:23:34 America/New_York] PHP Warning:  include(assig4/index.php): failed to open stream: No such file or directory in /home/whenqklv/coupondis.se/smartshop/check.php on line 579
[05-Mar-2021 15:23:34 America/New_York] PHP Warning:  include(): Failed opening 'assig4/index.php' for inclusion (include_path='.:/opt/alt/php72/usr/share/pear') in /home/whenqklv/coupondis.se/smartshop/check.php on line 579
[05-Mar-2021 15:24:51 America/New_York] PHP Warning:  include(assig4/index.php): failed to open stream: No such file or directory in /home/whenqklv/coupondis.se/smartshop/check.php on line 572
[05-Mar-2021 15:24:51 America/New_York] PHP Warning:  include(assig4/index.php): failed to open stream: No such file or directory in /home/whenqklv/coupondis.se/smartshop/check.php on line 572
[05-Mar-2021 15:24:51 America/New_York] PHP Warning:  include(): Failed opening 'assig4/index.php' for inclusion (include_path='.:/opt/alt/php72/usr/share/pear') in /home/whenqklv/coupondis.se/smartshop/check.php on line 572
[05-Mar-2021 15:24:51 America/New_York] PHP Warning:  include(assig4/index.php): failed to open stream: No such file or directory in /home/whenqklv/coupondis.se/smartshop/check.php on line 582
[05-Mar-2021 15:24:51 America/New_York] PHP Warning:  include(assig4/index.php): failed to open stream: No such file or directory in /home/whenqklv/coupondis.se/smartshop/check.php on line 582
[05-Mar-2021 15:24:51 America/New_York] PHP Warning:  include(): Failed opening 'assig4/index.php' for inclusion (include_path='.:/opt/alt/php72/usr/share/pear') in /home/whenqklv/coupondis.se/smartshop/check.php on line 582
[05-Mar-2021 15:26:59 America/New_York] PHP Warning:  include(/home/whenqklv/coupondis.se/smartshopassig4/index.php): failed to open stream: No such file or directory in /home/whenqklv/coupondis.se/smartshop/check.php on line 573
[05-Mar-2021 15:26:59 America/New_York] PHP Warning:  include(/home/whenqklv/coupondis.se/smartshopassig4/index.php): failed to open stream: No such file or directory in /home/whenqklv/coupondis.se/smartshop/check.php on line 573
[05-Mar-2021 15:26:59 America/New_York] PHP Warning:  include(): Failed opening '/home/whenqklv/coupondis.se/smartshopassig4/index.php' for inclusion (include_path='.:/opt/alt/php72/usr/share/pear') in /home/whenqklv/coupondis.se/smartshop/check.php on line 573
[05-Mar-2021 15:26:59 America/New_York] PHP Warning:  include(assig4/index.php): failed to open stream: No such file or directory in /home/whenqklv/coupondis.se/smartshop/check.php on line 583
[05-Mar-2021 15:26:59 America/New_York] PHP Warning:  include(assig4/index.php): failed to open stream: No such file or directory in /home/whenqklv/coupondis.se/smartshop/check.php on line 583
[05-Mar-2021 15:26:59 America/New_York] PHP Warning:  include(): Failed opening 'assig4/index.php' for inclusion (include_path='.:/opt/alt/php72/usr/share/pear') in /home/whenqklv/coupondis.se/smartshop/check.php on line 583
[05-Mar-2021 16:59:06 America/New_York] PHP Notice:  Undefined index: description in /home/whenqklv/coupondis.se/smartshop/web.php on line 9
[05-Mar-2021 17:01:21 America/New_York] PHP Warning:  Invalid argument supplied for foreach() in /home/whenqklv/coupondis.se/smartshop/web2.php on line 6
[05-Mar-2021 17:29:43 America/New_York] PHP Warning:  Invalid argument supplied for foreach() in /home/whenqklv/coupondis.se/smartshop/check.php on line 671
[05-Mar-2021 17:32:43 America/New_York] PHP Notice:  Undefined index: description in /home/whenqklv/coupondis.se/smartshop/check.php on line 685
[05-Mar-2021 17:34:25 America/New_York] PHP Notice:  Undefined index: description in /home/whenqklv/coupondis.se/smartshop/check.php on line 685
[05-Mar-2021 17:35:17 America/New_York] PHP Notice:  Undefined index: description in /home/whenqklv/coupondis.se/smartshop/check.php on line 685
[05-Mar-2021 17:36:04 America/New_York] PHP Notice:  Undefined index: description in /home/whenqklv/coupondis.se/smartshop/check.php on line 685
[05-Mar-2021 17:36:50 America/New_York] PHP Notice:  Undefined index: description in /home/whenqklv/coupondis.se/smartshop/check.php on line 685
[05-Mar-2021 17:37:37 America/New_York] PHP Notice:  Undefined index: description in /home/whenqklv/coupondis.se/smartshop/check.php on line 685
[05-Mar-2021 17:38:54 America/New_York] PHP Notice:  Undefined index: description in /home/whenqklv/coupondis.se/smartshop/check.php on line 685
[05-Mar-2021 17:39:45 America/New_York] PHP Notice:  Undefined index: description in /home/whenqklv/coupondis.se/smartshop/check.php on line 685
[05-Mar-2021 17:45:33 America/New_York] PHP Parse error:  syntax error, unexpected 'use' (T_USE) in /home/whenqklv/coupondis.se/smartshop/check.php on line 9
[05-Mar-2021 17:45:35 America/New_York] PHP Parse error:  syntax error, unexpected 'use' (T_USE) in /home/whenqklv/coupondis.se/smartshop/check.php on line 9
[05-Mar-2021 17:45:38 America/New_York] PHP Parse error:  syntax error, unexpected 'use' (T_USE) in /home/whenqklv/coupondis.se/smartshop/check.php on line 9
[05-Mar-2021 17:45:38 America/New_York] PHP Parse error:  syntax error, unexpected 'use' (T_USE) in /home/whenqklv/coupondis.se/smartshop/check.php on line 9
[05-Mar-2021 17:45:39 America/New_York] PHP Parse error:  syntax error, unexpected 'use' (T_USE) in /home/whenqklv/coupondis.se/smartshop/check.php on line 9
[05-Mar-2021 17:45:39 America/New_York] PHP Parse error:  syntax error, unexpected 'use' (T_USE) in /home/whenqklv/coupondis.se/smartshop/check.php on line 9
[05-Mar-2021 17:46:50 America/New_York] PHP Notice:  Undefined variable: familyPhotoResource in /home/whenqklv/coupondis.se/smartshop/check.php on line 30
[05-Mar-2021 17:46:50 America/New_York] PHP Fatal error:  Uncaught InvalidArgumentException: Given image is not valid. Image must be a string of bytes, a google storage object, a valid image URI, or a resource. in /home/whenqklv/coupondis.se/smartshop/vendor/google/cloud-vision/src/Image.php:254
Stack trace:
#0 /home/whenqklv/coupondis.se/smartshop/vendor/google/cloud-vision/src/VisionClient.php(165): Google\Cloud\Vision\Image->__construct(NULL, Array, Array)
#1 /home/whenqklv/coupondis.se/smartshop/check.php(31): Google\Cloud\Vision\VisionClient->image(NULL, Array)
#2 {main}
  thrown in /home/whenqklv/coupondis.se/smartshop/vendor/google/cloud-vision/src/Image.php on line 254
[05-Mar-2021 17:46:54 America/New_York] PHP Notice:  Undefined variable: familyPhotoResource in /home/whenqklv/coupondis.se/smartshop/check.php on line 30
[05-Mar-2021 17:46:54 America/New_York] PHP Fatal error:  Uncaught InvalidArgumentException: Given image is not valid. Image must be a string of bytes, a google storage object, a valid image URI, or a resource. in /home/whenqklv/coupondis.se/smartshop/vendor/google/cloud-vision/src/Image.php:254
Stack trace:
#0 /home/whenqklv/coupondis.se/smartshop/vendor/google/cloud-vision/src/VisionClient.php(165): Google\Cloud\Vision\Image->__construct(NULL, Array, Array)
#1 /home/whenqklv/coupondis.se/smartshop/check.php(31): Google\Cloud\Vision\VisionClient->image(NULL, Array)
#2 {main}
  thrown in /home/whenqklv/coupondis.se/smartshop/vendor/google/cloud-vision/src/Image.php on line 254
[05-Mar-2021 17:51:57 America/New_York] PHP Notice:  Undefined variable: familyPhotoResource in /home/whenqklv/coupondis.se/smartshop/check.php on line 30
[05-Mar-2021 17:51:57 America/New_York] PHP Fatal error:  Uncaught InvalidArgumentException: Given image is not valid. Image must be a string of bytes, a google storage object, a valid image URI, or a resource. in /home/whenqklv/coupondis.se/smartshop/vendor/google/cloud-vision/src/Image.php:254
Stack trace:
#0 /home/whenqklv/coupondis.se/smartshop/vendor/google/cloud-vision/src/VisionClient.php(165): Google\Cloud\Vision\Image->__construct(NULL, Array, Array)
#1 /home/whenqklv/coupondis.se/smartshop/check.php(31): Google\Cloud\Vision\VisionClient->image(NULL, Array)
#2 {main}
  thrown in /home/whenqklv/coupondis.se/smartshop/vendor/google/cloud-vision/src/Image.php on line 254
[05-Mar-2021 17:51:59 America/New_York] PHP Notice:  Undefined variable: familyPhotoResource in /home/whenqklv/coupondis.se/smartshop/check.php on line 30
[05-Mar-2021 17:51:59 America/New_York] PHP Fatal error:  Uncaught InvalidArgumentException: Given image is not valid. Image must be a string of bytes, a google storage object, a valid image URI, or a resource. in /home/whenqklv/coupondis.se/smartshop/vendor/google/cloud-vision/src/Image.php:254
Stack trace:
#0 /home/whenqklv/coupondis.se/smartshop/vendor/google/cloud-vision/src/VisionClient.php(165): Google\Cloud\Vision\Image->__construct(NULL, Array, Array)
#1 /home/whenqklv/coupondis.se/smartshop/check.php(31): Google\Cloud\Vision\VisionClient->image(NULL, Array)
#2 {main}
  thrown in /home/whenqklv/coupondis.se/smartshop/vendor/google/cloud-vision/src/Image.php on line 254
[05-Mar-2021 17:52:01 America/New_York] PHP Notice:  Undefined variable: familyPhotoResource in /home/whenqklv/coupondis.se/smartshop/check.php on line 30
[05-Mar-2021 17:52:01 America/New_York] PHP Fatal error:  Uncaught InvalidArgumentException: Given image is not valid. Image must be a string of bytes, a google storage object, a valid image URI, or a resource. in /home/whenqklv/coupondis.se/smartshop/vendor/google/cloud-vision/src/Image.php:254
Stack trace:
#0 /home/whenqklv/coupondis.se/smartshop/vendor/google/cloud-vision/src/VisionClient.php(165): Google\Cloud\Vision\Image->__construct(NULL, Array, Array)
#1 /home/whenqklv/coupondis.se/smartshop/check.php(31): Google\Cloud\Vision\VisionClient->image(NULL, Array)
#2 {main}
  thrown in /home/whenqklv/coupondis.se/smartshop/vendor/google/cloud-vision/src/Image.php on line 254
[05-Mar-2021 18:01:15 America/New_York] PHP Notice:  Undefined index: description in /home/whenqklv/coupondis.se/smartshop/check.php on line 699
[05-Mar-2021 22:12:24 America/New_York] PHP Warning:  Invalid argument supplied for foreach() in /home/whenqklv/coupondis.se/smartshop/check.php on line 679
[06-Mar-2021 05:59:41 America/New_York] PHP Warning:  Invalid argument supplied for foreach() in /home/whenqklv/coupondis.se/smartshop/check.php on line 679
[06-Mar-2021 06:38:35 America/New_York] PHP Warning:  Invalid argument supplied for foreach() in /home/whenqklv/coupondis.se/smartshop/check.php on line 680
[06-Mar-2021 06:55:09 America/New_York] PHP Notice:  Undefined index: description in /home/whenqklv/coupondis.se/smartshop/check.php on line 701
[06-Mar-2021 06:56:35 America/New_York] PHP Warning:  Invalid argument supplied for foreach() in /home/whenqklv/coupondis.se/smartshop/check.php on line 681
[06-Mar-2021 06:57:58 America/New_York] PHP Warning:  Invalid argument supplied for foreach() in /home/whenqklv/coupondis.se/smartshop/check.php on line 681
[06-Mar-2021 06:58:48 America/New_York] PHP Warning:  Invalid argument supplied for foreach() in /home/whenqklv/coupondis.se/smartshop/check.php on line 681
[06-Mar-2021 07:01:47 America/New_York] PHP Warning:  Invalid argument supplied for foreach() in /home/whenqklv/coupondis.se/smartshop/check.php on line 681
[06-Mar-2021 07:20:56 America/New_York] PHP Warning:  Invalid argument supplied for foreach() in /home/whenqklv/coupondis.se/smartshop/check.php on line 681
[06-Mar-2021 07:23:08 America/New_York] PHP Warning:  Invalid argument supplied for foreach() in /home/whenqklv/coupondis.se/smartshop/check.php on line 681
[06-Mar-2021 07:24:19 America/New_York] PHP Warning:  Invalid argument supplied for foreach() in /home/whenqklv/coupondis.se/smartshop/check.php on line 681
[06-Mar-2021 07:25:33 America/New_York] PHP Warning:  Invalid argument supplied for foreach() in /home/whenqklv/coupondis.se/smartshop/check.php on line 681
[06-Mar-2021 08:23:41 America/New_York] PHP Notice:  Undefined index: description in /home/whenqklv/coupondis.se/smartshop/check.php on line 701
[06-Mar-2021 08:28:32 America/New_York] PHP Notice:  Undefined index: description in /home/whenqklv/coupondis.se/smartshop/check.php on line 701
[06-Mar-2021 08:32:21 America/New_York] PHP Notice:  Undefined index: description in /home/whenqklv/coupondis.se/smartshop/check.php on line 701
[06-Mar-2021 08:32:21 America/New_York] PHP Notice:  Undefined index: description in /home/whenqklv/coupondis.se/smartshop/check.php on line 701
[06-Mar-2021 08:32:21 America/New_York] PHP Notice:  Undefined index: description in /home/whenqklv/coupondis.se/smartshop/check.php on line 701
[06-Mar-2021 08:33:35 America/New_York] PHP Notice:  Undefined index: description in /home/whenqklv/coupondis.se/smartshop/check.php on line 701
[06-Mar-2021 08:37:03 America/New_York] PHP Notice:  Undefined index: description in /home/whenqklv/coupondis.se/smartshop/check.php on line 701
[06-Mar-2021 08:38:42 America/New_York] PHP Warning:  Invalid argument supplied for foreach() in /home/whenqklv/coupondis.se/smartshop/check.php on line 681
[06-Mar-2021 08:39:54 America/New_York] PHP Warning:  Invalid argument supplied for foreach() in /home/whenqklv/coupondis.se/smartshop/check.php on line 681
[06-Mar-2021 09:07:49 America/New_York] PHP Notice:  Undefined index: description in /home/whenqklv/coupondis.se/smartshop/check.php on line 701
[06-Mar-2021 09:09:58 America/New_York] PHP Notice:  Undefined index: description in /home/whenqklv/coupondis.se/smartshop/check.php on line 701
[06-Mar-2021 09:10:19 America/New_York] PHP Notice:  Undefined index: description in /home/whenqklv/coupondis.se/smartshop/check.php on line 701
[06-Mar-2021 09:11:41 America/New_York] PHP Warning:  Invalid argument supplied for foreach() in /home/whenqklv/coupondis.se/smartshop/check.php on line 681
[06-Mar-2021 09:12:09 America/New_York] PHP Warning:  Invalid argument supplied for foreach() in /home/whenqklv/coupondis.se/smartshop/check.php on line 681
[06-Mar-2021 11:01:22 America/New_York] PHP Notice:  Undefined index: description in /home/whenqklv/coupondis.se/smartshop/check.php on line 701
[06-Mar-2021 11:04:37 America/New_York] PHP Notice:  Undefined index: description in /home/whenqklv/coupondis.se/smartshop/check.php on line 701
[06-Mar-2021 11:05:20 America/New_York] PHP Warning:  Invalid argument supplied for foreach() in /home/whenqklv/coupondis.se/smartshop/check.php on line 681
[06-Mar-2021 13:43:49 America/New_York] PHP Notice:  Undefined index: description in /home/whenqklv/coupondis.se/smartshop/check.php on line 701
[06-Mar-2021 13:47:40 America/New_York] PHP Warning:  Invalid argument supplied for foreach() in /home/whenqklv/coupondis.se/smartshop/check.php on line 681
[06-Mar-2021 16:20:49 America/New_York] PHP Warning:  fopen(): Filename cannot be empty in /home/whenqklv/coupondis.se/smartshop/check.php on line 16
[06-Mar-2021 16:20:49 America/New_York] PHP Fatal error:  Uncaught InvalidArgumentException: Given image is not valid. Image must be a string of bytes, a google storage object, a valid image URI, or a resource. in /home/whenqklv/coupondis.se/smartshop/vendor/google/cloud-vision/src/Image.php:254
Stack trace:
#0 /home/whenqklv/coupondis.se/smartshop/vendor/google/cloud-vision/src/VisionClient.php(165): Google\Cloud\Vision\Image->__construct(false, Array, Array)
#1 /home/whenqklv/coupondis.se/smartshop/check.php(31): Google\Cloud\Vision\VisionClient->image(false, Array)
#2 {main}
  thrown in /home/whenqklv/coupondis.se/smartshop/vendor/google/cloud-vision/src/Image.php on line 254
[06-Mar-2021 16:29:30 America/New_York] PHP Notice:  Undefined index: description in /home/whenqklv/coupondis.se/smartshop/check.php on line 747
[06-Mar-2021 16:33:26 America/New_York] PHP Warning:  Invalid argument supplied for foreach() in /home/whenqklv/coupondis.se/smartshop/check.php on line 727
[06-Mar-2021 17:20:53 America/New_York] PHP Warning:  fopen(): Filename cannot be empty in /home/whenqklv/coupondis.se/smartshop/check.php on line 17
[06-Mar-2021 17:20:53 America/New_York] PHP Fatal error:  Uncaught InvalidArgumentException: Given image is not valid. Image must be a string of bytes, a google storage object, a valid image URI, or a resource. in /home/whenqklv/coupondis.se/smartshop/vendor/google/cloud-vision/src/Image.php:254
Stack trace:
#0 /home/whenqklv/coupondis.se/smartshop/vendor/google/cloud-vision/src/VisionClient.php(165): Google\Cloud\Vision\Image->__construct(false, Array, Array)
#1 /home/whenqklv/coupondis.se/smartshop/check.php(32): Google\Cloud\Vision\VisionClient->image(false, Array)
#2 {main}
  thrown in /home/whenqklv/coupondis.se/smartshop/vendor/google/cloud-vision/src/Image.php on line 254
[06-Mar-2021 17:22:53 America/New_York] PHP Warning:  fopen(): Filename cannot be empty in /home/whenqklv/coupondis.se/smartshop/check.php on line 17
[06-Mar-2021 17:22:53 America/New_York] PHP Fatal error:  Uncaught InvalidArgumentException: Given image is not valid. Image must be a string of bytes, a google storage object, a valid image URI, or a resource. in /home/whenqklv/coupondis.se/smartshop/vendor/google/cloud-vision/src/Image.php:254
Stack trace:
#0 /home/whenqklv/coupondis.se/smartshop/vendor/google/cloud-vision/src/VisionClient.php(165): Google\Cloud\Vision\Image->__construct(false, Array, Array)
#1 /home/whenqklv/coupondis.se/smartshop/check.php(34): Google\Cloud\Vision\VisionClient->image(false, Array)
#2 {main}
  thrown in /home/whenqklv/coupondis.se/smartshop/vendor/google/cloud-vision/src/Image.php on line 254
[06-Mar-2021 17:23:05 America/New_York] PHP Notice:  Undefined index: description in /home/whenqklv/coupondis.se/smartshop/check.php on line 750
[06-Mar-2021 17:25:19 America/New_York] PHP Warning:  fopen(): Filename cannot be empty in /home/whenqklv/coupondis.se/smartshop/check.php on line 17
[06-Mar-2021 17:25:19 America/New_York] PHP Fatal error:  Uncaught InvalidArgumentException: Given image is not valid. Image must be a string of bytes, a google storage object, a valid image URI, or a resource. in /home/whenqklv/coupondis.se/smartshop/vendor/google/cloud-vision/src/Image.php:254
Stack trace:
#0 /home/whenqklv/coupondis.se/smartshop/vendor/google/cloud-vision/src/VisionClient.php(165): Google\Cloud\Vision\Image->__construct(false, Array, Array)
#1 /home/whenqklv/coupondis.se/smartshop/check.php(34): Google\Cloud\Vision\VisionClient->image(false, Array)
#2 {main}
  thrown in /home/whenqklv/coupondis.se/smartshop/vendor/google/cloud-vision/src/Image.php on line 254
[06-Mar-2021 17:27:22 America/New_York] PHP Warning:  fopen(): Filename cannot be empty in /home/whenqklv/coupondis.se/smartshop/check.php on line 17
[06-Mar-2021 17:27:22 America/New_York] PHP Fatal error:  Uncaught InvalidArgumentException: Given image is not valid. Image must be a string of bytes, a google storage object, a valid image URI, or a resource. in /home/whenqklv/coupondis.se/smartshop/vendor/google/cloud-vision/src/Image.php:254
Stack trace:
#0 /home/whenqklv/coupondis.se/smartshop/vendor/google/cloud-vision/src/VisionClient.php(165): Google\Cloud\Vision\Image->__construct(false, Array, Array)
#1 /home/whenqklv/coupondis.se/smartshop/check.php(34): Google\Cloud\Vision\VisionClient->image(false, Array)
#2 {main}
  thrown in /home/whenqklv/coupondis.se/smartshop/vendor/google/cloud-vision/src/Image.php on line 254
[06-Mar-2021 17:28:16 America/New_York] PHP Warning:  fopen(): Filename cannot be empty in /home/whenqklv/coupondis.se/smartshop/check.php on line 17
[06-Mar-2021 17:28:16 America/New_York] PHP Fatal error:  Uncaught InvalidArgumentException: Given image is not valid. Image must be a string of bytes, a google storage object, a valid image URI, or a resource. in /home/whenqklv/coupondis.se/smartshop/vendor/google/cloud-vision/src/Image.php:254
Stack trace:
#0 /home/whenqklv/coupondis.se/smartshop/vendor/google/cloud-vision/src/VisionClient.php(165): Google\Cloud\Vision\Image->__construct(false, Array, Array)
#1 /home/whenqklv/coupondis.se/smartshop/check.php(34): Google\Cloud\Vision\VisionClient->image(false, Array)
#2 {main}
  thrown in /home/whenqklv/coupondis.se/smartshop/vendor/google/cloud-vision/src/Image.php on line 254
[06-Mar-2021 17:29:16 America/New_York] PHP Warning:  Invalid argument supplied for foreach() in /home/whenqklv/coupondis.se/smartshop/check.php on line 731
[06-Mar-2021 17:30:01 America/New_York] PHP Warning:  fopen(): Filename cannot be empty in /home/whenqklv/coupondis.se/smartshop/check.php on line 17
[06-Mar-2021 17:30:01 America/New_York] PHP Fatal error:  Uncaught InvalidArgumentException: Given image is not valid. Image must be a string of bytes, a google storage object, a valid image URI, or a resource. in /home/whenqklv/coupondis.se/smartshop/vendor/google/cloud-vision/src/Image.php:254
Stack trace:
#0 /home/whenqklv/coupondis.se/smartshop/vendor/google/cloud-vision/src/VisionClient.php(165): Google\Cloud\Vision\Image->__construct(false, Array, Array)
#1 /home/whenqklv/coupondis.se/smartshop/check.php(35): Google\Cloud\Vision\VisionClient->image(false, Array)
#2 {main}
  thrown in /home/whenqklv/coupondis.se/smartshop/vendor/google/cloud-vision/src/Image.php on line 254
[06-Mar-2021 17:30:55 America/New_York] PHP Notice:  Undefined index: description in /home/whenqklv/coupondis.se/smartshop/check.php on line 751
[06-Mar-2021 17:31:12 America/New_York] PHP Warning:  Invalid argument supplied for foreach() in /home/whenqklv/coupondis.se/smartshop/check.php on line 731
[06-Mar-2021 18:10:48 America/New_York] PHP Warning:  fopen(): Filename cannot be empty in /home/whenqklv/coupondis.se/smartshop/check.php on line 17
[06-Mar-2021 18:10:48 America/New_York] PHP Fatal error:  Uncaught InvalidArgumentException: Given image is not valid. Image must be a string of bytes, a google storage object, a valid image URI, or a resource. in /home/whenqklv/coupondis.se/smartshop/vendor/google/cloud-vision/src/Image.php:254
Stack trace:
#0 /home/whenqklv/coupondis.se/smartshop/vendor/google/cloud-vision/src/VisionClient.php(165): Google\Cloud\Vision\Image->__construct(false, Array, Array)
#1 /home/whenqklv/coupondis.se/smartshop/check.php(34): Google\Cloud\Vision\VisionClient->image(false, Array)
#2 {main}
  thrown in /home/whenqklv/coupondis.se/smartshop/vendor/google/cloud-vision/src/Image.php on line 254
[07-Mar-2021 04:31:49 America/New_York] PHP Notice:  Undefined index: description in /home/whenqklv/coupondis.se/smartshop/check.php on line 750
[07-Mar-2021 04:34:33 America/New_York] PHP Warning:  Invalid argument supplied for foreach() in /home/whenqklv/coupondis.se/smartshop/check.php on line 730
[07-Mar-2021 05:40:51 America/New_York] PHP Notice:  Undefined index: description in /home/whenqklv/coupondis.se/smartshop/check.php on line 752
[07-Mar-2021 05:42:44 America/New_York] PHP Warning:  Invalid argument supplied for foreach() in /home/whenqklv/coupondis.se/smartshop/check.php on line 732
[07-Mar-2021 07:35:17 America/New_York] PHP Notice:  Undefined index: description in /home/whenqklv/coupondis.se/smartshop/check.php on line 752
[07-Mar-2021 07:37:34 America/New_York] PHP Warning:  Invalid argument supplied for foreach() in /home/whenqklv/coupondis.se/smartshop/check.php on line 732
[07-Mar-2021 08:27:20 America/New_York] PHP Notice:  Undefined index: description in /home/whenqklv/coupondis.se/smartshop/check.php on line 752
[07-Mar-2021 08:30:12 America/New_York] PHP Warning:  Invalid argument supplied for foreach() in /home/whenqklv/coupondis.se/smartshop/check.php on line 732
[07-Mar-2021 09:16:58 America/New_York] PHP Notice:  Undefined index: description in /home/whenqklv/coupondis.se/smartshop/check.php on line 752
[07-Mar-2021 09:19:32 America/New_York] PHP Warning:  Invalid argument supplied for foreach() in /home/whenqklv/coupondis.se/smartshop/check.php on line 732
[07-Mar-2021 09:37:42 America/New_York] PHP Warning:  fopen(): Filename cannot be empty in /home/whenqklv/coupondis.se/smartshop/check.php on line 17
[07-Mar-2021 09:37:42 America/New_York] PHP Fatal error:  Uncaught InvalidArgumentException: Given image is not valid. Image must be a string of bytes, a google storage object, a valid image URI, or a resource. in /home/whenqklv/coupondis.se/smartshop/vendor/google/cloud-vision/src/Image.php:254
Stack trace:
#0 /home/whenqklv/coupondis.se/smartshop/vendor/google/cloud-vision/src/VisionClient.php(165): Google\Cloud\Vision\Image->__construct(false, Array, Array)
#1 /home/whenqklv/coupondis.se/smartshop/check.php(34): Google\Cloud\Vision\VisionClient->image(false, Array)
#2 {main}
  thrown in /home/whenqklv/coupondis.se/smartshop/vendor/google/cloud-vision/src/Image.php on line 254
[07-Mar-2021 09:44:35 America/New_York] PHP Notice:  Undefined index: description in /home/whenqklv/coupondis.se/smartshop/check.php on line 752
[07-Mar-2021 09:45:31 America/New_York] PHP Notice:  Undefined index: description in /home/whenqklv/coupondis.se/smartshop/check.php on line 752
[07-Mar-2021 09:48:40 America/New_York] PHP Notice:  Undefined index: description in /home/whenqklv/coupondis.se/smartshop/check.php on line 752
[07-Mar-2021 09:49:37 America/New_York] PHP Notice:  Undefined index: description in /home/whenqklv/coupondis.se/smartshop/check.php on line 752
[07-Mar-2021 09:53:50 America/New_York] PHP Notice:  Undefined index: description in /home/whenqklv/coupondis.se/smartshop/check.php on line 752
[07-Mar-2021 09:53:50 America/New_York] PHP Notice:  Undefined index: description in /home/whenqklv/coupondis.se/smartshop/check.php on line 752
[07-Mar-2021 10:06:16 America/New_York] PHP Notice:  Undefined index: description in /home/whenqklv/coupondis.se/smartshop/check.php on line 752
[07-Mar-2021 10:06:16 America/New_York] PHP Notice:  Undefined index: description in /home/whenqklv/coupondis.se/smartshop/check.php on line 752
[07-Mar-2021 10:34:55 America/New_York] PHP Notice:  Undefined index: description in /home/whenqklv/coupondis.se/smartshop/check.php on line 752
[07-Mar-2021 10:34:55 America/New_York] PHP Notice:  Undefined index: description in /home/whenqklv/coupondis.se/smartshop/check.php on line 752
[07-Mar-2021 10:34:55 America/New_York] PHP Notice:  Undefined index: description in /home/whenqklv/coupondis.se/smartshop/check.php on line 752
[07-Mar-2021 10:34:55 America/New_York] PHP Notice:  Undefined index: description in /home/whenqklv/coupondis.se/smartshop/check.php on line 752
[07-Mar-2021 10:39:33 America/New_York] PHP Warning:  Invalid argument supplied for foreach() in /home/whenqklv/coupondis.se/smartshop/check.php on line 732
[07-Mar-2021 10:40:33 America/New_York] PHP Warning:  Invalid argument supplied for foreach() in /home/whenqklv/coupondis.se/smartshop/check.php on line 732
[07-Mar-2021 10:40:56 America/New_York] PHP Warning:  Invalid argument supplied for foreach() in /home/whenqklv/coupondis.se/smartshop/check.php on line 732
[07-Mar-2021 10:45:29 America/New_York] PHP Notice:  Undefined index: description in /home/whenqklv/coupondis.se/smartshop/check.php on line 752
[07-Mar-2021 11:10:36 America/New_York] PHP Notice:  Undefined index: description in /home/whenqklv/coupondis.se/smartshop/check.php on line 752
[07-Mar-2021 11:13:10 America/New_York] PHP Warning:  Invalid argument supplied for foreach() in /home/whenqklv/coupondis.se/smartshop/check.php on line 732
[07-Mar-2021 11:46:25 America/New_York] PHP Notice:  Undefined index: description in /home/whenqklv/coupondis.se/smartshop/check.php on line 752
[07-Mar-2021 11:48:35 America/New_York] PHP Warning:  Invalid argument supplied for foreach() in /home/whenqklv/coupondis.se/smartshop/check.php on line 732
[07-Mar-2021 12:08:08 America/New_York] PHP Warning:  Invalid argument supplied for foreach() in /home/whenqklv/coupondis.se/smartshop/check.php on line 732
[07-Mar-2021 14:18:47 America/New_York] PHP Notice:  Undefined index: description in /home/whenqklv/coupondis.se/smartshop/check.php on line 753
[07-Mar-2021 14:20:58 America/New_York] PHP Notice:  Undefined index: description in /home/whenqklv/coupondis.se/smartshop/check.php on line 753
[07-Mar-2021 14:31:16 America/New_York] PHP Notice:  Undefined index: description in /home/whenqklv/coupondis.se/smartshop/check.php on line 753
[07-Mar-2021 14:34:24 America/New_York] PHP Warning:  Invalid argument supplied for foreach() in /home/whenqklv/coupondis.se/smartshop/check.php on line 733
[07-Mar-2021 15:10:18 America/New_York] PHP Notice:  Undefined index: description in /home/whenqklv/coupondis.se/smartshop/check.php on line 753
[07-Mar-2021 15:10:47 America/New_York] PHP Notice:  Undefined index: description in /home/whenqklv/coupondis.se/smartshop/check.php on line 753
[07-Mar-2021 15:13:30 America/New_York] PHP Warning:  Invalid argument supplied for foreach() in /home/whenqklv/coupondis.se/smartshop/check.php on line 733
[07-Mar-2021 15:43:31 America/New_York] PHP Notice:  Undefined index: description in /home/whenqklv/coupondis.se/smartshop/check.php on line 753
[07-Mar-2021 15:44:30 America/New_York] PHP Notice:  Undefined index: description in /home/whenqklv/coupondis.se/smartshop/check.php on line 753
[07-Mar-2021 15:54:16 America/New_York] PHP Notice:  Undefined index: description in /home/whenqklv/coupondis.se/smartshop/check.php on line 753
[07-Mar-2021 15:54:18 America/New_York] PHP Notice:  Undefined index: description in /home/whenqklv/coupondis.se/smartshop/check.php on line 753
[07-Mar-2021 15:55:40 America/New_York] PHP Notice:  Undefined index: description in /home/whenqklv/coupondis.se/smartshop/check.php on line 753
[07-Mar-2021 15:56:16 America/New_York] PHP Warning:  Invalid argument supplied for foreach() in /home/whenqklv/coupondis.se/smartshop/check.php on line 733
[07-Mar-2021 16:05:05 America/New_York] PHP Notice:  Undefined index: description in /home/whenqklv/coupondis.se/smartshop/check.php on line 753
[07-Mar-2021 16:06:50 America/New_York] PHP Warning:  Invalid argument supplied for foreach() in /home/whenqklv/coupondis.se/smartshop/check.php on line 733
[07-Mar-2021 16:18:11 America/New_York] PHP Notice:  Undefined index: description in /home/whenqklv/coupondis.se/smartshop/check.php on line 753
[07-Mar-2021 16:19:53 America/New_York] PHP Warning:  Invalid argument supplied for foreach() in /home/whenqklv/coupondis.se/smartshop/check.php on line 733
[07-Mar-2021 16:38:05 America/New_York] PHP Notice:  Undefined index: description in /home/whenqklv/coupondis.se/smartshop/check.php on line 753
[07-Mar-2021 16:39:31 America/New_York] PHP Warning:  Invalid argument supplied for foreach() in /home/whenqklv/coupondis.se/smartshop/check.php on line 733
[07-Mar-2021 16:55:19 America/New_York] PHP Notice:  Undefined index: description in /home/whenqklv/coupondis.se/smartshop/check.php on line 753
[07-Mar-2021 16:56:12 America/New_York] PHP Warning:  Invalid argument supplied for foreach() in /home/whenqklv/coupondis.se/smartshop/check.php on line 733
[08-Mar-2021 07:03:18 America/New_York] PHP Warning:  Invalid argument supplied for foreach() in /home/whenqklv/coupondis.se/smartshop/check.php on line 733
[08-Mar-2021 07:03:20 America/New_York] PHP Warning:  Invalid argument supplied for foreach() in /home/whenqklv/coupondis.se/smartshop/check.php on line 733
[08-Mar-2021 07:04:23 America/New_York] PHP Warning:  Invalid argument supplied for foreach() in /home/whenqklv/coupondis.se/smartshop/check.php on line 733
[08-Mar-2021 07:05:32 America/New_York] PHP Warning:  Invalid argument supplied for foreach() in /home/whenqklv/coupondis.se/smartshop/check.php on line 733
[08-Mar-2021 07:21:02 America/New_York] PHP Warning:  Invalid argument supplied for foreach() in /home/whenqklv/coupondis.se/smartshop/check.php on line 733
[08-Mar-2021 07:39:51 America/New_York] PHP Notice:  Undefined index: description in /home/whenqklv/coupondis.se/smartshop/check.php on line 753
[08-Mar-2021 07:46:16 America/New_York] PHP Warning:  Invalid argument supplied for foreach() in /home/whenqklv/coupondis.se/smartshop/check.php on line 733
[08-Mar-2021 09:23:54 America/New_York] PHP Warning:  Invalid argument supplied for foreach() in /home/whenqklv/coupondis.se/smartshop/check.php on line 733
[08-Mar-2021 16:13:50 America/New_York] PHP Notice:  Undefined index: description in /home/whenqklv/coupondis.se/smartshop/check.php on line 753
[09-Mar-2021 06:10:14 America/New_York] PHP Notice:  Undefined index: description in /home/whenqklv/coupondis.se/smartshop/check.php on line 753
[10-Mar-2021 03:33:26 America/New_York] PHP Warning:  Invalid argument supplied for foreach() in /home/whenqklv/coupondis.se/smartshop/check.php on line 733
[10-Mar-2021 11:28:10 America/New_York] PHP Warning:  Invalid argument supplied for foreach() in /home/whenqklv/coupondis.se/smartshop/check.php on line 733
[10-Mar-2021 11:51:51 America/New_York] PHP Warning:  Invalid argument supplied for foreach() in /home/whenqklv/coupondis.se/smartshop/check.php on line 733
[10-Mar-2021 13:12:38 America/New_York] PHP Warning:  Invalid argument supplied for foreach() in /home/whenqklv/coupondis.se/smartshop/check.php on line 733
[10-Mar-2021 13:13:41 America/New_York] PHP Warning:  Invalid argument supplied for foreach() in /home/whenqklv/coupondis.se/smartshop/check.php on line 733
[10-Mar-2021 13:14:38 America/New_York] PHP Warning:  Invalid argument supplied for foreach() in /home/whenqklv/coupondis.se/smartshop/check.php on line 733
[10-Mar-2021 13:15:20 America/New_York] PHP Warning:  Invalid argument supplied for foreach() in /home/whenqklv/coupondis.se/smartshop/check.php on line 733
[10-Mar-2021 13:15:20 America/New_York] PHP Warning:  Invalid argument supplied for foreach() in /home/whenqklv/coupondis.se/smartshop/check.php on line 752
[10-Mar-2021 13:16:02 America/New_York] PHP Warning:  Invalid argument supplied for foreach() in /home/whenqklv/coupondis.se/smartshop/check.php on line 733
[10-Mar-2021 13:32:06 America/New_York] PHP Warning:  Invalid argument supplied for foreach() in /home/whenqklv/coupondis.se/smartshop/check.php on line 733
[10-Mar-2021 17:19:30 America/New_York] PHP Warning:  Invalid argument supplied for foreach() in /home/whenqklv/coupondis.se/smartshop/check.php on line 733
[11-Mar-2021 07:39:13 America/New_York] PHP Warning:  Invalid argument supplied for foreach() in /home/whenqklv/coupondis.se/smartshop/check.php on line 733
[12-Mar-2021 06:02:22 America/New_York] PHP Notice:  Undefined index: description in /home/whenqklv/coupondis.se/smartshop/check.php on line 753
[12-Mar-2021 07:41:45 America/New_York] PHP Warning:  Invalid argument supplied for foreach() in /home/whenqklv/coupondis.se/smartshop/check.php on line 733
[13-Mar-2021 14:46:41 America/New_York] PHP Warning:  Invalid argument supplied for foreach() in /home/whenqklv/coupondis.se/smartshop/check.php on line 733
[13-Mar-2021 15:25:49 America/New_York] PHP Warning:  Invalid argument supplied for foreach() in /home/whenqklv/coupondis.se/smartshop/check.php on line 733
[13-Mar-2021 15:25:49 America/New_York] PHP Warning:  Invalid argument supplied for foreach() in /home/whenqklv/coupondis.se/smartshop/check.php on line 752
[14-Mar-2021 07:31:09 America/New_York] PHP Warning:  Invalid argument supplied for foreach() in /home/whenqklv/coupondis.se/smartshop/check.php on line 733
[14-Mar-2021 07:32:05 America/New_York] PHP Warning:  Invalid argument supplied for foreach() in /home/whenqklv/coupondis.se/smartshop/check.php on line 733
[14-Mar-2021 07:33:15 America/New_York] PHP Warning:  Invalid argument supplied for foreach() in /home/whenqklv/coupondis.se/smartshop/check.php on line 733
[14-Mar-2021 07:33:55 America/New_York] PHP Warning:  Invalid argument supplied for foreach() in /home/whenqklv/coupondis.se/smartshop/check.php on line 733
[14-Mar-2021 07:34:35 America/New_York] PHP Warning:  Invalid argument supplied for foreach() in /home/whenqklv/coupondis.se/smartshop/check.php on line 733
[14-Mar-2021 07:35:15 America/New_York] PHP Warning:  Invalid argument supplied for foreach() in /home/whenqklv/coupondis.se/smartshop/check.php on line 733
[17-Mar-2021 08:53:57 America/New_York] PHP Notice:  Undefined index: description in /home/whenqklv/coupondis.se/smartshop/check.php on line 753
[18-Mar-2021 15:31:19 America/New_York] PHP Warning:  Invalid argument supplied for foreach() in /home/whenqklv/coupondis.se/smartshop/check.php on line 733
[18-Mar-2021 15:35:19 America/New_York] PHP Warning:  Invalid argument supplied for foreach() in /home/whenqklv/coupondis.se/smartshop/check.php on line 733
[18-Mar-2021 15:45:28 America/New_York] PHP Warning:  Invalid argument supplied for foreach() in /home/whenqklv/coupondis.se/smartshop/check.php on line 733
[18-Mar-2021 15:47:52 America/New_York] PHP Warning:  Invalid argument supplied for foreach() in /home/whenqklv/coupondis.se/smartshop/check.php on line 733
[19-Mar-2021 13:04:26 America/New_York] PHP Warning:  Invalid argument supplied for foreach() in /home/whenqklv/coupondis.se/smartshop/check.php on line 750
[19-Mar-2021 13:06:48 America/New_York] PHP Warning:  Invalid argument supplied for foreach() in /home/whenqklv/coupondis.se/smartshop/check.php on line 750
[19-Mar-2021 13:13:23 America/New_York] PHP Warning:  Invalid argument supplied for foreach() in /home/whenqklv/coupondis.se/smartshop/check.php on line 774
[19-Mar-2021 13:13:48 America/New_York] PHP Warning:  Invalid argument supplied for foreach() in /home/whenqklv/coupondis.se/smartshop/check.php on line 774
[19-Mar-2021 13:19:21 America/New_York] PHP Warning:  Invalid argument supplied for foreach() in /home/whenqklv/coupondis.se/smartshop/check.php on line 774
[19-Mar-2021 13:19:59 America/New_York] PHP Warning:  Invalid argument supplied for foreach() in /home/whenqklv/coupondis.se/smartshop/check.php on line 775
[19-Mar-2021 13:21:52 America/New_York] PHP Warning:  Invalid argument supplied for foreach() in /home/whenqklv/coupondis.se/smartshop/check.php on line 775
[19-Mar-2021 13:27:19 America/New_York] PHP Warning:  Invalid argument supplied for foreach() in /home/whenqklv/coupondis.se/smartshop/check.php on line 774
[19-Mar-2021 20:36:56 America/New_York] PHP Warning:  Invalid argument supplied for foreach() in /home/whenqklv/coupondis.se/smartshop/check.php on line 806
[19-Mar-2021 20:58:29 America/New_York] PHP Warning:  Invalid argument supplied for foreach() in /home/whenqklv/coupondis.se/smartshop/check.php on line 806
[19-Mar-2021 21:45:21 America/New_York] PHP Warning:  Invalid argument supplied for foreach() in /home/whenqklv/coupondis.se/smartshop/check.php on line 806
[21-Mar-2021 14:19:26 America/New_York] PHP Warning:  Invalid argument supplied for foreach() in /home/whenqklv/coupondis.se/smartshop/check.php on line 806
[21-Mar-2021 14:21:10 America/New_York] PHP Warning:  Invalid argument supplied for foreach() in /home/whenqklv/coupondis.se/smartshop/check.php on line 806
[21-Mar-2021 14:22:25 America/New_York] PHP Warning:  Invalid argument supplied for foreach() in /home/whenqklv/coupondis.se/smartshop/check.php on line 806
[22-Mar-2021 14:07:44 America/New_York] PHP Warning:  Invalid argument supplied for foreach() in /home/whenqklv/public_html/check.php on line 806
[22-Mar-2021 14:33:08 America/New_York] PHP Warning:  Invalid argument supplied for foreach() in /home/whenqklv/public_html/check.php on line 853
[22-Mar-2021 14:35:16 America/New_York] PHP Warning:  Invalid argument supplied for foreach() in /home/whenqklv/public_html/check.php on line 853
[22-Mar-2021 14:36:08 America/New_York] PHP Notice:  Undefined index: description in /home/whenqklv/public_html/check.php on line 183
[22-Mar-2021 14:36:08 America/New_York] PHP Notice:  Undefined index: description in /home/whenqklv/public_html/check.php on line 183
[22-Mar-2021 14:36:08 America/New_York] PHP Notice:  Undefined index: description in /home/whenqklv/public_html/check.php on line 183
[22-Mar-2021 14:36:08 America/New_York] PHP Notice:  Undefined index: description in /home/whenqklv/public_html/check.php on line 873
[22-Mar-2021 14:36:08 America/New_York] PHP Notice:  Undefined index: description in /home/whenqklv/public_html/check.php on line 873
[22-Mar-2021 14:36:08 America/New_York] PHP Notice:  Undefined index: description in /home/whenqklv/public_html/check.php on line 873
[22-Mar-2021 14:36:30 America/New_York] PHP Warning:  Invalid argument supplied for foreach() in /home/whenqklv/public_html/check.php on line 853
[22-Mar-2021 14:38:07 America/New_York] PHP Warning:  Invalid argument supplied for foreach() in /home/whenqklv/public_html/check.php on line 853
[22-Mar-2021 14:42:20 America/New_York] PHP Warning:  Invalid argument supplied for foreach() in /home/whenqklv/public_html/check.php on line 853
[22-Mar-2021 14:47:12 America/New_York] PHP Warning:  Invalid argument supplied for foreach() in /home/whenqklv/public_html/check.php on line 853
[22-Mar-2021 14:49:44 America/New_York] PHP Warning:  Invalid argument supplied for foreach() in /home/whenqklv/public_html/check.php on line 853
[22-Mar-2021 15:09:37 America/New_York] PHP Notice:  Undefined index: description in /home/whenqklv/public_html/check.php on line 183
[22-Mar-2021 15:09:37 America/New_York] PHP Notice:  Undefined index: description in /home/whenqklv/public_html/check.php on line 183
[22-Mar-2021 15:09:37 America/New_York] PHP Notice:  Undefined index: description in /home/whenqklv/public_html/check.php on line 873
[22-Mar-2021 15:09:37 America/New_York] PHP Notice:  Undefined index: description in /home/whenqklv/public_html/check.php on line 873
[22-Mar-2021 15:10:19 America/New_York] PHP Warning:  Invalid argument supplied for foreach() in /home/whenqklv/public_html/check.php on line 853
[22-Mar-2021 15:11:48 America/New_York] PHP Warning:  Invalid argument supplied for foreach() in /home/whenqklv/public_html/check.php on line 853
[22-Mar-2021 15:19:43 America/New_York] PHP Warning:  Invalid argument supplied for foreach() in /home/whenqklv/public_html/check.php on line 853
[22-Mar-2021 15:22:03 America/New_York] PHP Warning:  Invalid argument supplied for foreach() in /home/whenqklv/public_html/check.php on line 853
[22-Mar-2021 15:22:18 America/New_York] PHP Warning:  Invalid argument supplied for foreach() in /home/whenqklv/public_html/check.php on line 853
[22-Mar-2021 15:26:20 America/New_York] PHP Warning:  Invalid argument supplied for foreach() in /home/whenqklv/public_html/check.php on line 853
[22-Mar-2021 15:27:21 America/New_York] PHP Notice:  Undefined index: description in /home/whenqklv/public_html/check.php on line 183
[22-Mar-2021 15:27:21 America/New_York] PHP Warning:  Invalid argument supplied for foreach() in /home/whenqklv/public_html/check.php on line 853
[22-Mar-2021 15:27:21 America/New_York] PHP Notice:  Undefined index: description in /home/whenqklv/public_html/check.php on line 873
[22-Mar-2021 15:31:16 America/New_York] PHP Warning:  Invalid argument supplied for foreach() in /home/whenqklv/public_html/check.php on line 853
[22-Mar-2021 15:35:47 America/New_York] PHP Warning:  Invalid argument supplied for foreach() in /home/whenqklv/public_html/check.php on line 853
[22-Mar-2021 15:37:34 America/New_York] PHP Warning:  Invalid argument supplied for foreach() in /home/whenqklv/public_html/check.php on line 853
[22-Mar-2021 15:45:52 America/New_York] PHP Warning:  Invalid argument supplied for foreach() in /home/whenqklv/public_html/check.php on line 853
[22-Mar-2021 15:49:17 America/New_York] PHP Warning:  Invalid argument supplied for foreach() in /home/whenqklv/public_html/check.php on line 853
[22-Mar-2021 16:06:29 America/New_York] PHP Warning:  Invalid argument supplied for foreach() in /home/whenqklv/public_html/check.php on line 853
[22-Mar-2021 16:07:03 America/New_York] PHP Warning:  Invalid argument supplied for foreach() in /home/whenqklv/public_html/check.php on line 853
[22-Mar-2021 16:07:04 America/New_York] PHP Warning:  Invalid argument supplied for foreach() in /home/whenqklv/public_html/check.php on line 853
[22-Mar-2021 16:12:29 America/New_York] PHP Warning:  Invalid argument supplied for foreach() in /home/whenqklv/public_html/check.php on line 853
[22-Mar-2021 16:15:36 America/New_York] PHP Warning:  Invalid argument supplied for foreach() in /home/whenqklv/public_html/check.php on line 853
[22-Mar-2021 16:18:51 America/New_York] PHP Warning:  Invalid argument supplied for foreach() in /home/whenqklv/public_html/check.php on line 853
[22-Mar-2021 16:19:17 America/New_York] PHP Warning:  Invalid argument supplied for foreach() in /home/whenqklv/public_html/check.php on line 853
[22-Mar-2021 16:21:00 America/New_York] PHP Warning:  Invalid argument supplied for foreach() in /home/whenqklv/public_html/check.php on line 853
[22-Mar-2021 16:35:18 America/New_York] PHP Warning:  Invalid argument supplied for foreach() in /home/whenqklv/public_html/check.php on line 853
[22-Mar-2021 16:35:20 America/New_York] PHP Warning:  Invalid argument supplied for foreach() in /home/whenqklv/public_html/check.php on line 853
[22-Mar-2021 16:54:54 America/New_York] PHP Warning:  Invalid argument supplied for foreach() in /home/whenqklv/public_html/check.php on line 853
[22-Mar-2021 17:18:40 America/New_York] PHP Notice:  Undefined index: description in /home/whenqklv/public_html/check.php on line 183
[22-Mar-2021 17:18:40 America/New_York] PHP Notice:  Undefined index: description in /home/whenqklv/public_html/check.php on line 873
[22-Mar-2021 17:20:47 America/New_York] PHP Warning:  Invalid argument supplied for foreach() in /home/whenqklv/public_html/check.php on line 853
[22-Mar-2021 17:21:47 America/New_York] PHP Warning:  Invalid argument supplied for foreach() in /home/whenqklv/public_html/check.php on line 853
[22-Mar-2021 17:23:02 America/New_York] PHP Warning:  Invalid argument supplied for foreach() in /home/whenqklv/public_html/check.php on line 853
[22-Mar-2021 17:24:05 America/New_York] PHP Warning:  Invalid argument supplied for foreach() in /home/whenqklv/public_html/check.php on line 853
[22-Mar-2021 17:25:38 America/New_York] PHP Warning:  Invalid argument supplied for foreach() in /home/whenqklv/public_html/check.php on line 853
[22-Mar-2021 17:25:46 America/New_York] PHP Warning:  Invalid argument supplied for foreach() in /home/whenqklv/public_html/check.php on line 853
[22-Mar-2021 17:55:22 America/New_York] PHP Notice:  Undefined index: description in /home/whenqklv/public_html/check.php on line 183
[22-Mar-2021 17:55:22 America/New_York] PHP Notice:  Undefined index: description in /home/whenqklv/public_html/check.php on line 183
[22-Mar-2021 17:55:22 America/New_York] PHP Notice:  Undefined index: description in /home/whenqklv/public_html/check.php on line 183
[22-Mar-2021 17:55:22 America/New_York] PHP Notice:  Undefined index: description in /home/whenqklv/public_html/check.php on line 183
[22-Mar-2021 17:55:22 America/New_York] PHP Notice:  Undefined index: description in /home/whenqklv/public_html/check.php on line 873
[22-Mar-2021 17:55:22 America/New_York] PHP Notice:  Undefined index: description in /home/whenqklv/public_html/check.php on line 873
[22-Mar-2021 17:55:22 America/New_York] PHP Notice:  Undefined index: description in /home/whenqklv/public_html/check.php on line 873
[22-Mar-2021 17:55:22 America/New_York] PHP Notice:  Undefined index: description in /home/whenqklv/public_html/check.php on line 873
[22-Mar-2021 18:49:49 America/New_York] PHP Warning:  Invalid argument supplied for foreach() in /home/whenqklv/public_html/check.php on line 853
[22-Mar-2021 18:56:54 America/New_York] PHP Warning:  Invalid argument supplied for foreach() in /home/whenqklv/public_html/check.php on line 853
[22-Mar-2021 18:57:17 America/New_York] PHP Notice:  Undefined index: description in /home/whenqklv/public_html/check.php on line 183
[22-Mar-2021 18:57:17 America/New_York] PHP Notice:  Undefined index: description in /home/whenqklv/public_html/check.php on line 183
[22-Mar-2021 18:57:17 America/New_York] PHP Notice:  Undefined index: description in /home/whenqklv/public_html/check.php on line 873
[22-Mar-2021 18:57:17 America/New_York] PHP Notice:  Undefined index: description in /home/whenqklv/public_html/check.php on line 873
[22-Mar-2021 19:52:24 America/New_York] PHP Warning:  Invalid argument supplied for foreach() in /home/whenqklv/public_html/check.php on line 853
[23-Mar-2021 01:52:20 America/New_York] PHP Warning:  Invalid argument supplied for foreach() in /home/whenqklv/public_html/check.php on line 853
[23-Mar-2021 01:56:33 America/New_York] PHP Warning:  Invalid argument supplied for foreach() in /home/whenqklv/public_html/check.php on line 853
[23-Mar-2021 02:30:57 America/New_York] PHP Warning:  Invalid argument supplied for foreach() in /home/whenqklv/public_html/check.php on line 853
[23-Mar-2021 03:11:28 America/New_York] PHP Warning:  Invalid argument supplied for foreach() in /home/whenqklv/public_html/check.php on line 182
[23-Mar-2021 03:11:28 America/New_York] PHP Warning:  Invalid argument supplied for foreach() in /home/whenqklv/public_html/check.php on line 853
[23-Mar-2021 03:11:28 America/New_York] PHP Warning:  Invalid argument supplied for foreach() in /home/whenqklv/public_html/check.php on line 872
[23-Mar-2021 04:20:54 America/New_York] PHP Warning:  Invalid argument supplied for foreach() in /home/whenqklv/public_html/check.php on line 853
[23-Mar-2021 04:21:45 America/New_York] PHP Warning:  Invalid argument supplied for foreach() in /home/whenqklv/public_html/check.php on line 853
[23-Mar-2021 04:33:14 America/New_York] PHP Notice:  Undefined index: description in /home/whenqklv/public_html/check.php on line 183
[23-Mar-2021 04:33:14 America/New_York] PHP Notice:  Undefined index: description in /home/whenqklv/public_html/check.php on line 873
[23-Mar-2021 04:44:17 America/New_York] PHP Warning:  Invalid argument supplied for foreach() in /home/whenqklv/public_html/check.php on line 853
[23-Mar-2021 04:48:08 America/New_York] PHP Warning:  Invalid argument supplied for foreach() in /home/whenqklv/public_html/check.php on line 853
[23-Mar-2021 04:53:10 America/New_York] PHP Warning:  Invalid argument supplied for foreach() in /home/whenqklv/public_html/check.php on line 853
[23-Mar-2021 04:55:05 America/New_York] PHP Warning:  Invalid argument supplied for foreach() in /home/whenqklv/public_html/check.php on line 853
[23-Mar-2021 04:55:21 America/New_York] PHP Fatal error:  Uncaught Google\Cloud\Core\Exception\ServiceException: cURL error 28: Failed to connect to oauth2.googleapis.com port 443: Connection timed out (see https://curl.haxx.se/libcurl/c/libcurl-errors.html) in /home/whenqklv/public_html/vendor/google/cloud-core/src/RequestWrapper.php:368
Stack trace:
#0 /home/whenqklv/public_html/vendor/google/cloud-core/src/RequestWrapper.php(207): Google\Cloud\Core\RequestWrapper->convertToGoogleException(Object(Google\Cloud\Core\Exception\ServiceException))
#1 /home/whenqklv/public_html/vendor/google/cloud-core/src/RestTrait.php(98): Google\Cloud\Core\RequestWrapper->send(Object(GuzzleHttp\Psr7\Request), Array)
#2 /home/whenqklv/public_html/vendor/google/cloud-vision/src/Connection/Rest.php(66): Google\Cloud\Vision\Connection\Rest->send('images', 'annotate', Array)
#3 /home/whenqklv/public_html/vendor/google/cloud-vision/src/VisionClient.php(287): Google\Cloud\Vision\Connection\Rest->annotate(Array)
#4 /home/whenqklv/public_html/vendor/google/cloud-vision/src/VisionClient.php(24 in /home/whenqklv/public_html/vendor/google/cloud-core/src/RequestWrapper.php on line 368
[23-Mar-2021 04:55:47 America/New_York] PHP Fatal error:  Uncaught Google\Cloud\Core\Exception\ServiceException: cURL error 28: Failed to connect to oauth2.googleapis.com port 443: Connection timed out (see https://curl.haxx.se/libcurl/c/libcurl-errors.html) in /home/whenqklv/public_html/vendor/google/cloud-core/src/RequestWrapper.php:368
Stack trace:
#0 /home/whenqklv/public_html/vendor/google/cloud-core/src/RequestWrapper.php(207): Google\Cloud\Core\RequestWrapper->convertToGoogleException(Object(Google\Cloud\Core\Exception\ServiceException))
#1 /home/whenqklv/public_html/vendor/google/cloud-core/src/RestTrait.php(98): Google\Cloud\Core\RequestWrapper->send(Object(GuzzleHttp\Psr7\Request), Array)
#2 /home/whenqklv/public_html/vendor/google/cloud-vision/src/Connection/Rest.php(66): Google\Cloud\Vision\Connection\Rest->send('images', 'annotate', Array)
#3 /home/whenqklv/public_html/vendor/google/cloud-vision/src/VisionClient.php(287): Google\Cloud\Vision\Connection\Rest->annotate(Array)
#4 /home/whenqklv/public_html/vendor/google/cloud-vision/src/VisionClient.php(24 in /home/whenqklv/public_html/vendor/google/cloud-core/src/RequestWrapper.php on line 368
[23-Mar-2021 04:56:13 America/New_York] PHP Fatal error:  Uncaught Google\Cloud\Core\Exception\ServiceException: cURL error 7: Failed to connect to oauth2.googleapis.com port 443: No route to host (see https://curl.haxx.se/libcurl/c/libcurl-errors.html) in /home/whenqklv/public_html/vendor/google/cloud-core/src/RequestWrapper.php:368
Stack trace:
#0 /home/whenqklv/public_html/vendor/google/cloud-core/src/RequestWrapper.php(207): Google\Cloud\Core\RequestWrapper->convertToGoogleException(Object(Google\Cloud\Core\Exception\ServiceException))
#1 /home/whenqklv/public_html/vendor/google/cloud-core/src/RestTrait.php(98): Google\Cloud\Core\RequestWrapper->send(Object(GuzzleHttp\Psr7\Request), Array)
#2 /home/whenqklv/public_html/vendor/google/cloud-vision/src/Connection/Rest.php(66): Google\Cloud\Vision\Connection\Rest->send('images', 'annotate', Array)
#3 /home/whenqklv/public_html/vendor/google/cloud-vision/src/VisionClient.php(287): Google\Cloud\Vision\Connection\Rest->annotate(Array)
#4 /home/whenqklv/public_html/vendor/google/cloud-vision/src/VisionClient.php(244): G in /home/whenqklv/public_html/vendor/google/cloud-core/src/RequestWrapper.php on line 368
[23-Mar-2021 04:58:24 America/New_York] PHP Fatal error:  Uncaught Google\Cloud\Core\Exception\ServiceException: cURL error 28: Failed to connect to oauth2.googleapis.com port 443: Connection timed out (see https://curl.haxx.se/libcurl/c/libcurl-errors.html) in /home/whenqklv/public_html/vendor/google/cloud-core/src/RequestWrapper.php:368
Stack trace:
#0 /home/whenqklv/public_html/vendor/google/cloud-core/src/RequestWrapper.php(207): Google\Cloud\Core\RequestWrapper->convertToGoogleException(Object(Google\Cloud\Core\Exception\ServiceException))
#1 /home/whenqklv/public_html/vendor/google/cloud-core/src/RestTrait.php(98): Google\Cloud\Core\RequestWrapper->send(Object(GuzzleHttp\Psr7\Request), Array)
#2 /home/whenqklv/public_html/vendor/google/cloud-vision/src/Connection/Rest.php(66): Google\Cloud\Vision\Connection\Rest->send('images', 'annotate', Array)
#3 /home/whenqklv/public_html/vendor/google/cloud-vision/src/VisionClient.php(287): Google\Cloud\Vision\Connection\Rest->annotate(Array)
#4 /home/whenqklv/public_html/vendor/google/cloud-vision/src/VisionClient.php(24 in /home/whenqklv/public_html/vendor/google/cloud-core/src/RequestWrapper.php on line 368
[23-Mar-2021 04:58:54 America/New_York] PHP Warning:  Invalid argument supplied for foreach() in /home/whenqklv/public_html/check.php on line 853
[23-Mar-2021 04:58:55 America/New_York] PHP Warning:  Invalid argument supplied for foreach() in /home/whenqklv/public_html/check.php on line 853
[23-Mar-2021 05:05:18 America/New_York] PHP Warning:  Invalid argument supplied for foreach() in /home/whenqklv/public_html/check.php on line 853
[23-Mar-2021 05:08:02 America/New_York] PHP Warning:  Invalid argument supplied for foreach() in /home/whenqklv/public_html/check.php on line 853
[23-Mar-2021 05:09:00 America/New_York] PHP Warning:  Invalid argument supplied for foreach() in /home/whenqklv/public_html/check.php on line 853
[23-Mar-2021 05:50:36 America/New_York] PHP Warning:  Invalid argument supplied for foreach() in /home/whenqklv/public_html/check.php on line 853
[23-Mar-2021 05:50:39 America/New_York] PHP Warning:  Invalid argument supplied for foreach() in /home/whenqklv/public_html/check.php on line 853
[23-Mar-2021 07:30:25 America/New_York] PHP Warning:  Invalid argument supplied for foreach() in /home/whenqklv/public_html/check.php on line 853
[23-Mar-2021 07:31:06 America/New_York] PHP Warning:  Invalid argument supplied for foreach() in /home/whenqklv/public_html/check.php on line 853
[23-Mar-2021 09:45:42 America/New_York] PHP Warning:  Invalid argument supplied for foreach() in /home/whenqklv/public_html/check.php on line 853
[23-Mar-2021 09:45:45 America/New_York] PHP Warning:  Invalid argument supplied for foreach() in /home/whenqklv/public_html/check.php on line 853
[23-Mar-2021 09:46:06 America/New_York] PHP Warning:  Invalid argument supplied for foreach() in /home/whenqklv/public_html/check.php on line 853
[23-Mar-2021 13:12:36 America/New_York] PHP Notice:  Undefined index: description in /home/whenqklv/public_html/check.php on line 183
[23-Mar-2021 13:12:36 America/New_York] PHP Notice:  Undefined index: description in /home/whenqklv/public_html/check.php on line 183
[23-Mar-2021 13:12:36 America/New_York] PHP Notice:  Undefined index: description in /home/whenqklv/public_html/check.php on line 183
[23-Mar-2021 13:12:36 America/New_York] PHP Notice:  Undefined index: description in /home/whenqklv/public_html/check.php on line 873
[23-Mar-2021 13:12:36 America/New_York] PHP Notice:  Undefined index: description in /home/whenqklv/public_html/check.php on line 873
[23-Mar-2021 13:12:36 America/New_York] PHP Notice:  Undefined index: description in /home/whenqklv/public_html/check.php on line 873
[23-Mar-2021 13:13:54 America/New_York] PHP Warning:  Invalid argument supplied for foreach() in /home/whenqklv/public_html/check.php on line 853
[23-Mar-2021 13:14:13 America/New_York] PHP Notice:  Undefined index: description in /home/whenqklv/public_html/check.php on line 183
[23-Mar-2021 13:14:13 America/New_York] PHP Notice:  Undefined index: description in /home/whenqklv/public_html/check.php on line 183
[23-Mar-2021 13:14:13 America/New_York] PHP Notice:  Undefined index: description in /home/whenqklv/public_html/check.php on line 183
[23-Mar-2021 13:14:13 America/New_York] PHP Notice:  Undefined index: description in /home/whenqklv/public_html/check.php on line 873
[23-Mar-2021 13:14:13 America/New_York] PHP Notice:  Undefined index: description in /home/whenqklv/public_html/check.php on line 873
[23-Mar-2021 13:14:13 America/New_York] PHP Notice:  Undefined index: description in /home/whenqklv/public_html/check.php on line 873
[23-Mar-2021 13:14:42 America/New_York] PHP Notice:  Undefined index: description in /home/whenqklv/public_html/check.php on line 183
[23-Mar-2021 13:14:42 America/New_York] PHP Notice:  Undefined index: description in /home/whenqklv/public_html/check.php on line 183
[23-Mar-2021 13:14:42 America/New_York] PHP Notice:  Undefined index: description in /home/whenqklv/public_html/check.php on line 183
[23-Mar-2021 13:14:42 America/New_York] PHP Notice:  Undefined index: description in /home/whenqklv/public_html/check.php on line 183
[23-Mar-2021 13:14:42 America/New_York] PHP Notice:  Undefined index: description in /home/whenqklv/public_html/check.php on line 873
[23-Mar-2021 13:14:42 America/New_York] PHP Notice:  Undefined index: description in /home/whenqklv/public_html/check.php on line 873
[23-Mar-2021 13:14:42 America/New_York] PHP Notice:  Undefined index: description in /home/whenqklv/public_html/check.php on line 873
[23-Mar-2021 13:14:42 America/New_York] PHP Notice:  Undefined index: description in /home/whenqklv/public_html/check.php on line 873
[23-Mar-2021 13:15:09 America/New_York] PHP Warning:  Invalid argument supplied for foreach() in /home/whenqklv/public_html/check.php on line 853
[23-Mar-2021 13:18:27 America/New_York] PHP Warning:  Invalid argument supplied for foreach() in /home/whenqklv/public_html/check.php on line 853
[23-Mar-2021 13:18:42 America/New_York] PHP Warning:  Invalid argument supplied for foreach() in /home/whenqklv/public_html/check.php on line 853
[23-Mar-2021 13:19:56 America/New_York] PHP Warning:  Invalid argument supplied for foreach() in /home/whenqklv/public_html/check.php on line 853
[23-Mar-2021 13:20:01 America/New_York] PHP Warning:  Invalid argument supplied for foreach() in /home/whenqklv/public_html/check.php on line 853
[23-Mar-2021 13:20:48 America/New_York] PHP Warning:  Invalid argument supplied for foreach() in /home/whenqklv/public_html/check.php on line 853
[23-Mar-2021 14:07:32 America/New_York] PHP Warning:  Invalid argument supplied for foreach() in /home/whenqklv/public_html/check.php on line 853
[23-Mar-2021 14:08:31 America/New_York] PHP Warning:  Invalid argument supplied for foreach() in /home/whenqklv/public_html/check.php on line 853
[23-Mar-2021 15:11:48 America/New_York] PHP Notice:  Undefined index: description in /home/whenqklv/public_html/check.php on line 183
[23-Mar-2021 15:11:48 America/New_York] PHP Notice:  Undefined index: description in /home/whenqklv/public_html/check.php on line 183
[23-Mar-2021 15:11:48 America/New_York] PHP Notice:  Undefined index: description in /home/whenqklv/public_html/check.php on line 873
[23-Mar-2021 15:11:48 America/New_York] PHP Notice:  Undefined index: description in /home/whenqklv/public_html/check.php on line 873
[23-Mar-2021 15:13:01 America/New_York] PHP Warning:  Invalid argument supplied for foreach() in /home/whenqklv/public_html/check.php on line 853
[23-Mar-2021 15:16:01 America/New_York] PHP Warning:  Invalid argument supplied for foreach() in /home/whenqklv/public_html/check.php on line 853
[23-Mar-2021 15:49:50 America/New_York] PHP Warning:  Invalid argument supplied for foreach() in /home/whenqklv/public_html/check.php on line 853
[23-Mar-2021 15:52:14 America/New_York] PHP Warning:  Invalid argument supplied for foreach() in /home/whenqklv/public_html/check.php on line 853
[23-Mar-2021 16:11:29 America/New_York] PHP Warning:  Invalid argument supplied for foreach() in /home/whenqklv/public_html/check.php on line 853
[23-Mar-2021 16:15:56 America/New_York] PHP Warning:  Invalid argument supplied for foreach() in /home/whenqklv/public_html/check.php on line 853
[23-Mar-2021 16:17:02 America/New_York] PHP Warning:  Invalid argument supplied for foreach() in /home/whenqklv/public_html/check.php on line 853
[23-Mar-2021 16:31:11 America/New_York] PHP Notice:  Undefined index: description in /home/whenqklv/public_html/check.php on line 183
[23-Mar-2021 16:31:11 America/New_York] PHP Notice:  Undefined index: description in /home/whenqklv/public_html/check.php on line 873
[23-Mar-2021 16:49:26 America/New_York] PHP Warning:  Invalid argument supplied for foreach() in /home/whenqklv/public_html/check.php on line 853
[23-Mar-2021 16:51:39 America/New_York] PHP Warning:  Invalid argument supplied for foreach() in /home/whenqklv/public_html/check.php on line 853
[23-Mar-2021 16:52:13 America/New_York] PHP Warning:  Invalid argument supplied for foreach() in /home/whenqklv/public_html/check.php on line 853
[23-Mar-2021 19:08:02 America/New_York] PHP Warning:  Invalid argument supplied for foreach() in /home/whenqklv/public_html/check.php on line 853
[23-Mar-2021 19:12:47 America/New_York] PHP Warning:  Invalid argument supplied for foreach() in /home/whenqklv/public_html/check.php on line 853
[23-Mar-2021 19:17:47 America/New_York] PHP Notice:  Undefined index: description in /home/whenqklv/public_html/check.php on line 183
[23-Mar-2021 19:17:47 America/New_York] PHP Notice:  Undefined index: description in /home/whenqklv/public_html/check.php on line 183
[23-Mar-2021 19:17:47 America/New_York] PHP Notice:  Undefined index: description in /home/whenqklv/public_html/check.php on line 183
[23-Mar-2021 19:17:47 America/New_York] PHP Notice:  Undefined index: description in /home/whenqklv/public_html/check.php on line 873
[23-Mar-2021 19:17:47 America/New_York] PHP Notice:  Undefined index: description in /home/whenqklv/public_html/check.php on line 873
[23-Mar-2021 19:17:47 America/New_York] PHP Notice:  Undefined index: description in /home/whenqklv/public_html/check.php on line 873
[23-Mar-2021 23:57:35 America/New_York] PHP Notice:  Undefined index: description in /home/whenqklv/public_html/check.php on line 183
[23-Mar-2021 23:57:35 America/New_York] PHP Notice:  Undefined index: description in /home/whenqklv/public_html/check.php on line 183
[23-Mar-2021 23:57:35 America/New_York] PHP Notice:  Undefined index: description in /home/whenqklv/public_html/check.php on line 873
[23-Mar-2021 23:57:35 America/New_York] PHP Notice:  Undefined index: description in /home/whenqklv/public_html/check.php on line 873
[24-Mar-2021 00:00:05 America/New_York] PHP Warning:  Invalid argument supplied for foreach() in /home/whenqklv/public_html/check.php on line 853
[24-Mar-2021 00:02:09 America/New_York] PHP Warning:  Invalid argument supplied for foreach() in /home/whenqklv/public_html/check.php on line 853
[24-Mar-2021 00:08:01 America/New_York] PHP Warning:  Invalid argument supplied for foreach() in /home/whenqklv/public_html/check.php on line 853
[24-Mar-2021 00:25:59 America/New_York] PHP Warning:  Invalid argument supplied for foreach() in /home/whenqklv/public_html/check.php on line 853
[24-Mar-2021 00:27:38 America/New_York] PHP Warning:  Invalid argument supplied for foreach() in /home/whenqklv/public_html/check.php on line 853
[24-Mar-2021 00:28:53 America/New_York] PHP Warning:  Invalid argument supplied for foreach() in /home/whenqklv/public_html/check.php on line 853
[24-Mar-2021 02:45:03 America/New_York] PHP Warning:  Invalid argument supplied for foreach() in /home/whenqklv/public_html/check.php on line 182
[24-Mar-2021 02:45:03 America/New_York] PHP Warning:  Invalid argument supplied for foreach() in /home/whenqklv/public_html/check.php on line 853
[24-Mar-2021 02:45:03 America/New_York] PHP Warning:  Invalid argument supplied for foreach() in /home/whenqklv/public_html/check.php on line 872
[24-Mar-2021 02:45:46 America/New_York] PHP Warning:  Invalid argument supplied for foreach() in /home/whenqklv/public_html/check.php on line 853
[24-Mar-2021 02:46:14 America/New_York] PHP Warning:  Invalid argument supplied for foreach() in /home/whenqklv/public_html/check.php on line 853
[24-Mar-2021 02:46:17 America/New_York] PHP Warning:  Invalid argument supplied for foreach() in /home/whenqklv/public_html/check.php on line 853
[24-Mar-2021 02:46:19 America/New_York] PHP Warning:  Invalid argument supplied for foreach() in /home/whenqklv/public_html/check.php on line 853
[24-Mar-2021 03:05:46 America/New_York] PHP Notice:  Undefined index: description in /home/whenqklv/public_html/check.php on line 183
[24-Mar-2021 03:05:46 America/New_York] PHP Notice:  Undefined index: description in /home/whenqklv/public_html/check.php on line 183
[24-Mar-2021 03:05:46 America/New_York] PHP Notice:  Undefined index: description in /home/whenqklv/public_html/check.php on line 873
[24-Mar-2021 03:05:46 America/New_York] PHP Notice:  Undefined index: description in /home/whenqklv/public_html/check.php on line 873
[24-Mar-2021 05:17:39 America/New_York] PHP Warning:  Invalid argument supplied for foreach() in /home/whenqklv/public_html/check.php on line 853
[24-Mar-2021 07:13:39 America/New_York] PHP Warning:  Invalid argument supplied for foreach() in /home/whenqklv/public_html/check.php on line 853
[24-Mar-2021 07:14:12 America/New_York] PHP Warning:  Invalid argument supplied for foreach() in /home/whenqklv/public_html/check.php on line 853
[24-Mar-2021 07:15:11 America/New_York] PHP Warning:  Invalid argument supplied for foreach() in /home/whenqklv/public_html/check.php on line 853
[24-Mar-2021 07:16:33 America/New_York] PHP Warning:  Invalid argument supplied for foreach() in /home/whenqklv/public_html/check.php on line 853
[24-Mar-2021 07:20:32 America/New_York] PHP Notice:  Undefined index: description in /home/whenqklv/public_html/check.php on line 183
[24-Mar-2021 07:20:32 America/New_York] PHP Notice:  Undefined index: description in /home/whenqklv/public_html/check.php on line 873
[24-Mar-2021 07:29:26 America/New_York] PHP Warning:  Invalid argument supplied for foreach() in /home/whenqklv/public_html/check.php on line 853
[24-Mar-2021 07:56:28 America/New_York] PHP Warning:  Invalid argument supplied for foreach() in /home/whenqklv/public_html/check.php on line 853
[24-Mar-2021 07:57:24 America/New_York] PHP Warning:  Invalid argument supplied for foreach() in /home/whenqklv/public_html/check.php on line 853
[24-Mar-2021 12:58:26 America/New_York] PHP Warning:  Invalid argument supplied for foreach() in /home/whenqklv/public_html/check.php on line 853
[25-Mar-2021 08:28:24 America/New_York] PHP Notice:  Undefined index: description in /home/whenqklv/public_html/check.php on line 183
[25-Mar-2021 08:28:24 America/New_York] PHP Notice:  Undefined index: description in /home/whenqklv/public_html/check.php on line 183
[25-Mar-2021 08:28:24 America/New_York] PHP Notice:  Undefined index: description in /home/whenqklv/public_html/check.php on line 183
[25-Mar-2021 08:28:24 America/New_York] PHP Notice:  Undefined index: description in /home/whenqklv/public_html/check.php on line 873
[25-Mar-2021 08:28:24 America/New_York] PHP Notice:  Undefined index: description in /home/whenqklv/public_html/check.php on line 873
[25-Mar-2021 08:28:24 America/New_York] PHP Notice:  Undefined index: description in /home/whenqklv/public_html/check.php on line 873
[25-Mar-2021 08:29:41 America/New_York] PHP Notice:  Undefined index: description in /home/whenqklv/public_html/check.php on line 183
[25-Mar-2021 08:29:41 America/New_York] PHP Notice:  Undefined index: description in /home/whenqklv/public_html/check.php on line 183
[25-Mar-2021 08:29:41 America/New_York] PHP Notice:  Undefined index: description in /home/whenqklv/public_html/check.php on line 873
[25-Mar-2021 08:29:41 America/New_York] PHP Notice:  Undefined index: description in /home/whenqklv/public_html/check.php on line 873
[25-Mar-2021 08:31:01 America/New_York] PHP Notice:  Undefined index: description in /home/whenqklv/public_html/check.php on line 183
[25-Mar-2021 08:31:01 America/New_York] PHP Notice:  Undefined index: description in /home/whenqklv/public_html/check.php on line 183
[25-Mar-2021 08:31:01 America/New_York] PHP Notice:  Undefined index: description in /home/whenqklv/public_html/check.php on line 183
[25-Mar-2021 08:31:01 America/New_York] PHP Notice:  Undefined index: description in /home/whenqklv/public_html/check.php on line 183
[25-Mar-2021 08:31:01 America/New_York] PHP Notice:  Undefined index: description in /home/whenqklv/public_html/check.php on line 873
[25-Mar-2021 08:31:01 America/New_York] PHP Notice:  Undefined index: description in /home/whenqklv/public_html/check.php on line 873
[25-Mar-2021 08:31:01 America/New_York] PHP Notice:  Undefined index: description in /home/whenqklv/public_html/check.php on line 873
[25-Mar-2021 08:31:01 America/New_York] PHP Notice:  Undefined index: description in /home/whenqklv/public_html/check.php on line 873
[25-Mar-2021 16:52:29 America/New_York] PHP Warning:  Invalid argument supplied for foreach() in /home/whenqklv/public_html/check.php on line 853
[26-Mar-2021 05:13:51 America/New_York] PHP Fatal error:  Uncaught Error: Call to a member function entities() on null in /home/whenqklv/public_html/check.php:182
Stack trace:
#0 {main}
  thrown in /home/whenqklv/public_html/check.php on line 182
[27-Mar-2021 04:52:45 America/New_York] PHP Fatal error:  Uncaught Google\Cloud\Core\Exception\BadRequestException: {
  "error": {
    "code": 400,
    "message": "Request must specify image and features.",
    "status": "INVALID_ARGUMENT"
  }
}
 in /home/whenqklv/public_html/vendor/google/cloud-core/src/RequestWrapper.php:368
Stack trace:
#0 /home/whenqklv/public_html/vendor/google/cloud-core/src/RequestWrapper.php(207): Google\Cloud\Core\RequestWrapper->convertToGoogleException(Object(GuzzleHttp\Exception\ClientException))
#1 /home/whenqklv/public_html/vendor/google/cloud-core/src/RestTrait.php(98): Google\Cloud\Core\RequestWrapper->send(Object(GuzzleHttp\Psr7\Request), Array)
#2 /home/whenqklv/public_html/vendor/google/cloud-vision/src/Connection/Rest.php(66): Google\Cloud\Vision\Connection\Rest->send('images', 'annotate', Array)
#3 /home/whenqklv/public_html/vendor/google/cloud-vision/src/VisionClient.php(287): Google\Cloud\Vision\Connection\Rest->annotate(Array)
#4 /home/whenqklv/public_html/vendor/google/cloud-vision/src/VisionClient.php(244): Google\Cloud\Vis in /home/whenqklv/public_html/vendor/google/cloud-core/src/RequestWrapper.php on line 368
[27-Mar-2021 07:05:56 America/New_York] PHP Fatal error:  Uncaught Error: Call to a member function entities() on null in /home/whenqklv/public_html/check.php:182
Stack trace:
#0 {main}
  thrown in /home/whenqklv/public_html/check.php on line 182
[09-Apr-2021 23:29:08 America/New_York] PHP Fatal error:  Uncaught Error: Call to a member function entities() on null in /home/whenqklv/public_html/check.php:182
Stack trace:
#0 {main}
  thrown in /home/whenqklv/public_html/check.php on line 182
[12-Apr-2021 02:18:42 America/New_York] PHP Warning:  Invalid argument supplied for foreach() in /home/whenqklv/public_html/check.php on line 853
[12-Apr-2021 02:20:23 America/New_York] PHP Warning:  Invalid argument supplied for foreach() in /home/whenqklv/public_html/check.php on line 853
[14-Apr-2021 10:02:20 America/New_York] PHP Fatal error:  Uncaught Error: Call to a member function entities() on null in /home/whenqklv/public_html/check.php:182
Stack trace:
#0 {main}
  thrown in /home/whenqklv/public_html/check.php on line 182
[18-Apr-2021 14:35:24 America/New_York] PHP Fatal error:  Uncaught Error: Call to a member function entities() on null in /home/whenqklv/public_html/check.php:182
Stack trace:
#0 {main}
  thrown in /home/whenqklv/public_html/check.php on line 182
[21-Apr-2021 23:29:44 America/New_York] PHP Fatal error:  Uncaught Error: Call to a member function entities() on null in /home/whenqklv/public_html/check.php:182
Stack trace:
#0 {main}
  thrown in /home/whenqklv/public_html/check.php on line 182
[22-Apr-2021 23:43:24 America/New_York] PHP Fatal error:  Uncaught Error: Call to a member function entities() on null in /home/whenqklv/public_html/check.php:182
Stack trace:
#0 {main}
  thrown in /home/whenqklv/public_html/check.php on line 182
[24-Apr-2021 23:07:00 America/New_York] PHP Fatal error:  Uncaught Error: Call to a member function entities() on null in /home/whenqklv/public_html/check.php:182
Stack trace:
#0 {main}
  thrown in /home/whenqklv/public_html/check.php on line 182
[29-Apr-2021 11:06:45 America/New_York] PHP Fatal error:  Uncaught Error: Call to a member function entities() on null in /home/whenqklv/public_html/check.php:182
Stack trace:
#0 {main}
  thrown in /home/whenqklv/public_html/check.php on line 182
[01-May-2021 06:58:49 America/New_York] PHP Fatal error:  Uncaught Error: Call to a member function entities() on null in /home/whenqklv/public_html/check.php:182
Stack trace:
#0 {main}
  thrown in /home/whenqklv/public_html/check.php on line 182
[02-May-2021 19:09:45 America/New_York] PHP Fatal error:  Uncaught Error: Call to a member function entities() on null in /home/whenqklv/public_html/check.php:182
Stack trace:
#0 {main}
  thrown in /home/whenqklv/public_html/check.php on line 182
[03-May-2021 20:35:33 America/New_York] PHP Fatal error:  Uncaught Error: Call to a member function entities() on null in /home/whenqklv/public_html/check.php:182
Stack trace:
#0 {main}
  thrown in /home/whenqklv/public_html/check.php on line 182
[04-May-2021 11:45:52 America/New_York] PHP Fatal error:  Uncaught Error: Call to a member function entities() on null in /home/whenqklv/public_html/check.php:182
Stack trace:
#0 {main}
  thrown in /home/whenqklv/public_html/check.php on line 182
[05-May-2021 22:04:08 America/New_York] PHP Fatal error:  Uncaught Error: Call to a member function entities() on null in /home/whenqklv/public_html/check.php:182
Stack trace:
#0 {main}
  thrown in /home/whenqklv/public_html/check.php on line 182
[07-May-2021 12:23:37 America/New_York] PHP Fatal error:  Uncaught Error: Call to a member function entities() on null in /home/whenqklv/public_html/check.php:182
Stack trace:
#0 {main}
  thrown in /home/whenqklv/public_html/check.php on line 182
[07-May-2021 19:16:00 America/New_York] PHP Fatal error:  Uncaught Error: Call to a member function entities() on null in /home/whenqklv/public_html/check.php:182
Stack trace:
#0 {main}
  thrown in /home/whenqklv/public_html/check.php on line 182
[08-May-2021 09:17:26 America/New_York] PHP Fatal error:  Uncaught Error: Call to a member function entities() on null in /home/whenqklv/public_html/check.php:182
Stack trace:
#0 {main}
  thrown in /home/whenqklv/public_html/check.php on line 182
[08-May-2021 17:07:30 America/New_York] PHP Fatal error:  Uncaught Error: Call to a member function entities() on null in /home/whenqklv/public_html/check.php:182
Stack trace:
#0 {main}
  thrown in /home/whenqklv/public_html/check.php on line 182
[09-May-2021 18:36:49 America/New_York] PHP Fatal error:  Uncaught Error: Call to a member function entities() on null in /home/whenqklv/public_html/check.php:182
Stack trace:
#0 {main}
  thrown in /home/whenqklv/public_html/check.php on line 182
[10-May-2021 13:50:48 America/New_York] PHP Fatal error:  Uncaught Error: Call to a member function entities() on null in /home/whenqklv/public_html/check.php:182
Stack trace:
#0 {main}
  thrown in /home/whenqklv/public_html/check.php on line 182
[10-May-2021 13:54:55 America/New_York] PHP Fatal error:  Uncaught Error: Call to a member function entities() on null in /home/whenqklv/public_html/check.php:182
Stack trace:
#0 {main}
  thrown in /home/whenqklv/public_html/check.php on line 182
[10-May-2021 23:45:09 America/New_York] PHP Fatal error:  Uncaught Error: Call to a member function entities() on null in /home/whenqklv/public_html/check.php:182
Stack trace:
#0 {main}
  thrown in /home/whenqklv/public_html/check.php on line 182
[11-May-2021 00:52:31 America/New_York] PHP Fatal error:  Uncaught Error: Call to a member function entities() on null in /home/whenqklv/public_html/check.php:182
Stack trace:
#0 {main}
  thrown in /home/whenqklv/public_html/check.php on line 182
[11-May-2021 01:05:53 America/New_York] PHP Fatal error:  Uncaught Error: Call to a member function entities() on null in /home/whenqklv/public_html/check.php:182
Stack trace:
#0 {main}
  thrown in /home/whenqklv/public_html/check.php on line 182
[11-May-2021 08:46:10 America/New_York] PHP Fatal error:  Uncaught Error: Call to a member function entities() on null in /home/whenqklv/public_html/check.php:182
Stack trace:
#0 {main}
  thrown in /home/whenqklv/public_html/check.php on line 182
[11-May-2021 14:55:31 America/New_York] PHP Fatal error:  Uncaught Error: Call to a member function entities() on null in /home/whenqklv/public_html/check.php:182
Stack trace:
#0 {main}
  thrown in /home/whenqklv/public_html/check.php on line 182
[12-May-2021 10:52:19 America/New_York] PHP Fatal error:  Uncaught Error: Call to a member function entities() on null in /home/whenqklv/public_html/check.php:182
Stack trace:
#0 {main}
  thrown in /home/whenqklv/public_html/check.php on line 182
[12-May-2021 22:05:46 America/New_York] PHP Fatal error:  Uncaught Error: Call to a member function entities() on null in /home/whenqklv/public_html/check.php:182
Stack trace:
#0 {main}
  thrown in /home/whenqklv/public_html/check.php on line 182
[13-May-2021 17:20:07 America/New_York] PHP Fatal error:  Uncaught Error: Call to a member function entities() on null in /home/whenqklv/public_html/check.php:182
Stack trace:
#0 {main}
  thrown in /home/whenqklv/public_html/check.php on line 182
[13-May-2021 18:26:50 America/New_York] PHP Fatal error:  Uncaught Error: Call to a member function entities() on null in /home/whenqklv/public_html/check.php:182
Stack trace:
#0 {main}
  thrown in /home/whenqklv/public_html/check.php on line 182
[14-May-2021 00:45:32 America/New_York] PHP Fatal error:  Uncaught Error: Call to a member function entities() on null in /home/whenqklv/public_html/check.php:182
Stack trace:
#0 {main}
  thrown in /home/whenqklv/public_html/check.php on line 182
[14-May-2021 03:49:13 America/New_York] PHP Fatal error:  Uncaught Error: Call to a member function entities() on null in /home/whenqklv/public_html/check.php:182
Stack trace:
#0 {main}
  thrown in /home/whenqklv/public_html/check.php on line 182
[14-May-2021 18:17:39 America/New_York] PHP Fatal error:  Uncaught Error: Call to a member function entities() on null in /home/whenqklv/public_html/check.php:182
Stack trace:
#0 {main}
  thrown in /home/whenqklv/public_html/check.php on line 182
[17-May-2021 06:55:53 America/New_York] PHP Fatal error:  Uncaught Error: Call to a member function entities() on null in /home/whenqklv/public_html/check.php:182
Stack trace:
#0 {main}
  thrown in /home/whenqklv/public_html/check.php on line 182
[17-May-2021 08:13:39 America/New_York] PHP Fatal error:  Uncaught Error: Call to a member function entities() on null in /home/whenqklv/public_html/check.php:182
Stack trace:
#0 {main}
  thrown in /home/whenqklv/public_html/check.php on line 182
[17-May-2021 15:40:39 America/New_York] PHP Fatal error:  Uncaught Error: Call to a member function entities() on null in /home/whenqklv/public_html/check.php:182
Stack trace:
#0 {main}
  thrown in /home/whenqklv/public_html/check.php on line 182
[18-May-2021 11:46:08 America/New_York] PHP Fatal error:  Uncaught Error: Call to a member function entities() on null in /home/whenqklv/public_html/check.php:182
Stack trace:
#0 {main}
  thrown in /home/whenqklv/public_html/check.php on line 182
[18-May-2021 14:57:22 America/New_York] PHP Fatal error:  Uncaught Error: Call to a member function entities() on null in /home/whenqklv/public_html/check.php:182
Stack trace:
#0 {main}
  thrown in /home/whenqklv/public_html/check.php on line 182
[20-May-2021 16:09:40 America/New_York] PHP Fatal error:  Uncaught Error: Call to a member function entities() on null in /home/whenqklv/public_html/check.php:182
Stack trace:
#0 {main}
  thrown in /home/whenqklv/public_html/check.php on line 182
[21-May-2021 01:32:54 America/New_York] PHP Fatal error:  Uncaught Error: Call to a member function entities() on null in /home/whenqklv/public_html/check.php:182
Stack trace:
#0 {main}
  thrown in /home/whenqklv/public_html/check.php on line 182
[21-May-2021 07:45:22 America/New_York] PHP Fatal error:  Uncaught Error: Call to a member function entities() on null in /home/whenqklv/public_html/check.php:182
Stack trace:
#0 {main}
  thrown in /home/whenqklv/public_html/check.php on line 182
[22-May-2021 06:38:03 America/New_York] PHP Fatal error:  Uncaught Error: Call to a member function entities() on null in /home/whenqklv/public_html/check.php:182
Stack trace:
#0 {main}
  thrown in /home/whenqklv/public_html/check.php on line 182
[23-May-2021 16:53:10 America/New_York] PHP Fatal error:  Uncaught Error: Call to a member function entities() on null in /home/whenqklv/public_html/check.php:182
Stack trace:
#0 {main}
  thrown in /home/whenqklv/public_html/check.php on line 182
[25-May-2021 11:12:52 America/New_York] PHP Fatal error:  Uncaught Error: Call to a member function entities() on null in /home/whenqklv/public_html/check.php:182
Stack trace:
#0 {main}
  thrown in /home/whenqklv/public_html/check.php on line 182
[25-May-2021 13:41:34 America/New_York] PHP Fatal error:  Uncaught Error: Call to a member function entities() on null in /home/whenqklv/public_html/check.php:182
Stack trace:
#0 {main}
  thrown in /home/whenqklv/public_html/check.php on line 182
[25-May-2021 18:43:33 America/New_York] PHP Fatal error:  Uncaught Error: Call to a member function entities() on null in /home/whenqklv/public_html/check.php:182
Stack trace:
#0 {main}
  thrown in /home/whenqklv/public_html/check.php on line 182
[26-May-2021 11:30:09 America/New_York] PHP Fatal error:  Uncaught Error: Call to a member function entities() on null in /home/whenqklv/public_html/check.php:182
Stack trace:
#0 {main}
  thrown in /home/whenqklv/public_html/check.php on line 182
[28-May-2021 15:13:17 America/New_York] PHP Fatal error:  Uncaught Error: Call to a member function entities() on null in /home/whenqklv/public_html/check.php:182
Stack trace:
#0 {main}
  thrown in /home/whenqklv/public_html/check.php on line 182
[29-May-2021 02:18:38 America/New_York] PHP Fatal error:  Uncaught Error: Call to a member function entities() on null in /home/whenqklv/public_html/check.php:182
Stack trace:
#0 {main}
  thrown in /home/whenqklv/public_html/check.php on line 182
[29-May-2021 07:47:50 America/New_York] PHP Warning:  Invalid argument supplied for foreach() in /home/whenqklv/public_html/check.php on line 853
[29-May-2021 07:55:51 America/New_York] PHP Warning:  Invalid argument supplied for foreach() in /home/whenqklv/public_html/check.php on line 853
[29-May-2021 07:56:35 America/New_York] PHP Warning:  Invalid argument supplied for foreach() in /home/whenqklv/public_html/check.php on line 853
[29-May-2021 13:23:37 America/New_York] PHP Warning:  Invalid argument supplied for foreach() in /home/whenqklv/public_html/check.php on line 853
[29-May-2021 13:30:27 America/New_York] PHP Fatal error:  Uncaught Error: Call to a member function entities() on null in /home/whenqklv/public_html/check.php:183
Stack trace:
#0 {main}
  thrown in /home/whenqklv/public_html/check.php on line 183
[29-May-2021 13:31:45 America/New_York] PHP Warning:  Invalid argument supplied for foreach() in /home/whenqklv/public_html/check.php on line 856
[29-May-2021 13:32:33 America/New_York] PHP Fatal error:  Uncaught Error: Call to a member function entities() on null in /home/whenqklv/public_html/check.php:183
Stack trace:
#0 {main}
  thrown in /home/whenqklv/public_html/check.php on line 183
[29-May-2021 13:36:48 America/New_York] PHP Warning:  Invalid argument supplied for foreach() in /home/whenqklv/public_html/check.php on line 857
[29-May-2021 13:37:33 America/New_York] PHP Warning:  Invalid argument supplied for foreach() in /home/whenqklv/public_html/check.php on line 857
[29-May-2021 13:38:02 America/New_York] PHP Warning:  Invalid argument supplied for foreach() in /home/whenqklv/public_html/check.php on line 857
[29-May-2021 13:47:57 America/New_York] PHP Warning:  Invalid argument supplied for foreach() in /home/whenqklv/public_html/check.php on line 857
[29-May-2021 13:49:32 America/New_York] PHP Warning:  Invalid argument supplied for foreach() in /home/whenqklv/public_html/check.php on line 855
[29-May-2021 13:54:57 America/New_York] PHP Warning:  Invalid argument supplied for foreach() in /home/whenqklv/public_html/check.php on line 864
[29-May-2021 13:55:22 America/New_York] PHP Warning:  Invalid argument supplied for foreach() in /home/whenqklv/public_html/check.php on line 864
[29-May-2021 13:55:40 America/New_York] PHP Fatal error:  Cannot use [] for reading in /home/whenqklv/public_html/check.php on line 72
[29-May-2021 13:55:57 America/New_York] PHP Fatal error:  Cannot use [] for reading in /home/whenqklv/public_html/check.php on line 72
[29-May-2021 13:56:39 America/New_York] PHP Warning:  Invalid argument supplied for foreach() in /home/whenqklv/public_html/check.php on line 864
[29-May-2021 13:59:59 America/New_York] PHP Warning:  Invalid argument supplied for foreach() in /home/whenqklv/public_html/check.php on line 869
[29-May-2021 14:01:06 America/New_York] PHP Warning:  Invalid argument supplied for foreach() in /home/whenqklv/public_html/check.php on line 874
[29-May-2021 14:02:20 America/New_York] PHP Fatal error:  Uncaught Error: Call to a member function entities() on array in /home/whenqklv/public_html/check.php:80
Stack trace:
#0 {main}
  thrown in /home/whenqklv/public_html/check.php on line 80
[29-May-2021 14:03:00 America/New_York] PHP Fatal error:  Uncaught Error: Call to a member function entities() on array in /home/whenqklv/public_html/check.php:80
Stack trace:
#0 {main}
  thrown in /home/whenqklv/public_html/check.php on line 80
[29-May-2021 14:03:23 America/New_York] PHP Fatal error:  Uncaught Error: Call to a member function entities() on array in /home/whenqklv/public_html/check.php:80
Stack trace:
#0 {main}
  thrown in /home/whenqklv/public_html/check.php on line 80
[29-May-2021 14:04:17 America/New_York] PHP Fatal error:  Uncaught Error: Call to a member function entities() on array in /home/whenqklv/public_html/check.php:68
Stack trace:
#0 {main}
  thrown in /home/whenqklv/public_html/check.php on line 68
[29-May-2021 14:04:47 America/New_York] PHP Warning:  Invalid argument supplied for foreach() in /home/whenqklv/public_html/check.php on line 874
[29-May-2021 14:05:23 America/New_York] PHP Warning:  Invalid argument supplied for foreach() in /home/whenqklv/public_html/check.php on line 874
[29-May-2021 14:06:17 America/New_York] PHP Warning:  Invalid argument supplied for foreach() in /home/whenqklv/public_html/check.php on line 875
[29-May-2021 14:08:01 America/New_York] PHP Fatal error:  Uncaught Error: Call to a member function Entity() on array in /home/whenqklv/public_html/check.php:70
Stack trace:
#0 {main}
  thrown in /home/whenqklv/public_html/check.php on line 70
[29-May-2021 14:08:24 America/New_York] PHP Warning:  Invalid argument supplied for foreach() in /home/whenqklv/public_html/check.php on line 875
[29-May-2021 14:09:40 America/New_York] PHP Warning:  Invalid argument supplied for foreach() in /home/whenqklv/public_html/check.php on line 875
[29-May-2021 14:10:27 America/New_York] PHP Warning:  Invalid argument supplied for foreach() in /home/whenqklv/public_html/check.php on line 875
[29-May-2021 14:11:31 America/New_York] PHP Warning:  Invalid argument supplied for foreach() in /home/whenqklv/public_html/check.php on line 861
[30-May-2021 07:49:22 America/New_York] PHP Warning:  Invalid argument supplied for foreach() in /home/saljbjfj/public_html/camerarecord/check.php on line 861
[30-May-2021 08:05:33 America/New_York] PHP Warning:  Invalid argument supplied for foreach() in /home/saljbjfj/public_html/camerarecord/check.php on line 861
[30-May-2021 08:51:47 America/New_York] PHP Warning:  Invalid argument supplied for foreach() in /home/saljbjfj/public_html/camerarecord/check.php on line 861
[30-May-2021 08:52:23 America/New_York] PHP Warning:  Invalid argument supplied for foreach() in /home/saljbjfj/public_html/camerarecord/check.php on line 861
[30-May-2021 09:07:37 America/New_York] PHP Warning:  Invalid argument supplied for foreach() in /home/saljbjfj/public_html/camerarecord/check.php on line 861
[30-May-2021 09:33:34 America/New_York] PHP Notice:  Undefined variable: text in /home/saljbjfj/public_html/camerarecord/check.php on line 69
[30-May-2021 09:33:34 America/New_York] PHP Fatal error:  Uncaught Error: Call to a member function description() on null in /home/saljbjfj/public_html/camerarecord/check.php:69
Stack trace:
#0 {main}
  thrown in /home/saljbjfj/public_html/camerarecord/check.php on line 69
[30-May-2021 10:03:10 America/New_York] PHP Warning:  require_once(/home/saljbjfj/public_html/camerarecord../config.php): failed to open stream: No such file or directory in /home/saljbjfj/public_html/camerarecord/check.php on line 5
[30-May-2021 10:03:10 America/New_York] PHP Fatal error:  require_once(): Failed opening required '/home/saljbjfj/public_html/camerarecord../config.php' (include_path='.:/opt/alt/php72/usr/share/pear') in /home/saljbjfj/public_html/camerarecord/check.php on line 5
[30-May-2021 10:03:32 America/New_York] PHP Notice:  Undefined variable: host in /home/saljbjfj/public_html/config.php on line 6
[30-May-2021 10:04:14 America/New_York] PHP Notice:  Undefined variable: host in /home/saljbjfj/public_html/config.php on line 6
[30-May-2021 10:42:27 America/New_York] PHP Notice:  Undefined variable: host in /home/saljbjfj/public_html/config.php on line 6
[30-May-2021 11:37:27 America/New_York] PHP Notice:  Undefined variable: host in /home/saljbjfj/public_html/config.php on line 6
[30-May-2021 11:37:27 America/New_York] PHP Notice:  Undefined variable: IP in /home/saljbjfj/public_html/camerarecord/check.php on line 90
[30-May-2021 11:37:27 America/New_York] PHP Fatal error:  Uncaught PDOException: SQLSTATE[42000]: Syntax error or access violation: 1064 You have an error in your SQL syntax; check the manual that corresponds to your MariaDB server version for the right syntax to use near '' at line 1 in /home/saljbjfj/public_html/camerarecord/check.php:90
Stack trace:
#0 /home/saljbjfj/public_html/camerarecord/check.php(90): PDO->prepare('SELECT * FROM c...')
#1 /home/saljbjfj/public_html/camerarecord/check.php(106): API->Select()
#2 {main}
  thrown in /home/saljbjfj/public_html/camerarecord/check.php on line 90
[30-May-2021 11:39:33 America/New_York] PHP Notice:  Undefined variable: host in /home/saljbjfj/public_html/config.php on line 6
[30-May-2021 11:40:15 America/New_York] PHP Notice:  Undefined variable: host in /home/saljbjfj/public_html/config.php on line 6
[30-May-2021 11:40:22 America/New_York] PHP Notice:  Undefined variable: host in /home/saljbjfj/public_html/config.php on line 6
[30-May-2021 11:40:42 America/New_York] PHP Notice:  Undefined variable: host in /home/saljbjfj/public_html/config.php on line 6
[30-May-2021 11:41:41 America/New_York] PHP Notice:  Undefined variable: host in /home/saljbjfj/public_html/config.php on line 6
[30-May-2021 11:41:41 America/New_York] PHP Fatal error:  Uncaught PDOException: SQLSTATE[42000]: Syntax error or access violation: 1064 You have an error in your SQL syntax; check the manual that corresponds to your MariaDB server version for the right syntax to use near '.112.203' at line 1 in /home/saljbjfj/public_html/camerarecord/check.php:89
Stack trace:
#0 /home/saljbjfj/public_html/camerarecord/check.php(89): PDO->prepare('SELECT * FROM c...')
#1 {main}
  thrown in /home/saljbjfj/public_html/camerarecord/check.php on line 89
[30-May-2021 11:42:11 America/New_York] PHP Notice:  Undefined variable: host in /home/saljbjfj/public_html/config.php on line 6
[30-May-2021 11:42:11 America/New_York] PHP Fatal error:  Uncaught PDOException: SQLSTATE[42000]: Syntax error or access violation: 1064 You have an error in your SQL syntax; check the manual that corresponds to your MariaDB server version for the right syntax to use near '.112.203' at line 1 in /home/saljbjfj/public_html/camerarecord/check.php:89
Stack trace:
#0 /home/saljbjfj/public_html/camerarecord/check.php(89): PDO->prepare('SELECT * FROM c...')
#1 {main}
  thrown in /home/saljbjfj/public_html/camerarecord/check.php on line 89
[30-May-2021 11:42:37 America/New_York] PHP Notice:  Undefined variable: host in /home/saljbjfj/public_html/config.php on line 6
[30-May-2021 11:42:37 America/New_York] PHP Fatal error:  Uncaught PDOException: SQLSTATE[42000]: Syntax error or access violation: 1064 You have an error in your SQL syntax; check the manual that corresponds to your MariaDB server version for the right syntax to use near '3' at line 1 in /home/saljbjfj/public_html/camerarecord/check.php:89
Stack trace:
#0 /home/saljbjfj/public_html/camerarecord/check.php(89): PDO->prepare('SELECT * FROM c...')
#1 {main}
  thrown in /home/saljbjfj/public_html/camerarecord/check.php on line 89
[30-May-2021 11:42:59 America/New_York] PHP Notice:  Undefined variable: host in /home/saljbjfj/public_html/config.php on line 6
[30-May-2021 11:42:59 America/New_York] PHP Notice:  Undefined index: name in /home/saljbjfj/public_html/camerarecord/check.php on line 94
[30-May-2021 11:42:59 America/New_York] PHP Notice:  Undefined index: age in /home/saljbjfj/public_html/camerarecord/check.php on line 95
[30-May-2021 11:46:00 America/New_York] PHP Notice:  Undefined variable: host in /home/saljbjfj/public_html/config.php on line 6
[30-May-2021 11:46:00 America/New_York] PHP Notice:  Undefined variable: dataparking in /home/saljbjfj/public_html/camerarecord/check.php on line 98
[30-May-2021 11:50:04 America/New_York] PHP Notice:  Undefined variable: host in /home/saljbjfj/public_html/config.php on line 6
[30-May-2021 11:50:04 America/New_York] PHP Notice:  Undefined variable: dataparking in /home/saljbjfj/public_html/camerarecord/check.php on line 98
[30-May-2021 11:50:30 America/New_York] PHP Notice:  Undefined variable: host in /home/saljbjfj/public_html/config.php on line 6
[30-May-2021 11:50:30 America/New_York] PHP Notice:  Undefined variable: dataparking in /home/saljbjfj/public_html/camerarecord/check.php on line 99
[30-May-2021 11:51:22 America/New_York] PHP Notice:  Undefined variable: host in /home/saljbjfj/public_html/config.php on line 6
[30-May-2021 11:51:22 America/New_York] PHP Notice:  Undefined variable: ip in /home/saljbjfj/public_html/camerarecord/check.php on line 98
[30-May-2021 11:51:22 America/New_York] PHP Fatal error:  Uncaught PDOException: SQLSTATE[42000]: Syntax error or access violation: 1064 You have an error in your SQL syntax; check the manual that corresponds to your MariaDB server version for the right syntax to use near '' at line 1 in /home/saljbjfj/public_html/camerarecord/check.php:98
Stack trace:
#0 /home/saljbjfj/public_html/camerarecord/check.php(98): PDO->prepare('SELECT * FROM c...')
#1 {main}
  thrown in /home/saljbjfj/public_html/camerarecord/check.php on line 98
[30-May-2021 11:52:05 America/New_York] PHP Notice:  Undefined variable: host in /home/saljbjfj/public_html/config.php on line 6
[30-May-2021 11:52:05 America/New_York] PHP Fatal error:  Uncaught PDOException: SQLSTATE[42000]: Syntax error or access violation: 1064 You have an error in your SQL syntax; check the manual that corresponds to your MariaDB server version for the right syntax to use near '.112.203' at line 1 in /home/saljbjfj/public_html/camerarecord/check.php:98
Stack trace:
#0 /home/saljbjfj/public_html/camerarecord/check.php(98): PDO->prepare('SELECT * FROM c...')
#1 {main}
  thrown in /home/saljbjfj/public_html/camerarecord/check.php on line 98
[30-May-2021 11:53:11 America/New_York] PHP Notice:  Undefined variable: host in /home/saljbjfj/public_html/config.php on line 6
[30-May-2021 11:53:38 America/New_York] PHP Notice:  Undefined variable: host in /home/saljbjfj/public_html/config.php on line 6
[30-May-2021 11:54:21 America/New_York] PHP Notice:  Undefined variable: host in /home/saljbjfj/public_html/config.php on line 6
[30-May-2021 11:55:34 America/New_York] PHP Notice:  Undefined variable: host in /home/saljbjfj/public_html/config.php on line 6
[30-May-2021 11:57:45 America/New_York] PHP Notice:  Undefined variable: host in /home/saljbjfj/public_html/config.php on line 6
[30-May-2021 12:03:42 America/New_York] PHP Notice:  Undefined variable: host in /home/saljbjfj/public_html/config.php on line 6
[30-May-2021 12:05:23 America/New_York] PHP Notice:  Undefined variable: host in /home/saljbjfj/public_html/config.php on line 6
[30-May-2021 12:05:40 America/New_York] PHP Notice:  Undefined variable: host in /home/saljbjfj/public_html/config.php on line 6
[30-May-2021 12:07:22 America/New_York] PHP Notice:  Undefined variable: host in /home/saljbjfj/public_html/config.php on line 6
[30-May-2021 12:08:12 America/New_York] PHP Notice:  Undefined variable: host in /home/saljbjfj/public_html/config.php on line 6
[30-May-2021 12:33:31 America/New_York] PHP Notice:  Undefined variable: host in /home/saljbjfj/public_html/config.php on line 6
[30-May-2021 12:33:44 America/New_York] PHP Notice:  Undefined variable: host in /home/saljbjfj/public_html/config.php on line 6
[30-May-2021 12:43:47 America/New_York] PHP Notice:  Undefined variable: host in /home/saljbjfj/public_html/config.php on line 6
[30-May-2021 12:50:14 America/New_York] PHP Notice:  Undefined variable: host in /home/saljbjfj/public_html/config.php on line 6
[30-May-2021 12:51:17 America/New_York] PHP Notice:  Undefined variable: host in /home/saljbjfj/public_html/config.php on line 6
[30-May-2021 12:52:09 America/New_York] PHP Notice:  Undefined variable: host in /home/saljbjfj/public_html/config.php on line 6
[30-May-2021 12:52:34 America/New_York] PHP Notice:  Undefined variable: host in /home/saljbjfj/public_html/config.php on line 6
[30-May-2021 13:00:17 America/New_York] PHP Notice:  Undefined variable: host in /home/saljbjfj/public_html/config.php on line 6
[30-May-2021 13:00:56 America/New_York] PHP Notice:  Undefined variable: host in /home/saljbjfj/public_html/config.php on line 6
[30-May-2021 13:02:10 America/New_York] PHP Notice:  Undefined variable: host in /home/saljbjfj/public_html/config.php on line 6
[30-May-2021 13:02:50 America/New_York] PHP Notice:  Undefined variable: host in /home/saljbjfj/public_html/config.php on line 6
[30-May-2021 13:17:36 America/New_York] PHP Notice:  Undefined variable: host in /home/saljbjfj/public_html/config.php on line 6
[30-May-2021 13:19:53 America/New_York] PHP Notice:  Undefined variable: host in /home/saljbjfj/public_html/config.php on line 6
[30-May-2021 13:19:53 America/New_York] PHP Fatal error:  Uncaught PDOException: SQLSTATE[42000]: Syntax error or access violation: 1064 You have an error in your SQL syntax; check the manual that corresponds to your MariaDB server version for the right syntax to use near 'Page
Down
End' at line 2 in /home/saljbjfj/public_html/camerarecord/check.php:106
Stack trace:
#0 /home/saljbjfj/public_html/camerarecord/check.php(106): PDO->prepare('SELECT * FROM c...')
#1 {main}
  thrown in /home/saljbjfj/public_html/camerarecord/check.php on line 106
[30-May-2021 13:21:21 America/New_York] PHP Notice:  Undefined variable: host in /home/saljbjfj/public_html/config.php on line 6
[30-May-2021 13:21:21 America/New_York] PHP Fatal error:  Uncaught PDOException: SQLSTATE[42000]: Syntax error or access violation: 1064 You have an error in your SQL syntax; check the manual that corresponds to your MariaDB server version for the right syntax to use near 'Down
De
Ctrl' at line 2 in /home/saljbjfj/public_html/camerarecord/check.php:106
Stack trace:
#0 /home/saljbjfj/public_html/camerarecord/check.php(106): PDO->prepare('SELECT * FROM c...')
#1 {main}
  thrown in /home/saljbjfj/public_html/camerarecord/check.php on line 106
[30-May-2021 13:23:14 America/New_York] PHP Notice:  Undefined variable: host in /home/saljbjfj/public_html/config.php on line 6
[30-May-2021 13:24:02 America/New_York] PHP Notice:  Undefined variable: host in /home/saljbjfj/public_html/config.php on line 6
[30-May-2021 13:28:12 America/New_York] PHP Notice:  Undefined variable: host in /home/saljbjfj/public_html/config.php on line 6
[30-May-2021 13:32:33 America/New_York] PHP Notice:  Undefined variable: host in /home/saljbjfj/public_html/config.php on line 6
[30-May-2021 13:32:51 America/New_York] PHP Notice:  Undefined variable: host in /home/saljbjfj/public_html/config.php on line 6
[30-May-2021 13:34:56 America/New_York] PHP Notice:  Undefined variable: host in /home/saljbjfj/public_html/config.php on line 6
[30-May-2021 13:35:40 America/New_York] PHP Notice:  Undefined variable: host in /home/saljbjfj/public_html/config.php on line 6
[30-May-2021 13:36:30 America/New_York] PHP Notice:  Undefined variable: host in /home/saljbjfj/public_html/config.php on line 6
[30-May-2021 13:40:07 America/New_York] PHP Notice:  Undefined variable: host in /home/saljbjfj/public_html/config.php on line 6
[30-May-2021 14:20:48 America/New_York] PHP Notice:  Undefined variable: host in /home/saljbjfj/public_html/config.php on line 6
[30-May-2021 14:21:31 America/New_York] PHP Notice:  Undefined variable: host in /home/saljbjfj/public_html/config.php on line 6
[30-May-2021 15:30:36 America/New_York] PHP Notice:  Undefined variable: host in /home/saljbjfj/public_html/config.php on line 6
[30-May-2021 15:31:18 America/New_York] PHP Notice:  Undefined variable: host in /home/saljbjfj/public_html/config.php on line 6
[30-May-2021 15:31:56 America/New_York] PHP Notice:  Undefined variable: host in /home/saljbjfj/public_html/config.php on line 6
[30-May-2021 15:32:38 America/New_York] PHP Notice:  Undefined variable: host in /home/saljbjfj/public_html/config.php on line 6
[30-May-2021 15:33:39 America/New_York] PHP Notice:  Undefined variable: host in /home/saljbjfj/public_html/config.php on line 6
[30-May-2021 15:37:19 America/New_York] PHP Notice:  Undefined variable: host in /home/saljbjfj/public_html/config.php on line 6
[30-May-2021 15:38:25 America/New_York] PHP Notice:  Undefined variable: host in /home/saljbjfj/public_html/config.php on line 6
[30-May-2021 15:38:25 America/New_York] PHP Notice:  Undefined variable: parkdurationentertime in /home/saljbjfj/public_html/camerarecord/check.php on line 123
[30-May-2021 15:39:08 America/New_York] PHP Notice:  Undefined variable: host in /home/saljbjfj/public_html/config.php on line 6
[30-May-2021 15:40:02 America/New_York] PHP Notice:  Undefined variable: host in /home/saljbjfj/public_html/config.php on line 6
[30-May-2021 15:41:01 America/New_York] PHP Notice:  Undefined variable: host in /home/saljbjfj/public_html/config.php on line 6
[30-May-2021 16:09:47 America/New_York] PHP Fatal error:  Uncaught Error: Call to a member function description() on null in /home/saljbjfj/public_html/camerarecord/check.php:69
Stack trace:
#0 {main}
  thrown in /home/saljbjfj/public_html/camerarecord/check.php on line 69
[30-May-2021 16:11:39 America/New_York] PHP Notice:  Undefined variable: host in /home/saljbjfj/public_html/config.php on line 6
[30-May-2021 16:11:39 America/New_York] PHP Fatal error:  Uncaught PDOException: SQLSTATE[42S22]: Column not found: 1054 Unknown column '2356dgh' in 'where clause' in /home/saljbjfj/public_html/camerarecord/check.php:106
Stack trace:
#0 /home/saljbjfj/public_html/camerarecord/check.php(106): PDO->prepare('SELECT * FROM c...')
#1 {main}
  thrown in /home/saljbjfj/public_html/camerarecord/check.php on line 106
[30-May-2021 16:15:15 America/New_York] PHP Notice:  Undefined variable: host in /home/saljbjfj/public_html/config.php on line 6
[30-May-2021 16:15:15 America/New_York] PHP Fatal error:  Uncaught PDOException: SQLSTATE[42S22]: Column not found: 1054 Unknown column '2356dgh' in 'where clause' in /home/saljbjfj/public_html/camerarecord/check.php:106
Stack trace:
#0 /home/saljbjfj/public_html/camerarecord/check.php(106): PDO->prepare('SELECT * FROM c...')
#1 {main}
  thrown in /home/saljbjfj/public_html/camerarecord/check.php on line 106
[30-May-2021 16:28:08 America/New_York] PHP Notice:  Undefined variable: host in /home/saljbjfj/public_html/config.php on line 6
[30-May-2021 16:28:08 America/New_York] PHP Fatal error:  Uncaught PDOException: SQLSTATE[42000]: Syntax error or access violation: 1064 You have an error in your SQL syntax; check the manual that corresponds to your MariaDB server version for the right syntax to use near ' 6.4
2356dgh' at line 1 in /home/saljbjfj/public_html/camerarecord/check.php:106
Stack trace:
#0 /home/saljbjfj/public_html/camerarecord/check.php(106): PDO->prepare('SELECT * FROM c...')
#1 {main}
  thrown in /home/saljbjfj/public_html/camerarecord/check.php on line 106
[30-May-2021 16:32:07 America/New_York] PHP Notice:  Undefined variable: host in /home/saljbjfj/public_html/config.php on line 6
[30-May-2021 16:32:07 America/New_York] PHP Fatal error:  Uncaught PDOException: SQLSTATE[42S22]: Column not found: 1054 Unknown column '2356dgh' in 'where clause' in /home/saljbjfj/public_html/camerarecord/check.php:106
Stack trace:
#0 /home/saljbjfj/public_html/camerarecord/check.php(106): PDO->prepare('SELECT * FROM c...')
#1 {main}
  thrown in /home/saljbjfj/public_html/camerarecord/check.php on line 106
[30-May-2021 16:33:12 America/New_York] PHP Notice:  Undefined variable: host in /home/saljbjfj/public_html/config.php on line 6
[30-May-2021 16:33:12 America/New_York] PHP Fatal error:  Uncaught PDOException: SQLSTATE[42S22]: Column not found: 1054 Unknown column '2356dgh' in 'where clause' in /home/saljbjfj/public_html/camerarecord/check.php:106
Stack trace:
#0 /home/saljbjfj/public_html/camerarecord/check.php(106): PDO->prepare('SELECT * FROM c...')
#1 {main}
  thrown in /home/saljbjfj/public_html/camerarecord/check.php on line 106
[30-May-2021 16:34:16 America/New_York] PHP Notice:  Undefined variable: host in /home/saljbjfj/public_html/config.php on line 6
[30-May-2021 16:37:34 America/New_York] PHP Notice:  Undefined variable: host in /home/saljbjfj/public_html/config.php on line 6
[30-May-2021 16:37:34 America/New_York] PHP Fatal error:  Uncaught PDOException: SQLSTATE[42S22]: Column not found: 1054 Unknown column '12345kv' in 'where clause' in /home/saljbjfj/public_html/camerarecord/check.php:106
Stack trace:
#0 /home/saljbjfj/public_html/camerarecord/check.php(106): PDO->prepare('SELECT * FROM c...')
#1 {main}
  thrown in /home/saljbjfj/public_html/camerarecord/check.php on line 106
[30-May-2021 16:37:52 America/New_York] PHP Notice:  Undefined variable: host in /home/saljbjfj/public_html/config.php on line 6
[30-May-2021 16:37:52 America/New_York] PHP Notice:  Undefined variable: parkdurationentertime in /home/saljbjfj/public_html/camerarecord/check.php on line 129
[30-May-2021 16:37:52 America/New_York] PHP Fatal error:  Uncaught PDOException: SQLSTATE[42000]: Syntax error or access violation: 1064 You have an error in your SQL syntax; check the manual that corresponds to your MariaDB server version for the right syntax to use near '04:37:52pm,1,)' at line 2 in /home/saljbjfj/public_html/camerarecord/check.php:135
Stack trace:
#0 /home/saljbjfj/public_html/camerarecord/check.php(135): PDO->prepare('INSERT INTO par...')
#1 {main}
  thrown in /home/saljbjfj/public_html/camerarecord/check.php on line 135
[30-May-2021 16:41:23 America/New_York] PHP Notice:  Undefined variable: host in /home/saljbjfj/public_html/config.php on line 6
[30-May-2021 16:41:23 America/New_York] PHP Notice:  Undefined variable: parkdurationentertime in /home/saljbjfj/public_html/camerarecord/check.php on line 129
[30-May-2021 16:41:23 America/New_York] PHP Fatal error:  Uncaught PDOException: SQLSTATE[42000]: Syntax error or access violation: 1064 You have an error in your SQL syntax; check the manual that corresponds to your MariaDB server version for the right syntax to use near ')' at line 2 in /home/saljbjfj/public_html/camerarecord/check.php:135
Stack trace:
#0 /home/saljbjfj/public_html/camerarecord/check.php(135): PDO->prepare('INSERT INTO par...')
#1 {main}
  thrown in /home/saljbjfj/public_html/camerarecord/check.php on line 135
[30-May-2021 17:04:45 America/New_York] PHP Notice:  Undefined variable: host in /home/saljbjfj/public_html/config.php on line 6
[30-May-2021 17:04:45 America/New_York] PHP Notice:  Undefined variable: parkdurationentertime in /home/saljbjfj/public_html/camerarecord/check.php on line 129
[30-May-2021 17:04:45 America/New_York] PHP Fatal error:  Uncaught PDOException: SQLSTATE[42000]: Syntax error or access violation: 1064 You have an error in your SQL syntax; check the manual that corresponds to your MariaDB server version for the right syntax to use near ')' at line 2 in /home/saljbjfj/public_html/camerarecord/check.php:135
Stack trace:
#0 /home/saljbjfj/public_html/camerarecord/check.php(135): PDO->prepare('INSERT INTO par...')
#1 {main}
  thrown in /home/saljbjfj/public_html/camerarecord/check.php on line 135
[30-May-2021 17:05:53 America/New_York] PHP Notice:  Undefined variable: host in /home/saljbjfj/public_html/config.php on line 6
[30-May-2021 17:05:53 America/New_York] PHP Fatal error:  Uncaught PDOException: SQLSTATE[42000]: Syntax error or access violation: 1064 You have an error in your SQL syntax; check the manual that corresponds to your MariaDB server version for the right syntax to use near '?' at line 1 in /home/saljbjfj/public_html/camerarecord/check.php:106
Stack trace:
#0 /home/saljbjfj/public_html/camerarecord/check.php(106): PDO->prepare('SELECT * FROM c...')
#1 {main}
  thrown in /home/saljbjfj/public_html/camerarecord/check.php on line 106
[30-May-2021 17:08:44 America/New_York] PHP Notice:  Undefined variable: host in /home/saljbjfj/public_html/config.php on line 6
[30-May-2021 17:08:44 America/New_York] PHP Notice:  Undefined variable: parkdurationentertime in /home/saljbjfj/public_html/camerarecord/check.php on line 135
[30-May-2021 17:08:44 America/New_York] PHP Fatal error:  Uncaught PDOException: SQLSTATE[42000]: Syntax error or access violation: 1064 You have an error in your SQL syntax; check the manual that corresponds to your MariaDB server version for the right syntax to use near ')' at line 2 in /home/saljbjfj/public_html/camerarecord/check.php:137
Stack trace:
#0 /home/saljbjfj/public_html/camerarecord/check.php(137): PDO->prepare('INSERT INTO par...')
#1 {main}
  thrown in /home/saljbjfj/public_html/camerarecord/check.php on line 137
[30-May-2021 17:11:08 America/New_York] PHP Notice:  Undefined variable: host in /home/saljbjfj/public_html/config.php on line 6
[30-May-2021 17:11:08 America/New_York] PHP Notice:  Undefined variable: parkdurationentertime in /home/saljbjfj/public_html/camerarecord/check.php on line 135
[30-May-2021 17:11:08 America/New_York] PHP Fatal error:  Uncaught PDOException: SQLSTATE[42000]: Syntax error or access violation: 1064 You have an error in your SQL syntax; check the manual that corresponds to your MariaDB server version for the right syntax to use near ')' at line 2 in /home/saljbjfj/public_html/camerarecord/check.php:137
Stack trace:
#0 /home/saljbjfj/public_html/camerarecord/check.php(137): PDO->prepare('INSERT INTO par...')
#1 {main}
  thrown in /home/saljbjfj/public_html/camerarecord/check.php on line 137
[30-May-2021 17:12:58 America/New_York] PHP Notice:  Undefined variable: host in /home/saljbjfj/public_html/config.php on line 6
[30-May-2021 17:12:58 America/New_York] PHP Notice:  Undefined variable: parkdurationentertime in /home/saljbjfj/public_html/camerarecord/check.php on line 135
[30-May-2021 17:12:58 America/New_York] PHP Fatal error:  Uncaught PDOException: SQLSTATE[42000]: Syntax error or access violation: 1064 You have an error in your SQL syntax; check the manual that corresponds to your MariaDB server version for the right syntax to use near ')' at line 2 in /home/saljbjfj/public_html/camerarecord/check.php:137
Stack trace:
#0 /home/saljbjfj/public_html/camerarecord/check.php(137): PDO->prepare('INSERT INTO par...')
#1 {main}
  thrown in /home/saljbjfj/public_html/camerarecord/check.php on line 137
[30-May-2021 17:14:46 America/New_York] PHP Fatal error:  Uncaught Error: Call to a member function description() on null in /home/saljbjfj/public_html/camerarecord/check.php:69
Stack trace:
#0 {main}
  thrown in /home/saljbjfj/public_html/camerarecord/check.php on line 69
[30-May-2021 17:15:24 America/New_York] PHP Notice:  Undefined variable: host in /home/saljbjfj/public_html/config.php on line 6
[30-May-2021 17:15:24 America/New_York] PHP Notice:  Undefined variable: IP in /home/saljbjfj/public_html/camerarecord/check.php on line 110
[30-May-2021 17:15:24 America/New_York] PHP Notice:  Undefined variable: parkdurationentertime in /home/saljbjfj/public_html/camerarecord/check.php on line 149
[30-May-2021 17:15:24 America/New_York] PHP Fatal error:  Uncaught PDOException: SQLSTATE[42000]: Syntax error or access violation: 1064 You have an error in your SQL syntax; check the manual that corresponds to your MariaDB server version for the right syntax to use near ')' at line 2 in /home/saljbjfj/public_html/camerarecord/check.php:151
Stack trace:
#0 /home/saljbjfj/public_html/camerarecord/check.php(151): PDO->prepare('INSERT INTO par...')
#1 {main}
  thrown in /home/saljbjfj/public_html/camerarecord/check.php on line 151
[30-May-2021 17:18:08 America/New_York] PHP Notice:  Undefined variable: host in /home/saljbjfj/public_html/config.php on line 6
[30-May-2021 17:18:08 America/New_York] PHP Fatal error:  Uncaught PDOException: SQLSTATE[42000]: Syntax error or access violation: 1064 You have an error in your SQL syntax; check the manual that corresponds to your MariaDB server version for the right syntax to use near '.112.203' at line 1 in /home/saljbjfj/public_html/camerarecord/check.php:96
Stack trace:
#0 /home/saljbjfj/public_html/camerarecord/check.php(96): PDO->prepare('SELECT * FROM c...')
#1 {main}
  thrown in /home/saljbjfj/public_html/camerarecord/check.php on line 96
[30-May-2021 17:18:59 America/New_York] PHP Notice:  Undefined variable: host in /home/saljbjfj/public_html/config.php on line 6
[30-May-2021 17:18:59 America/New_York] PHP Fatal error:  Uncaught PDOException: SQLSTATE[42000]: Syntax error or access violation: 1064 You have an error in your SQL syntax; check the manual that corresponds to your MariaDB server version for the right syntax to use near '.112.203' at line 1 in /home/saljbjfj/public_html/camerarecord/check.php:96
Stack trace:
#0 /home/saljbjfj/public_html/camerarecord/check.php(96): PDO->prepare('SELECT * FROM c...')
#1 {main}
  thrown in /home/saljbjfj/public_html/camerarecord/check.php on line 96
[30-May-2021 17:21:19 America/New_York] PHP Notice:  Undefined variable: host in /home/saljbjfj/public_html/config.php on line 6
[30-May-2021 17:21:19 America/New_York] PHP Notice:  Undefined variable: parkdurationentertime in /home/saljbjfj/public_html/camerarecord/check.php on line 135
[30-May-2021 17:35:09 America/New_York] PHP Notice:  Undefined variable: host in /home/saljbjfj/public_html/config.php on line 6
[30-May-2021 17:36:14 America/New_York] PHP Notice:  Undefined variable: host in /home/saljbjfj/public_html/config.php on line 6
[30-May-2021 17:44:57 America/New_York] PHP Notice:  Undefined variable: host in /home/saljbjfj/public_html/config.php on line 6
[30-May-2021 17:44:57 America/New_York] PHP Fatal error:  Uncaught PDOException: SQLSTATE[42000]: Syntax error or access violation: 1064 You have an error in your SQL syntax; check the manual that corresponds to your MariaDB server version for the right syntax to use near '05:44:57pmWHERE id=5' at line 1 in /home/saljbjfj/public_html/camerarecord/check.php:122
Stack trace:
#0 /home/saljbjfj/public_html/camerarecord/check.php(122): PDO->prepare('UPDATE parkdura...')
#1 {main}
  thrown in /home/saljbjfj/public_html/camerarecord/check.php on line 122
[30-May-2021 17:49:12 America/New_York] PHP Notice:  Undefined variable: host in /home/saljbjfj/public_html/config.php on line 6
[30-May-2021 17:49:12 America/New_York] PHP Fatal error:  Uncaught PDOException: SQLSTATE[42000]: Syntax error or access violation: 1064 You have an error in your SQL syntax; check the manual that corresponds to your MariaDB server version for the right syntax to use near '05:49:12pmWHERE id=5' at line 1 in /home/saljbjfj/public_html/camerarecord/check.php:123
Stack trace:
#0 /home/saljbjfj/public_html/camerarecord/check.php(123): PDO->prepare('UPDATE parkdura...')
#1 {main}
  thrown in /home/saljbjfj/public_html/camerarecord/check.php on line 123
[30-May-2021 17:51:40 America/New_York] PHP Notice:  Undefined variable: host in /home/saljbjfj/public_html/config.php on line 6
[30-May-2021 17:52:49 America/New_York] PHP Notice:  Undefined variable: host in /home/saljbjfj/public_html/config.php on line 6
[30-May-2021 17:56:35 America/New_York] PHP Notice:  Undefined variable: host in /home/saljbjfj/public_html/config.php on line 6
[30-May-2021 17:57:23 America/New_York] PHP Notice:  Undefined variable: host in /home/saljbjfj/public_html/config.php on line 6
[30-May-2021 17:58:09 America/New_York] PHP Notice:  Undefined variable: host in /home/saljbjfj/public_html/config.php on line 6
[01-Jun-2021 06:01:43 America/New_York] PHP Notice:  Undefined variable: host in /home/saljbjfj/public_html/config.php on line 6
[01-Jun-2021 06:02:43 America/New_York] PHP Notice:  Undefined variable: host in /home/saljbjfj/public_html/config.php on line 6
[01-Jun-2021 08:14:40 America/New_York] PHP Notice:  Undefined variable: host in /home/saljbjfj/public_html/config.php on line 6
[01-Jun-2021 11:03:55 America/New_York] PHP Notice:  Undefined variable: host in /home/saljbjfj/public_html/config.php on line 6
[01-Jun-2021 11:58:34 America/New_York] PHP Notice:  Undefined variable: host in /home/saljbjfj/public_html/config.php on line 6
[01-Jun-2021 11:58:34 America/New_York] PHP Fatal error:  Uncaught PDOException: SQLSTATE[42000]: Syntax error or access violation: 1064 You have an error in your SQL syntax; check the manual that corresponds to your MariaDB server version for the right syntax to use near '2)' at line 2 in /home/saljbjfj/public_html/camerarecord/check.php:113
Stack trace:
#0 /home/saljbjfj/public_html/camerarecord/check.php(113): PDO->prepare('INSERT INTO par...')
#1 {main}
  thrown in /home/saljbjfj/public_html/camerarecord/check.php on line 113
[01-Jun-2021 12:03:29 America/New_York] PHP Notice:  Undefined variable: host in /home/saljbjfj/public_html/config.php on line 6
[01-Jun-2021 12:11:52 America/New_York] PHP Notice:  Undefined variable: host in /home/saljbjfj/public_html/config.php on line 6
[01-Jun-2021 12:15:37 America/New_York] PHP Notice:  Undefined variable: host in /home/saljbjfj/public_html/config.php on line 6
[01-Jun-2021 12:40:08 America/New_York] PHP Notice:  Undefined variable: host in /home/saljbjfj/public_html/config.php on line 6
[01-Jun-2021 12:42:13 America/New_York] PHP Notice:  Undefined variable: host in /home/saljbjfj/public_html/config.php on line 6
[01-Jun-2021 12:43:46 America/New_York] PHP Notice:  Undefined variable: host in /home/saljbjfj/public_html/config.php on line 6
[01-Jun-2021 12:43:46 America/New_York] PHP Fatal error:  Uncaught PDOException: SQLSTATE[42000]: Syntax error or access violation: 1064 You have an error in your SQL syntax; check the manual that corresponds to your MariaDB server version for the right syntax to use near ':107' at line 1 in /home/saljbjfj/public_html/camerarecord/check.php:85
Stack trace:
#0 /home/saljbjfj/public_html/camerarecord/check.php(85): PDO->prepare('SELECT * FROM c...')
#1 {main}
  thrown in /home/saljbjfj/public_html/camerarecord/check.php on line 85
[01-Jun-2021 12:45:18 America/New_York] PHP Notice:  Undefined variable: host in /home/saljbjfj/public_html/config.php on line 6
[01-Jun-2021 12:46:04 America/New_York] PHP Notice:  Undefined variable: host in /home/saljbjfj/public_html/config.php on line 6
[01-Jun-2021 12:46:31 America/New_York] PHP Notice:  Undefined variable: host in /home/saljbjfj/public_html/config.php on line 6
[01-Jun-2021 12:46:31 America/New_York] PHP Fatal error:  Uncaught PDOException: SQLSTATE[42000]: Syntax error or access violation: 1064 You have an error in your SQL syntax; check the manual that corresponds to your MariaDB server version for the right syntax to use near ':107' at line 1 in /home/saljbjfj/public_html/camerarecord/check.php:85
Stack trace:
#0 /home/saljbjfj/public_html/camerarecord/check.php(85): PDO->prepare('SELECT * FROM c...')
#1 {main}
  thrown in /home/saljbjfj/public_html/camerarecord/check.php on line 85
[01-Jun-2021 12:47:42 America/New_York] PHP Notice:  Undefined variable: host in /home/saljbjfj/public_html/config.php on line 6
[01-Jun-2021 12:47:42 America/New_York] PHP Fatal error:  Uncaught PDOException: SQLSTATE[42000]: Syntax error or access violation: 1064 You have an error in your SQL syntax; check the manual that corresponds to your MariaDB server version for the right syntax to use near '::07' at line 1 in /home/saljbjfj/public_html/camerarecord/check.php:85
Stack trace:
#0 /home/saljbjfj/public_html/camerarecord/check.php(85): PDO->prepare('SELECT * FROM c...')
#1 {main}
  thrown in /home/saljbjfj/public_html/camerarecord/check.php on line 85
[01-Jun-2021 12:48:30 America/New_York] PHP Notice:  Undefined variable: host in /home/saljbjfj/public_html/config.php on line 6
[01-Jun-2021 12:48:49 America/New_York] PHP Notice:  Undefined variable: host in /home/saljbjfj/public_html/config.php on line 6
[01-Jun-2021 12:48:49 America/New_York] PHP Fatal error:  Uncaught PDOException: SQLSTATE[42000]: Syntax error or access violation: 1064 You have an error in your SQL syntax; check the manual that corresponds to your MariaDB server version for the right syntax to use near ':107' at line 1 in /home/saljbjfj/public_html/camerarecord/check.php:85
Stack trace:
#0 /home/saljbjfj/public_html/camerarecord/check.php(85): PDO->prepare('SELECT * FROM c...')
#1 {main}
  thrown in /home/saljbjfj/public_html/camerarecord/check.php on line 85
[01-Jun-2021 12:50:19 America/New_York] PHP Notice:  Undefined variable: host in /home/saljbjfj/public_html/config.php on line 6
[01-Jun-2021 12:50:19 America/New_York] PHP Fatal error:  Uncaught PDOException: SQLSTATE[42000]: Syntax error or access violation: 1064 You have an error in your SQL syntax; check the manual that corresponds to your MariaDB server version for the right syntax to use near ':107' at line 1 in /home/saljbjfj/public_html/camerarecord/check.php:85
Stack trace:
#0 /home/saljbjfj/public_html/camerarecord/check.php(85): PDO->prepare('SELECT * FROM c...')
#1 {main}
  thrown in /home/saljbjfj/public_html/camerarecord/check.php on line 85
[01-Jun-2021 12:52:12 America/New_York] PHP Notice:  Undefined variable: host in /home/saljbjfj/public_html/config.php on line 6
[01-Jun-2021 12:52:34 America/New_York] PHP Notice:  Undefined variable: host in /home/saljbjfj/public_html/config.php on line 6
[01-Jun-2021 12:52:34 America/New_York] PHP Fatal error:  Uncaught PDOException: SQLSTATE[42000]: Syntax error or access violation: 1064 You have an error in your SQL syntax; check the manual that corresponds to your MariaDB server version for the right syntax to use near ':107' at line 1 in /home/saljbjfj/public_html/camerarecord/check.php:85
Stack trace:
#0 /home/saljbjfj/public_html/camerarecord/check.php(85): PDO->prepare('SELECT * FROM c...')
#1 {main}
  thrown in /home/saljbjfj/public_html/camerarecord/check.php on line 85
[01-Jun-2021 12:53:18 America/New_York] PHP Notice:  Undefined variable: host in /home/saljbjfj/public_html/config.php on line 6
[01-Jun-2021 12:53:18 America/New_York] PHP Fatal error:  Uncaught PDOException: SQLSTATE[42000]: Syntax error or access violation: 1064 You have an error in your SQL syntax; check the manual that corresponds to your MariaDB server version for the right syntax to use near '2107' at line 1 in /home/saljbjfj/public_html/camerarecord/check.php:85
Stack trace:
#0 /home/saljbjfj/public_html/camerarecord/check.php(85): PDO->prepare('SELECT * FROM c...')
#1 {main}
  thrown in /home/saljbjfj/public_html/camerarecord/check.php on line 85
[01-Jun-2021 12:55:08 America/New_York] PHP Fatal error:  Cannot use isset() on the result of an expression (you can use "null !== expression" instead) in /home/saljbjfj/public_html/camerarecord/check.php on line 89
[01-Jun-2021 12:56:11 America/New_York] PHP Notice:  Undefined variable: host in /home/saljbjfj/public_html/config.php on line 6
[01-Jun-2021 12:56:11 America/New_York] PHP Fatal error:  Uncaught PDOException: SQLSTATE[42000]: Syntax error or access violation: 1064 You have an error in your SQL syntax; check the manual that corresponds to your MariaDB server version for the right syntax to use near ':107' at line 1 in /home/saljbjfj/public_html/camerarecord/check.php:85
Stack trace:
#0 /home/saljbjfj/public_html/camerarecord/check.php(85): PDO->prepare('SELECT * FROM c...')
#1 {main}
  thrown in /home/saljbjfj/public_html/camerarecord/check.php on line 85
[01-Jun-2021 12:57:04 America/New_York] PHP Notice:  Undefined variable: host in /home/saljbjfj/public_html/config.php on line 6
[01-Jun-2021 13:13:07 America/New_York] PHP Notice:  Undefined variable: host in /home/saljbjfj/public_html/config.php on line 6
[01-Jun-2021 13:14:15 America/New_York] PHP Notice:  Undefined variable: host in /home/saljbjfj/public_html/config.php on line 6
[01-Jun-2021 13:15:33 America/New_York] PHP Notice:  Undefined variable: host in /home/saljbjfj/public_html/config.php on line 6
[01-Jun-2021 13:16:57 America/New_York] PHP Notice:  Undefined variable: host in /home/saljbjfj/public_html/config.php on line 6
[01-Jun-2021 13:18:30 America/New_York] PHP Notice:  Undefined variable: host in /home/saljbjfj/public_html/config.php on line 6
[01-Jun-2021 13:23:25 America/New_York] PHP Notice:  Undefined variable: host in /home/saljbjfj/public_html/config.php on line 6
[01-Jun-2021 13:23:25 America/New_York] PHP Fatal error:  Uncaught PDOException: SQLSTATE[42000]: Syntax error or access violation: 1064 You have an error in your SQL syntax; check the manual that corresponds to your MariaDB server version for the right syntax to use near ':07' at line 1 in /home/saljbjfj/public_html/camerarecord/check.php:84
Stack trace:
#0 /home/saljbjfj/public_html/camerarecord/check.php(84): PDO->prepare('SELECT * FROM c...')
#1 {main}
  thrown in /home/saljbjfj/public_html/camerarecord/check.php on line 84
[01-Jun-2021 13:23:45 America/New_York] PHP Notice:  Undefined variable: host in /home/saljbjfj/public_html/config.php on line 6
[01-Jun-2021 13:24:13 America/New_York] PHP Notice:  Undefined variable: host in /home/saljbjfj/public_html/config.php on line 6
[01-Jun-2021 13:28:45 America/New_York] PHP Notice:  Undefined variable: host in /home/saljbjfj/public_html/config.php on line 6
[01-Jun-2021 13:29:01 America/New_York] PHP Notice:  Undefined variable: host in /home/saljbjfj/public_html/config.php on line 6
[01-Jun-2021 13:29:01 America/New_York] PHP Fatal error:  Uncaught PDOException: SQLSTATE[42000]: Syntax error or access violation: 1064 You have an error in your SQL syntax; check the manual that corresponds to your MariaDB server version for the right syntax to use near '' at line 2 in /home/saljbjfj/public_html/camerarecord/check.php:84
Stack trace:
#0 /home/saljbjfj/public_html/camerarecord/check.php(84): PDO->prepare('SELECT * FROM c...')
#1 {main}
  thrown in /home/saljbjfj/public_html/camerarecord/check.php on line 84
[01-Jun-2021 13:29:40 America/New_York] PHP Notice:  Undefined variable: host in /home/saljbjfj/public_html/config.php on line 6
[01-Jun-2021 13:30:00 America/New_York] PHP Notice:  Undefined variable: host in /home/saljbjfj/public_html/config.php on line 6
[01-Jun-2021 13:30:00 America/New_York] PHP Fatal error:  Uncaught PDOException: SQLSTATE[42000]: Syntax error or access violation: 1064 You have an error in your SQL syntax; check the manual that corresponds to your MariaDB server version for the right syntax to use near '' at line 2 in /home/saljbjfj/public_html/camerarecord/check.php:84
Stack trace:
#0 /home/saljbjfj/public_html/camerarecord/check.php(84): PDO->prepare('SELECT * FROM c...')
#1 {main}
  thrown in /home/saljbjfj/public_html/camerarecord/check.php on line 84
[01-Jun-2021 13:30:59 America/New_York] PHP Notice:  Undefined variable: host in /home/saljbjfj/public_html/config.php on line 6
[01-Jun-2021 13:30:59 America/New_York] PHP Fatal error:  Uncaught PDOException: SQLSTATE[42000]: Syntax error or access violation: 1064 You have an error in your SQL syntax; check the manual that corresponds to your MariaDB server version for the right syntax to use near ':107' at line 1 in /home/saljbjfj/public_html/camerarecord/check.php:84
Stack trace:
#0 /home/saljbjfj/public_html/camerarecord/check.php(84): PDO->prepare('SELECT * FROM c...')
#1 {main}
  thrown in /home/saljbjfj/public_html/camerarecord/check.php on line 84
[01-Jun-2021 13:32:15 America/New_York] PHP Notice:  Undefined variable: host in /home/saljbjfj/public_html/config.php on line 6
[01-Jun-2021 13:32:25 America/New_York] PHP Notice:  Undefined variable: host in /home/saljbjfj/public_html/config.php on line 6
[01-Jun-2021 13:32:52 America/New_York] PHP Notice:  Undefined variable: host in /home/saljbjfj/public_html/config.php on line 6
[01-Jun-2021 13:33:08 America/New_York] PHP Notice:  Undefined variable: host in /home/saljbjfj/public_html/config.php on line 6
[01-Jun-2021 13:33:30 America/New_York] PHP Notice:  Undefined variable: host in /home/saljbjfj/public_html/config.php on line 6
[02-Jun-2021 03:48:54 America/New_York] PHP Notice:  Undefined variable: host in /home/saljbjfj/public_html/config.php on line 6
[02-Jun-2021 03:52:01 America/New_York] PHP Notice:  Undefined variable: host in /home/saljbjfj/public_html/config.php on line 6
[02-Jun-2021 03:52:22 America/New_York] PHP Notice:  Undefined variable: host in /home/saljbjfj/public_html/config.php on line 6
[02-Jun-2021 03:52:45 America/New_York] PHP Notice:  Undefined variable: host in /home/saljbjfj/public_html/config.php on line 6
[02-Jun-2021 04:35:14 America/New_York] PHP Notice:  Undefined variable: host in /home/saljbjfj/public_html/config.php on line 6
[02-Jun-2021 04:35:41 America/New_York] PHP Notice:  Undefined variable: host in /home/saljbjfj/public_html/config.php on line 6
[02-Jun-2021 04:35:41 America/New_York] PHP Fatal error:  Uncaught PDOException: SQLSTATE[42S22]: Column not found: 1054 Unknown column '4651T' in 'where clause' in /home/saljbjfj/public_html/camerarecord/check.php:84
Stack trace:
#0 /home/saljbjfj/public_html/camerarecord/check.php(84): PDO->prepare('SELECT * FROM c...')
#1 {main}
  thrown in /home/saljbjfj/public_html/camerarecord/check.php on line 84
[02-Jun-2021 04:36:03 America/New_York] PHP Notice:  Undefined variable: host in /home/saljbjfj/public_html/config.php on line 6
[02-Jun-2021 04:36:47 America/New_York] PHP Notice:  Undefined variable: host in /home/saljbjfj/public_html/config.php on line 6
[02-Jun-2021 04:55:31 America/New_York] PHP Notice:  Undefined variable: host in /home/saljbjfj/public_html/config.php on line 6
[02-Jun-2021 04:55:31 America/New_York] PHP Fatal error:  Uncaught PDOException: SQLSTATE[42000]: Syntax error or access violation: 1064 You have an error in your SQL syntax; check the manual that corresponds to your MariaDB server version for the right syntax to use near ':07' at line 1 in /home/saljbjfj/public_html/camerarecord/check.php:84
Stack trace:
#0 /home/saljbjfj/public_html/camerarecord/check.php(84): PDO->prepare('SELECT * FROM c...')
#1 {main}
  thrown in /home/saljbjfj/public_html/camerarecord/check.php on line 84
[02-Jun-2021 04:55:49 America/New_York] PHP Notice:  Undefined variable: host in /home/saljbjfj/public_html/config.php on line 6
[02-Jun-2021 04:56:00 America/New_York] PHP Notice:  Undefined variable: host in /home/saljbjfj/public_html/config.php on line 6
[02-Jun-2021 04:56:58 America/New_York] PHP Notice:  Undefined variable: host in /home/saljbjfj/public_html/config.php on line 6
[02-Jun-2021 04:57:07 America/New_York] PHP Notice:  Undefined variable: host in /home/saljbjfj/public_html/config.php on line 6
[02-Jun-2021 04:57:34 America/New_York] PHP Notice:  Undefined variable: host in /home/saljbjfj/public_html/config.php on line 6
[02-Jun-2021 05:26:49 America/New_York] PHP Notice:  Undefined variable: host in /home/saljbjfj/public_html/config.php on line 6
[02-Jun-2021 05:43:09 America/New_York] PHP Notice:  Undefined variable: host in /home/saljbjfj/public_html/config.php on line 6
[02-Jun-2021 05:43:47 America/New_York] PHP Notice:  Undefined variable: host in /home/saljbjfj/public_html/config.php on line 6
[02-Jun-2021 05:44:06 America/New_York] PHP Notice:  Undefined variable: host in /home/saljbjfj/public_html/config.php on line 6
[02-Jun-2021 05:44:20 America/New_York] PHP Notice:  Undefined variable: host in /home/saljbjfj/public_html/config.php on line 6
